[1.056s] Invoking command in '/home/edipo/ros2_tfm/src/teleop': PYTHONPATH=/home/edipo/ros2_tfm/build/teleop/prefix_override:/home/edipo/ros2_tfm/install/teleop/lib/python3.10/site-packages:${PYTHONPATH} /usr/bin/python3 setup.py egg_info --egg-base ../../build/teleop build --build-base /home/edipo/ros2_tfm/build/teleop/build install --record /home/edipo/ros2_tfm/build/teleop/install.log --single-version-externally-managed
[1.259s] running egg_info
[1.260s] creating ../../build/teleop/teleop.egg-info
[1.260s] writing ../../build/teleop/teleop.egg-info/PKG-INFO
[1.260s] writing dependency_links to ../../build/teleop/teleop.egg-info/dependency_links.txt
[1.261s] writing entry points to ../../build/teleop/teleop.egg-info/entry_points.txt
[1.261s] writing requirements to ../../build/teleop/teleop.egg-info/requires.txt
[1.261s] writing top-level names to ../../build/teleop/teleop.egg-info/top_level.txt
[1.261s] writing manifest file '../../build/teleop/teleop.egg-info/SOURCES.txt'
[1.262s] reading manifest file '../../build/teleop/teleop.egg-info/SOURCES.txt'
[1.262s] writing manifest file '../../build/teleop/teleop.egg-info/SOURCES.txt'
[1.263s] running build
[1.263s] running build_py
[1.263s] creating /home/edipo/ros2_tfm/build/teleop/build
[1.263s] creating /home/edipo/ros2_tfm/build/teleop/build/lib
[1.263s] creating /home/edipo/ros2_tfm/build/teleop/build/lib/teleop_publisher
[1.263s] copying teleop_publisher/teleop_Arm_publisher.py -> /home/edipo/ros2_tfm/build/teleop/build/lib/teleop_publisher
[1.264s] copying teleop_publisher/__init__.py -> /home/edipo/ros2_tfm/build/teleop/build/lib/teleop_publisher
[1.264s] creating /home/edipo/ros2_tfm/build/teleop/build/lib/teleop_publisher_gui
[1.264s] copying teleop_publisher_gui/teleop_Arm_GUI.py -> /home/edipo/ros2_tfm/build/teleop/build/lib/teleop_publisher_gui
[1.265s] copying teleop_publisher_gui/__init__.py -> /home/edipo/ros2_tfm/build/teleop/build/lib/teleop_publisher_gui
[1.265s] creating /home/edipo/ros2_tfm/build/teleop/build/lib/teleop
[1.265s] copying teleop/teleop_Arm.py -> /home/edipo/ros2_tfm/build/teleop/build/lib/teleop
[1.265s] copying teleop/__init__.py -> /home/edipo/ros2_tfm/build/teleop/build/lib/teleop
[1.266s] running install
[1.266s] running install_lib
[1.266s] creating /home/edipo/ros2_tfm/install/teleop/lib/python3.10/site-packages/teleop_publisher
[1.267s] copying /home/edipo/ros2_tfm/build/teleop/build/lib/teleop_publisher/teleop_Arm_publisher.py -> /home/edipo/ros2_tfm/install/teleop/lib/python3.10/site-packages/teleop_publisher
[1.267s] copying /home/edipo/ros2_tfm/build/teleop/build/lib/teleop_publisher/__init__.py -> /home/edipo/ros2_tfm/install/teleop/lib/python3.10/site-packages/teleop_publisher
[1.267s] creating /home/edipo/ros2_tfm/install/teleop/lib/python3.10/site-packages/teleop_publisher_gui
[1.267s] copying /home/edipo/ros2_tfm/build/teleop/build/lib/teleop_publisher_gui/teleop_Arm_GUI.py -> /home/edipo/ros2_tfm/install/teleop/lib/python3.10/site-packages/teleop_publisher_gui
[1.267s] copying /home/edipo/ros2_tfm/build/teleop/build/lib/teleop_publisher_gui/__init__.py -> /home/edipo/ros2_tfm/install/teleop/lib/python3.10/site-packages/teleop_publisher_gui
[1.267s] creating /home/edipo/ros2_tfm/install/teleop/lib/python3.10/site-packages/teleop
[1.267s] copying /home/edipo/ros2_tfm/build/teleop/build/lib/teleop/teleop_Arm.py -> /home/edipo/ros2_tfm/install/teleop/lib/python3.10/site-packages/teleop
[1.268s] copying /home/edipo/ros2_tfm/build/teleop/build/lib/teleop/__init__.py -> /home/edipo/ros2_tfm/install/teleop/lib/python3.10/site-packages/teleop
[1.268s] byte-compiling /home/edipo/ros2_tfm/install/teleop/lib/python3.10/site-packages/teleop_publisher/teleop_Arm_publisher.py to teleop_Arm_publisher.cpython-310.pyc
[1.269s] byte-compiling /home/edipo/ros2_tfm/install/teleop/lib/python3.10/site-packages/teleop_publisher/__init__.py to __init__.cpython-310.pyc
[1.269s] byte-compiling /home/edipo/ros2_tfm/install/teleop/lib/python3.10/site-packages/teleop_publisher_gui/teleop_Arm_GUI.py to teleop_Arm_GUI.cpython-310.pyc
[1.270s] byte-compiling /home/edipo/ros2_tfm/install/teleop/lib/python3.10/site-packages/teleop_publisher_gui/__init__.py to __init__.cpython-310.pyc
[1.270s] byte-compiling /home/edipo/ros2_tfm/install/teleop/lib/python3.10/site-packages/teleop/teleop_Arm.py to teleop_Arm.cpython-310.pyc
[1.270s] byte-compiling /home/edipo/ros2_tfm/install/teleop/lib/python3.10/site-packages/teleop/__init__.py to __init__.cpython-310.pyc
[1.270s] running install_data
[1.270s] creating /home/edipo/ros2_tfm/install/teleop/share/ament_index
[1.270s] creating /home/edipo/ros2_tfm/install/teleop/share/ament_index/resource_index
[1.271s] creating /home/edipo/ros2_tfm/install/teleop/share/ament_index/resource_index/packages
[1.271s] copying resource/teleop -> /home/edipo/ros2_tfm/install/teleop/share/ament_index/resource_index/packages
[1.271s] copying package.xml -> /home/edipo/ros2_tfm/install/teleop/share/teleop
[1.271s] running install_egg_info
[1.272s] Copying ../../build/teleop/teleop.egg-info to /home/edipo/ros2_tfm/install/teleop/lib/python3.10/site-packages/teleop-0.0.0-py3.10.egg-info
[1.272s] running install_scripts
[1.289s] Installing teleop_Arm script to /home/edipo/ros2_tfm/install/teleop/lib/teleop
[1.289s] Installing teleop_Arm_GUI script to /home/edipo/ros2_tfm/install/teleop/lib/teleop
[1.289s] Installing teleop_Arm_publisher script to /home/edipo/ros2_tfm/install/teleop/lib/teleop
[1.290s] writing list of installed files to '/home/edipo/ros2_tfm/build/teleop/install.log'
[1.317s] Invoked command in '/home/edipo/ros2_tfm/src/teleop' returned '0': PYTHONPATH=/home/edipo/ros2_tfm/build/teleop/prefix_override:/home/edipo/ros2_tfm/install/teleop/lib/python3.10/site-packages:${PYTHONPATH} /usr/bin/python3 setup.py egg_info --egg-base ../../build/teleop build --build-base /home/edipo/ros2_tfm/build/teleop/build install --record /home/edipo/ros2_tfm/build/teleop/install.log --single-version-externally-managed
