/home/edipo/ros2_tfm/install/teleop/lib/python3.10/site-packages/teleop_publisher/teleop_Arm_publisher.py
/home/edipo/ros2_tfm/install/teleop/lib/python3.10/site-packages/teleop_publisher/__init__.py
/home/edipo/ros2_tfm/install/teleop/lib/python3.10/site-packages/teleop_publisher_gui/teleop_Arm_GUI.py
/home/edipo/ros2_tfm/install/teleop/lib/python3.10/site-packages/teleop_publisher_gui/__init__.py
/home/edipo/ros2_tfm/install/teleop/lib/python3.10/site-packages/teleop/teleop_Arm.py
/home/edipo/ros2_tfm/install/teleop/lib/python3.10/site-packages/teleop/__init__.py
/home/edipo/ros2_tfm/install/teleop/lib/python3.10/site-packages/teleop_publisher/__pycache__/teleop_Arm_publisher.cpython-310.pyc
/home/edipo/ros2_tfm/install/teleop/lib/python3.10/site-packages/teleop_publisher/__pycache__/__init__.cpython-310.pyc
/home/edipo/ros2_tfm/install/teleop/lib/python3.10/site-packages/teleop_publisher_gui/__pycache__/teleop_Arm_GUI.cpython-310.pyc
/home/edipo/ros2_tfm/install/teleop/lib/python3.10/site-packages/teleop_publisher_gui/__pycache__/__init__.cpython-310.pyc
/home/edipo/ros2_tfm/install/teleop/lib/python3.10/site-packages/teleop/__pycache__/teleop_Arm.cpython-310.pyc
/home/edipo/ros2_tfm/install/teleop/lib/python3.10/site-packages/teleop/__pycache__/__init__.cpython-310.pyc
/home/edipo/ros2_tfm/install/teleop/share/ament_index/resource_index/packages/teleop
/home/edipo/ros2_tfm/install/teleop/share/teleop/package.xml
/home/edipo/ros2_tfm/install/teleop/lib/python3.10/site-packages/teleop-0.0.0-py3.10.egg-info/zip-safe
/home/edipo/ros2_tfm/install/teleop/lib/python3.10/site-packages/teleop-0.0.0-py3.10.egg-info/top_level.txt
/home/edipo/ros2_tfm/install/teleop/lib/python3.10/site-packages/teleop-0.0.0-py3.10.egg-info/SOURCES.txt
/home/edipo/ros2_tfm/install/teleop/lib/python3.10/site-packages/teleop-0.0.0-py3.10.egg-info/requires.txt
/home/edipo/ros2_tfm/install/teleop/lib/python3.10/site-packages/teleop-0.0.0-py3.10.egg-info/PKG-INFO
/home/edipo/ros2_tfm/install/teleop/lib/python3.10/site-packages/teleop-0.0.0-py3.10.egg-info/entry_points.txt
/home/edipo/ros2_tfm/install/teleop/lib/python3.10/site-packages/teleop-0.0.0-py3.10.egg-info/dependency_links.txt
/home/edipo/ros2_tfm/install/teleop/lib/teleop/teleop_Arm
/home/edipo/ros2_tfm/install/teleop/lib/teleop/teleop_Arm_GUI
/home/edipo/ros2_tfm/install/teleop/lib/teleop/teleop_Arm_publisher
