/home/edipo/ros2_tfm/install/ARM_GO2_final_URDF_description/lib/python3.10/site-packages/ARM_GO2_final_URDF_description/__init__.py
/home/edipo/ros2_tfm/install/ARM_GO2_final_URDF_description/lib/python3.10/site-packages/ARM_GO2_final_URDF_description/__pycache__/__init__.cpython-310.pyc
/home/edipo/ros2_tfm/install/ARM_GO2_final_URDF_description/share/ament_index/resource_index/packages/ARM_GO2_final_URDF_description
/home/edipo/ros2_tfm/install/ARM_GO2_final_URDF_description/share/ARM_GO2_final_URDF_description/package.xml
/home/edipo/ros2_tfm/install/ARM_GO2_final_URDF_description/share/ARM_GO2_final_URDF_description/launch/gazebo.launch.py
/home/edipo/ros2_tfm/install/ARM_GO2_final_URDF_description/share/ARM_GO2_final_URDF_description/launch/display.launch.py
/home/edipo/ros2_tfm/install/ARM_GO2_final_URDF_description/share/ARM_GO2_final_URDF_description/urdf/ARM_GO2_final_URDF.trans
/home/edipo/ros2_tfm/install/ARM_GO2_final_URDF_description/share/ARM_GO2_final_URDF_description/urdf/ARM_GO2_final_URDF.xacro
/home/edipo/ros2_tfm/install/ARM_GO2_final_URDF_description/share/ARM_GO2_final_URDF_description/urdf/materials.xacro
/home/edipo/ros2_tfm/install/ARM_GO2_final_URDF_description/share/ARM_GO2_final_URDF_description/urdf/ARM_GO2_final_URDF.gazebo
/home/edipo/ros2_tfm/install/ARM_GO2_final_URDF_description/share/ARM_GO2_final_URDF_description/meshes/Soporte_C_v4_3.stl
/home/edipo/ros2_tfm/install/ARM_GO2_final_URDF_description/share/ARM_GO2_final_URDF_description/meshes/Support_large_v7_v3_4.stl
/home/edipo/ros2_tfm/install/ARM_GO2_final_URDF_description/share/ARM_GO2_final_URDF_description/meshes/Wheel_v5_v4_8.stl
/home/edipo/ros2_tfm/install/ARM_GO2_final_URDF_description/share/ARM_GO2_final_URDF_description/meshes/Support_large_v2_2.stl
/home/edipo/ros2_tfm/install/ARM_GO2_final_URDF_description/share/ARM_GO2_final_URDF_description/meshes/Support_large_v2_1.stl
/home/edipo/ros2_tfm/install/ARM_GO2_final_URDF_description/share/ARM_GO2_final_URDF_description/meshes/Pieza4_modification_support_straight_v8_1.stl
/home/edipo/ros2_tfm/install/ARM_GO2_final_URDF_description/share/ARM_GO2_final_URDF_description/meshes/Soporte_C_v4_1.stl
/home/edipo/ros2_tfm/install/ARM_GO2_final_URDF_description/share/ARM_GO2_final_URDF_description/meshes/Wheel_v5_v4_7.stl
/home/edipo/ros2_tfm/install/ARM_GO2_final_URDF_description/share/ARM_GO2_final_URDF_description/meshes/arm_200_v3_3.stl
/home/edipo/ros2_tfm/install/ARM_GO2_final_URDF_description/share/ARM_GO2_final_URDF_description/meshes/Wheel_v5_v4_4.stl
/home/edipo/ros2_tfm/install/ARM_GO2_final_URDF_description/share/ARM_GO2_final_URDF_description/meshes/Motor_rds_v4_2.stl
/home/edipo/ros2_tfm/install/ARM_GO2_final_URDF_description/share/ARM_GO2_final_URDF_description/meshes/Motor_rds_v4_3.stl
/home/edipo/ros2_tfm/install/ARM_GO2_final_URDF_description/share/ARM_GO2_final_URDF_description/meshes/Soporte_C_v4_2.stl
/home/edipo/ros2_tfm/install/ARM_GO2_final_URDF_description/share/ARM_GO2_final_URDF_description/meshes/Soporte_motor_v2_1.stl
/home/edipo/ros2_tfm/install/ARM_GO2_final_URDF_description/share/ARM_GO2_final_URDF_description/meshes/Support_large_v7_v3_2.stl
/home/edipo/ros2_tfm/install/ARM_GO2_final_URDF_description/share/ARM_GO2_final_URDF_description/meshes/Wheel_v5_v4_3.stl
/home/edipo/ros2_tfm/install/ARM_GO2_final_URDF_description/share/ARM_GO2_final_URDF_description/meshes/Wheel_v5_v4_2.stl
/home/edipo/ros2_tfm/install/ARM_GO2_final_URDF_description/share/ARM_GO2_final_URDF_description/meshes/Wheel_v5_v4_5.stl
/home/edipo/ros2_tfm/install/ARM_GO2_final_URDF_description/share/ARM_GO2_final_URDF_description/meshes/Pieza3_v8_1.stl
/home/edipo/ros2_tfm/install/ARM_GO2_final_URDF_description/share/ARM_GO2_final_URDF_description/meshes/Support_large_v2_4.stl
/home/edipo/ros2_tfm/install/ARM_GO2_final_URDF_description/share/ARM_GO2_final_URDF_description/meshes/Motor_rds_v4_4.stl
/home/edipo/ros2_tfm/install/ARM_GO2_final_URDF_description/share/ARM_GO2_final_URDF_description/meshes/Motor_rds_v4_1.stl
/home/edipo/ros2_tfm/install/ARM_GO2_final_URDF_description/share/ARM_GO2_final_URDF_description/meshes/Support_large_v7_v3_1.stl
/home/edipo/ros2_tfm/install/ARM_GO2_final_URDF_description/share/ARM_GO2_final_URDF_description/meshes/base_link.stl
/home/edipo/ros2_tfm/install/ARM_GO2_final_URDF_description/share/ARM_GO2_final_URDF_description/meshes/Wheel_v5_v4_6.stl
/home/edipo/ros2_tfm/install/ARM_GO2_final_URDF_description/share/ARM_GO2_final_URDF_description/meshes/Wheel_v5_v4_1.stl
/home/edipo/ros2_tfm/install/ARM_GO2_final_URDF_description/share/ARM_GO2_final_URDF_description/meshes/Support_large_v7_v3_3.stl
/home/edipo/ros2_tfm/install/ARM_GO2_final_URDF_description/share/ARM_GO2_final_URDF_description/meshes/arm_200_v3_1.stl
/home/edipo/ros2_tfm/install/ARM_GO2_final_URDF_description/share/ARM_GO2_final_URDF_description/config/display.rviz
/home/edipo/ros2_tfm/install/ARM_GO2_final_URDF_description/lib/python3.10/site-packages/ARM_GO2_final_URDF_description-0.0.0-py3.10.egg-info/zip-safe
/home/edipo/ros2_tfm/install/ARM_GO2_final_URDF_description/lib/python3.10/site-packages/ARM_GO2_final_URDF_description-0.0.0-py3.10.egg-info/top_level.txt
/home/edipo/ros2_tfm/install/ARM_GO2_final_URDF_description/lib/python3.10/site-packages/ARM_GO2_final_URDF_description-0.0.0-py3.10.egg-info/SOURCES.txt
/home/edipo/ros2_tfm/install/ARM_GO2_final_URDF_description/lib/python3.10/site-packages/ARM_GO2_final_URDF_description-0.0.0-py3.10.egg-info/requires.txt
/home/edipo/ros2_tfm/install/ARM_GO2_final_URDF_description/lib/python3.10/site-packages/ARM_GO2_final_URDF_description-0.0.0-py3.10.egg-info/PKG-INFO
/home/edipo/ros2_tfm/install/ARM_GO2_final_URDF_description/lib/python3.10/site-packages/ARM_GO2_final_URDF_description-0.0.0-py3.10.egg-info/entry_points.txt
/home/edipo/ros2_tfm/install/ARM_GO2_final_URDF_description/lib/python3.10/site-packages/ARM_GO2_final_URDF_description-0.0.0-py3.10.egg-info/dependency_links.txt
