[0.483s] DEBUG:colcon:Command line arguments: ['/usr/bin/colcon', 'build']
[0.483s] DEBUG:colcon:Parsed command line arguments: Namespace(log_base=None, log_level=None, verb_name='build', build_base='build', install_base='install', merge_install=False, symlink_install=False, test_result_base=None, continue_on_error=False, executor='parallel', parallel_workers=12, event_handlers=None, ignore_user_meta=False, metas=['./colcon.meta'], base_paths=['.'], packages_ignore=None, packages_ignore_regex=None, paths=None, packages_up_to=None, packages_up_to_regex=None, packages_above=None, packages_above_and_dependencies=None, packages_above_depth=None, packages_select_by_dep=None, packages_skip_by_dep=None, packages_skip_up_to=None, packages_select_build_failed=False, packages_skip_build_finished=False, packages_select_test_failures=False, packages_skip_test_passed=False, packages_select=None, packages_skip=None, packages_select_regex=None, packages_skip_regex=None, packages_start=None, packages_end=None, allow_overriding=[], cmake_args=None, cmake_target=None, cmake_target_skip_unavailable=False, cmake_clean_cache=False, cmake_clean_first=False, cmake_force_configure=False, ament_cmake_args=None, catkin_cmake_args=None, catkin_skip_building_tests=False, verb_parser=<colcon_defaults.argument_parser.defaults.DefaultArgumentsDecorator object at 0x7f7d02103e80>, verb_extension=<colcon_core.verb.build.BuildVerb object at 0x7f7d021015d0>, main=<bound method BuildVerb.main of <colcon_core.verb.build.BuildVerb object at 0x7f7d021015d0>>)
[0.507s] Level 1:colcon.colcon_core.package_discovery:discover_packages(colcon_meta) check parameters
[0.507s] Level 1:colcon.colcon_core.package_discovery:discover_packages(recursive) check parameters
[0.507s] Level 1:colcon.colcon_core.package_discovery:discover_packages(ignore) check parameters
[0.507s] Level 1:colcon.colcon_core.package_discovery:discover_packages(path) check parameters
[0.507s] Level 1:colcon.colcon_core.package_discovery:discover_packages(colcon_meta) discover
[0.507s] Level 1:colcon.colcon_core.package_discovery:discover_packages(recursive) discover
[0.507s] INFO:colcon.colcon_core.package_discovery:Crawling recursively for packages in '/home/edipo/ros2_tfm'
[0.507s] Level 1:colcon.colcon_core.package_identification:_identify(.) by extensions ['ignore', 'ignore_ament_install']
[0.507s] Level 1:colcon.colcon_core.package_identification:_identify(.) by extension 'ignore'
[0.507s] Level 1:colcon.colcon_core.package_identification:_identify(.) by extension 'ignore_ament_install'
[0.507s] Level 1:colcon.colcon_core.package_identification:_identify(.) by extensions ['colcon_pkg']
[0.507s] Level 1:colcon.colcon_core.package_identification:_identify(.) by extension 'colcon_pkg'
[0.507s] Level 1:colcon.colcon_core.package_identification:_identify(.) by extensions ['colcon_meta']
[0.507s] Level 1:colcon.colcon_core.package_identification:_identify(.) by extension 'colcon_meta'
[0.507s] Level 1:colcon.colcon_core.package_identification:_identify(.) by extensions ['ros']
[0.507s] Level 1:colcon.colcon_core.package_identification:_identify(.) by extension 'ros'
[0.514s] Level 1:colcon.colcon_core.package_identification:_identify(.) by extensions ['cmake', 'python']
[0.514s] Level 1:colcon.colcon_core.package_identification:_identify(.) by extension 'cmake'
[0.514s] Level 1:colcon.colcon_core.package_identification:_identify(.) by extension 'python'
[0.514s] Level 1:colcon.colcon_core.package_identification:_identify(.) by extensions ['python_setup_py']
[0.514s] Level 1:colcon.colcon_core.package_identification:_identify(.) by extension 'python_setup_py'
[0.514s] Level 1:colcon.colcon_core.package_identification:_identify(build) by extensions ['ignore', 'ignore_ament_install']
[0.514s] Level 1:colcon.colcon_core.package_identification:_identify(build) by extension 'ignore'
[0.514s] Level 1:colcon.colcon_core.package_identification:_identify(build) ignored
[0.514s] Level 1:colcon.colcon_core.package_identification:_identify(install) by extensions ['ignore', 'ignore_ament_install']
[0.514s] Level 1:colcon.colcon_core.package_identification:_identify(install) by extension 'ignore'
[0.514s] Level 1:colcon.colcon_core.package_identification:_identify(install) ignored
[0.514s] Level 1:colcon.colcon_core.package_identification:_identify(log) by extensions ['ignore', 'ignore_ament_install']
[0.514s] Level 1:colcon.colcon_core.package_identification:_identify(log) by extension 'ignore'
[0.514s] Level 1:colcon.colcon_core.package_identification:_identify(log) ignored
[0.514s] Level 1:colcon.colcon_core.package_identification:_identify(src) by extensions ['ignore', 'ignore_ament_install']
[0.514s] Level 1:colcon.colcon_core.package_identification:_identify(src) by extension 'ignore'
[0.514s] Level 1:colcon.colcon_core.package_identification:_identify(src) by extension 'ignore_ament_install'
[0.514s] Level 1:colcon.colcon_core.package_identification:_identify(src) by extensions ['colcon_pkg']
[0.514s] Level 1:colcon.colcon_core.package_identification:_identify(src) by extension 'colcon_pkg'
[0.514s] Level 1:colcon.colcon_core.package_identification:_identify(src) by extensions ['colcon_meta']
[0.514s] Level 1:colcon.colcon_core.package_identification:_identify(src) by extension 'colcon_meta'
[0.514s] Level 1:colcon.colcon_core.package_identification:_identify(src) by extensions ['ros']
[0.514s] Level 1:colcon.colcon_core.package_identification:_identify(src) by extension 'ros'
[0.514s] Level 1:colcon.colcon_core.package_identification:_identify(src) by extensions ['cmake', 'python']
[0.514s] Level 1:colcon.colcon_core.package_identification:_identify(src) by extension 'cmake'
[0.514s] Level 1:colcon.colcon_core.package_identification:_identify(src) by extension 'python'
[0.514s] Level 1:colcon.colcon_core.package_identification:_identify(src) by extensions ['python_setup_py']
[0.514s] Level 1:colcon.colcon_core.package_identification:_identify(src) by extension 'python_setup_py'
[0.514s] Level 1:colcon.colcon_core.package_identification:_identify(src/ARM_GO2_final_URDF_description) by extensions ['ignore', 'ignore_ament_install']
[0.514s] Level 1:colcon.colcon_core.package_identification:_identify(src/ARM_GO2_final_URDF_description) by extension 'ignore'
[0.515s] Level 1:colcon.colcon_core.package_identification:_identify(src/ARM_GO2_final_URDF_description) by extension 'ignore_ament_install'
[0.515s] Level 1:colcon.colcon_core.package_identification:_identify(src/ARM_GO2_final_URDF_description) by extensions ['colcon_pkg']
[0.515s] Level 1:colcon.colcon_core.package_identification:_identify(src/ARM_GO2_final_URDF_description) by extension 'colcon_pkg'
[0.515s] Level 1:colcon.colcon_core.package_identification:_identify(src/ARM_GO2_final_URDF_description) by extensions ['colcon_meta']
[0.515s] Level 1:colcon.colcon_core.package_identification:_identify(src/ARM_GO2_final_URDF_description) by extension 'colcon_meta'
[0.515s] Level 1:colcon.colcon_core.package_identification:_identify(src/ARM_GO2_final_URDF_description) by extensions ['ros']
[0.515s] Level 1:colcon.colcon_core.package_identification:_identify(src/ARM_GO2_final_URDF_description) by extension 'ros'
[0.516s] DEBUG:colcon.colcon_core.package_identification:Package 'src/ARM_GO2_final_URDF_description' with type 'ros.ament_python' and name 'ARM_GO2_final_URDF_description'
[0.516s] Level 1:colcon.colcon_core.package_identification:_identify(src/GO2_ARM_description) by extensions ['ignore', 'ignore_ament_install']
[0.516s] Level 1:colcon.colcon_core.package_identification:_identify(src/GO2_ARM_description) by extension 'ignore'
[0.516s] Level 1:colcon.colcon_core.package_identification:_identify(src/GO2_ARM_description) by extension 'ignore_ament_install'
[0.516s] Level 1:colcon.colcon_core.package_identification:_identify(src/GO2_ARM_description) by extensions ['colcon_pkg']
[0.516s] Level 1:colcon.colcon_core.package_identification:_identify(src/GO2_ARM_description) by extension 'colcon_pkg'
[0.516s] Level 1:colcon.colcon_core.package_identification:_identify(src/GO2_ARM_description) by extensions ['colcon_meta']
[0.516s] Level 1:colcon.colcon_core.package_identification:_identify(src/GO2_ARM_description) by extension 'colcon_meta'
[0.517s] Level 1:colcon.colcon_core.package_identification:_identify(src/GO2_ARM_description) by extensions ['ros']
[0.517s] Level 1:colcon.colcon_core.package_identification:_identify(src/GO2_ARM_description) by extension 'ros'
[0.517s] DEBUG:colcon.colcon_core.package_identification:Package 'src/GO2_ARM_description' with type 'ros.ament_python' and name 'GO2_ARM_description'
[0.518s] Level 1:colcon.colcon_core.package_identification:_identify(src/mpu_pub) by extensions ['ignore', 'ignore_ament_install']
[0.518s] Level 1:colcon.colcon_core.package_identification:_identify(src/mpu_pub) by extension 'ignore'
[0.518s] Level 1:colcon.colcon_core.package_identification:_identify(src/mpu_pub) by extension 'ignore_ament_install'
[0.518s] Level 1:colcon.colcon_core.package_identification:_identify(src/mpu_pub) by extensions ['colcon_pkg']
[0.518s] Level 1:colcon.colcon_core.package_identification:_identify(src/mpu_pub) by extension 'colcon_pkg'
[0.518s] Level 1:colcon.colcon_core.package_identification:_identify(src/mpu_pub) by extensions ['colcon_meta']
[0.518s] Level 1:colcon.colcon_core.package_identification:_identify(src/mpu_pub) by extension 'colcon_meta'
[0.518s] Level 1:colcon.colcon_core.package_identification:_identify(src/mpu_pub) by extensions ['ros']
[0.518s] Level 1:colcon.colcon_core.package_identification:_identify(src/mpu_pub) by extension 'ros'
[0.518s] DEBUG:colcon.colcon_core.package_identification:Package 'src/mpu_pub' with type 'ros.ament_python' and name 'mpu_pub'
[0.518s] Level 1:colcon.colcon_core.package_identification:_identify(src/quadruped_arm_motion) by extensions ['ignore', 'ignore_ament_install']
[0.518s] Level 1:colcon.colcon_core.package_identification:_identify(src/quadruped_arm_motion) by extension 'ignore'
[0.518s] Level 1:colcon.colcon_core.package_identification:_identify(src/quadruped_arm_motion) by extension 'ignore_ament_install'
[0.518s] Level 1:colcon.colcon_core.package_identification:_identify(src/quadruped_arm_motion) by extensions ['colcon_pkg']
[0.518s] Level 1:colcon.colcon_core.package_identification:_identify(src/quadruped_arm_motion) by extension 'colcon_pkg'
[0.518s] Level 1:colcon.colcon_core.package_identification:_identify(src/quadruped_arm_motion) by extensions ['colcon_meta']
[0.518s] Level 1:colcon.colcon_core.package_identification:_identify(src/quadruped_arm_motion) by extension 'colcon_meta'
[0.518s] Level 1:colcon.colcon_core.package_identification:_identify(src/quadruped_arm_motion) by extensions ['ros']
[0.518s] Level 1:colcon.colcon_core.package_identification:_identify(src/quadruped_arm_motion) by extension 'ros'
[0.519s] DEBUG:colcon.colcon_core.package_identification:Package 'src/quadruped_arm_motion' with type 'ros.ament_python' and name 'quadruped_arm_motion'
[0.519s] Level 1:colcon.colcon_core.package_identification:_identify(src/robot_interfaces) by extensions ['ignore', 'ignore_ament_install']
[0.519s] Level 1:colcon.colcon_core.package_identification:_identify(src/robot_interfaces) by extension 'ignore'
[0.519s] Level 1:colcon.colcon_core.package_identification:_identify(src/robot_interfaces) by extension 'ignore_ament_install'
[0.519s] Level 1:colcon.colcon_core.package_identification:_identify(src/robot_interfaces) by extensions ['colcon_pkg']
[0.519s] Level 1:colcon.colcon_core.package_identification:_identify(src/robot_interfaces) by extension 'colcon_pkg'
[0.519s] Level 1:colcon.colcon_core.package_identification:_identify(src/robot_interfaces) by extensions ['colcon_meta']
[0.519s] Level 1:colcon.colcon_core.package_identification:_identify(src/robot_interfaces) by extension 'colcon_meta'
[0.519s] Level 1:colcon.colcon_core.package_identification:_identify(src/robot_interfaces) by extensions ['ros']
[0.519s] Level 1:colcon.colcon_core.package_identification:_identify(src/robot_interfaces) by extension 'ros'
[0.519s] DEBUG:colcon.colcon_core.package_identification:Package 'src/robot_interfaces' with type 'ros.ament_cmake' and name 'robot_interfaces'
[0.519s] Level 1:colcon.colcon_core.package_identification:_identify(src/teleop) by extensions ['ignore', 'ignore_ament_install']
[0.519s] Level 1:colcon.colcon_core.package_identification:_identify(src/teleop) by extension 'ignore'
[0.519s] Level 1:colcon.colcon_core.package_identification:_identify(src/teleop) by extension 'ignore_ament_install'
[0.519s] Level 1:colcon.colcon_core.package_identification:_identify(src/teleop) by extensions ['colcon_pkg']
[0.519s] Level 1:colcon.colcon_core.package_identification:_identify(src/teleop) by extension 'colcon_pkg'
[0.519s] Level 1:colcon.colcon_core.package_identification:_identify(src/teleop) by extensions ['colcon_meta']
[0.519s] Level 1:colcon.colcon_core.package_identification:_identify(src/teleop) by extension 'colcon_meta'
[0.519s] Level 1:colcon.colcon_core.package_identification:_identify(src/teleop) by extensions ['ros']
[0.519s] Level 1:colcon.colcon_core.package_identification:_identify(src/teleop) by extension 'ros'
[0.519s] DEBUG:colcon.colcon_core.package_identification:Package 'src/teleop' with type 'ros.ament_python' and name 'teleop'
[0.520s] Level 1:colcon.colcon_core.package_identification:_identify(src/turtlebot3_simulations) by extensions ['ignore', 'ignore_ament_install']
[0.520s] Level 1:colcon.colcon_core.package_identification:_identify(src/turtlebot3_simulations) by extension 'ignore'
[0.520s] Level 1:colcon.colcon_core.package_identification:_identify(src/turtlebot3_simulations) by extension 'ignore_ament_install'
[0.520s] Level 1:colcon.colcon_core.package_identification:_identify(src/turtlebot3_simulations) by extensions ['colcon_pkg']
[0.520s] Level 1:colcon.colcon_core.package_identification:_identify(src/turtlebot3_simulations) by extension 'colcon_pkg'
[0.520s] Level 1:colcon.colcon_core.package_identification:_identify(src/turtlebot3_simulations) by extensions ['colcon_meta']
[0.520s] Level 1:colcon.colcon_core.package_identification:_identify(src/turtlebot3_simulations) by extension 'colcon_meta'
[0.520s] Level 1:colcon.colcon_core.package_identification:_identify(src/turtlebot3_simulations) by extensions ['ros']
[0.520s] Level 1:colcon.colcon_core.package_identification:_identify(src/turtlebot3_simulations) by extension 'ros'
[0.520s] Level 1:colcon.colcon_core.package_identification:_identify(src/turtlebot3_simulations) by extensions ['cmake', 'python']
[0.520s] Level 1:colcon.colcon_core.package_identification:_identify(src/turtlebot3_simulations) by extension 'cmake'
[0.520s] Level 1:colcon.colcon_core.package_identification:_identify(src/turtlebot3_simulations) by extension 'python'
[0.520s] Level 1:colcon.colcon_core.package_identification:_identify(src/turtlebot3_simulations) by extensions ['python_setup_py']
[0.520s] Level 1:colcon.colcon_core.package_identification:_identify(src/turtlebot3_simulations) by extension 'python_setup_py'
[0.520s] Level 1:colcon.colcon_core.package_identification:_identify(src/turtlebot3_simulations/turtlebot3_fake_node) by extensions ['ignore', 'ignore_ament_install']
[0.520s] Level 1:colcon.colcon_core.package_identification:_identify(src/turtlebot3_simulations/turtlebot3_fake_node) by extension 'ignore'
[0.520s] Level 1:colcon.colcon_core.package_identification:_identify(src/turtlebot3_simulations/turtlebot3_fake_node) by extension 'ignore_ament_install'
[0.520s] Level 1:colcon.colcon_core.package_identification:_identify(src/turtlebot3_simulations/turtlebot3_fake_node) by extensions ['colcon_pkg']
[0.520s] Level 1:colcon.colcon_core.package_identification:_identify(src/turtlebot3_simulations/turtlebot3_fake_node) by extension 'colcon_pkg'
[0.520s] Level 1:colcon.colcon_core.package_identification:_identify(src/turtlebot3_simulations/turtlebot3_fake_node) by extensions ['colcon_meta']
[0.520s] Level 1:colcon.colcon_core.package_identification:_identify(src/turtlebot3_simulations/turtlebot3_fake_node) by extension 'colcon_meta'
[0.520s] Level 1:colcon.colcon_core.package_identification:_identify(src/turtlebot3_simulations/turtlebot3_fake_node) by extensions ['ros']
[0.520s] Level 1:colcon.colcon_core.package_identification:_identify(src/turtlebot3_simulations/turtlebot3_fake_node) by extension 'ros'
[0.521s] DEBUG:colcon.colcon_core.package_identification:Package 'src/turtlebot3_simulations/turtlebot3_fake_node' with type 'ros.ament_cmake' and name 'turtlebot3_fake_node'
[0.521s] Level 1:colcon.colcon_core.package_identification:_identify(src/turtlebot3_simulations/turtlebot3_gazebo) by extensions ['ignore', 'ignore_ament_install']
[0.521s] Level 1:colcon.colcon_core.package_identification:_identify(src/turtlebot3_simulations/turtlebot3_gazebo) by extension 'ignore'
[0.521s] Level 1:colcon.colcon_core.package_identification:_identify(src/turtlebot3_simulations/turtlebot3_gazebo) by extension 'ignore_ament_install'
[0.521s] Level 1:colcon.colcon_core.package_identification:_identify(src/turtlebot3_simulations/turtlebot3_gazebo) by extensions ['colcon_pkg']
[0.521s] Level 1:colcon.colcon_core.package_identification:_identify(src/turtlebot3_simulations/turtlebot3_gazebo) by extension 'colcon_pkg'
[0.521s] Level 1:colcon.colcon_core.package_identification:_identify(src/turtlebot3_simulations/turtlebot3_gazebo) by extensions ['colcon_meta']
[0.521s] Level 1:colcon.colcon_core.package_identification:_identify(src/turtlebot3_simulations/turtlebot3_gazebo) by extension 'colcon_meta'
[0.521s] Level 1:colcon.colcon_core.package_identification:_identify(src/turtlebot3_simulations/turtlebot3_gazebo) by extensions ['ros']
[0.521s] Level 1:colcon.colcon_core.package_identification:_identify(src/turtlebot3_simulations/turtlebot3_gazebo) by extension 'ros'
[0.521s] DEBUG:colcon.colcon_core.package_identification:Package 'src/turtlebot3_simulations/turtlebot3_gazebo' with type 'ros.ament_cmake' and name 'turtlebot3_gazebo'
[0.521s] Level 1:colcon.colcon_core.package_identification:_identify(src/turtlebot3_simulations/turtlebot3_simulations) by extensions ['ignore', 'ignore_ament_install']
[0.521s] Level 1:colcon.colcon_core.package_identification:_identify(src/turtlebot3_simulations/turtlebot3_simulations) by extension 'ignore'
[0.521s] Level 1:colcon.colcon_core.package_identification:_identify(src/turtlebot3_simulations/turtlebot3_simulations) by extension 'ignore_ament_install'
[0.522s] Level 1:colcon.colcon_core.package_identification:_identify(src/turtlebot3_simulations/turtlebot3_simulations) by extensions ['colcon_pkg']
[0.522s] Level 1:colcon.colcon_core.package_identification:_identify(src/turtlebot3_simulations/turtlebot3_simulations) by extension 'colcon_pkg'
[0.522s] Level 1:colcon.colcon_core.package_identification:_identify(src/turtlebot3_simulations/turtlebot3_simulations) by extensions ['colcon_meta']
[0.522s] Level 1:colcon.colcon_core.package_identification:_identify(src/turtlebot3_simulations/turtlebot3_simulations) by extension 'colcon_meta'
[0.522s] Level 1:colcon.colcon_core.package_identification:_identify(src/turtlebot3_simulations/turtlebot3_simulations) by extensions ['ros']
[0.522s] Level 1:colcon.colcon_core.package_identification:_identify(src/turtlebot3_simulations/turtlebot3_simulations) by extension 'ros'
[0.522s] DEBUG:colcon.colcon_core.package_identification:Package 'src/turtlebot3_simulations/turtlebot3_simulations' with type 'ros.ament_cmake' and name 'turtlebot3_simulations'
[0.522s] Level 1:colcon.colcon_core.package_discovery:discover_packages(recursive) using defaults
[0.522s] Level 1:colcon.colcon_core.package_discovery:discover_packages(ignore) discover
[0.522s] Level 1:colcon.colcon_core.package_discovery:discover_packages(ignore) using defaults
[0.522s] Level 1:colcon.colcon_core.package_discovery:discover_packages(path) discover
[0.522s] Level 1:colcon.colcon_core.package_discovery:discover_packages(path) using defaults
[0.568s] Level 1:colcon.colcon_core.package_discovery:discover_packages(prefix_path) check parameters
[0.568s] Level 1:colcon.colcon_core.package_discovery:discover_packages(prefix_path) discover
[0.582s] DEBUG:colcon.colcon_installed_package_information.package_discovery:Found 384 installed packages in /opt/ros/humble
[0.590s] Level 1:colcon.colcon_core.package_discovery:discover_packages(prefix_path) using defaults
[0.642s] Level 5:colcon.colcon_core.verb:set package 'ARM_GO2_final_URDF_description' build argument 'cmake_args' from command line to 'None'
[0.642s] Level 5:colcon.colcon_core.verb:set package 'ARM_GO2_final_URDF_description' build argument 'cmake_target' from command line to 'None'
[0.642s] Level 5:colcon.colcon_core.verb:set package 'ARM_GO2_final_URDF_description' build argument 'cmake_target_skip_unavailable' from command line to 'False'
[0.642s] Level 5:colcon.colcon_core.verb:set package 'ARM_GO2_final_URDF_description' build argument 'cmake_clean_cache' from command line to 'False'
[0.642s] Level 5:colcon.colcon_core.verb:set package 'ARM_GO2_final_URDF_description' build argument 'cmake_clean_first' from command line to 'False'
[0.642s] Level 5:colcon.colcon_core.verb:set package 'ARM_GO2_final_URDF_description' build argument 'cmake_force_configure' from command line to 'False'
[0.642s] Level 5:colcon.colcon_core.verb:set package 'ARM_GO2_final_URDF_description' build argument 'ament_cmake_args' from command line to 'None'
[0.642s] Level 5:colcon.colcon_core.verb:set package 'ARM_GO2_final_URDF_description' build argument 'catkin_cmake_args' from command line to 'None'
[0.642s] Level 5:colcon.colcon_core.verb:set package 'ARM_GO2_final_URDF_description' build argument 'catkin_skip_building_tests' from command line to 'False'
[0.642s] DEBUG:colcon.colcon_core.verb:Building package 'ARM_GO2_final_URDF_description' with the following arguments: {'ament_cmake_args': None, 'build_base': '/home/edipo/ros2_tfm/build/ARM_GO2_final_URDF_description', 'catkin_cmake_args': None, 'catkin_skip_building_tests': False, 'cmake_args': None, 'cmake_clean_cache': False, 'cmake_clean_first': False, 'cmake_force_configure': False, 'cmake_target': None, 'cmake_target_skip_unavailable': False, 'install_base': '/home/edipo/ros2_tfm/install/ARM_GO2_final_URDF_description', 'merge_install': False, 'path': '/home/edipo/ros2_tfm/src/ARM_GO2_final_URDF_description', 'symlink_install': False, 'test_result_base': None}
[0.649s] Level 5:colcon.colcon_core.verb:set package 'GO2_ARM_description' build argument 'cmake_args' from command line to 'None'
[0.649s] Level 5:colcon.colcon_core.verb:set package 'GO2_ARM_description' build argument 'cmake_target' from command line to 'None'
[0.649s] Level 5:colcon.colcon_core.verb:set package 'GO2_ARM_description' build argument 'cmake_target_skip_unavailable' from command line to 'False'
[0.649s] Level 5:colcon.colcon_core.verb:set package 'GO2_ARM_description' build argument 'cmake_clean_cache' from command line to 'False'
[0.649s] Level 5:colcon.colcon_core.verb:set package 'GO2_ARM_description' build argument 'cmake_clean_first' from command line to 'False'
[0.649s] Level 5:colcon.colcon_core.verb:set package 'GO2_ARM_description' build argument 'cmake_force_configure' from command line to 'False'
[0.649s] Level 5:colcon.colcon_core.verb:set package 'GO2_ARM_description' build argument 'ament_cmake_args' from command line to 'None'
[0.649s] Level 5:colcon.colcon_core.verb:set package 'GO2_ARM_description' build argument 'catkin_cmake_args' from command line to 'None'
[0.649s] Level 5:colcon.colcon_core.verb:set package 'GO2_ARM_description' build argument 'catkin_skip_building_tests' from command line to 'False'
[0.649s] DEBUG:colcon.colcon_core.verb:Building package 'GO2_ARM_description' with the following arguments: {'ament_cmake_args': None, 'build_base': '/home/edipo/ros2_tfm/build/GO2_ARM_description', 'catkin_cmake_args': None, 'catkin_skip_building_tests': False, 'cmake_args': None, 'cmake_clean_cache': False, 'cmake_clean_first': False, 'cmake_force_configure': False, 'cmake_target': None, 'cmake_target_skip_unavailable': False, 'install_base': '/home/edipo/ros2_tfm/install/GO2_ARM_description', 'merge_install': False, 'path': '/home/edipo/ros2_tfm/src/GO2_ARM_description', 'symlink_install': False, 'test_result_base': None}
[0.656s] Level 5:colcon.colcon_core.verb:set package 'robot_interfaces' build argument 'cmake_args' from command line to 'None'
[0.656s] Level 5:colcon.colcon_core.verb:set package 'robot_interfaces' build argument 'cmake_target' from command line to 'None'
[0.656s] Level 5:colcon.colcon_core.verb:set package 'robot_interfaces' build argument 'cmake_target_skip_unavailable' from command line to 'False'
[0.656s] Level 5:colcon.colcon_core.verb:set package 'robot_interfaces' build argument 'cmake_clean_cache' from command line to 'False'
[0.656s] Level 5:colcon.colcon_core.verb:set package 'robot_interfaces' build argument 'cmake_clean_first' from command line to 'False'
[0.656s] Level 5:colcon.colcon_core.verb:set package 'robot_interfaces' build argument 'cmake_force_configure' from command line to 'False'
[0.656s] Level 5:colcon.colcon_core.verb:set package 'robot_interfaces' build argument 'ament_cmake_args' from command line to 'None'
[0.656s] Level 5:colcon.colcon_core.verb:set package 'robot_interfaces' build argument 'catkin_cmake_args' from command line to 'None'
[0.656s] Level 5:colcon.colcon_core.verb:set package 'robot_interfaces' build argument 'catkin_skip_building_tests' from command line to 'False'
[0.656s] DEBUG:colcon.colcon_core.verb:Building package 'robot_interfaces' with the following arguments: {'ament_cmake_args': None, 'build_base': '/home/edipo/ros2_tfm/build/robot_interfaces', 'catkin_cmake_args': None, 'catkin_skip_building_tests': False, 'cmake_args': None, 'cmake_clean_cache': False, 'cmake_clean_first': False, 'cmake_force_configure': False, 'cmake_target': None, 'cmake_target_skip_unavailable': False, 'install_base': '/home/edipo/ros2_tfm/install/robot_interfaces', 'merge_install': False, 'path': '/home/edipo/ros2_tfm/src/robot_interfaces', 'symlink_install': False, 'test_result_base': None}
[0.663s] Level 5:colcon.colcon_core.verb:set package 'teleop' build argument 'cmake_args' from command line to 'None'
[0.663s] Level 5:colcon.colcon_core.verb:set package 'teleop' build argument 'cmake_target' from command line to 'None'
[0.663s] Level 5:colcon.colcon_core.verb:set package 'teleop' build argument 'cmake_target_skip_unavailable' from command line to 'False'
[0.663s] Level 5:colcon.colcon_core.verb:set package 'teleop' build argument 'cmake_clean_cache' from command line to 'False'
[0.663s] Level 5:colcon.colcon_core.verb:set package 'teleop' build argument 'cmake_clean_first' from command line to 'False'
[0.663s] Level 5:colcon.colcon_core.verb:set package 'teleop' build argument 'cmake_force_configure' from command line to 'False'
[0.663s] Level 5:colcon.colcon_core.verb:set package 'teleop' build argument 'ament_cmake_args' from command line to 'None'
[0.663s] Level 5:colcon.colcon_core.verb:set package 'teleop' build argument 'catkin_cmake_args' from command line to 'None'
[0.663s] Level 5:colcon.colcon_core.verb:set package 'teleop' build argument 'catkin_skip_building_tests' from command line to 'False'
[0.663s] DEBUG:colcon.colcon_core.verb:Building package 'teleop' with the following arguments: {'ament_cmake_args': None, 'build_base': '/home/edipo/ros2_tfm/build/teleop', 'catkin_cmake_args': None, 'catkin_skip_building_tests': False, 'cmake_args': None, 'cmake_clean_cache': False, 'cmake_clean_first': False, 'cmake_force_configure': False, 'cmake_target': None, 'cmake_target_skip_unavailable': False, 'install_base': '/home/edipo/ros2_tfm/install/teleop', 'merge_install': False, 'path': '/home/edipo/ros2_tfm/src/teleop', 'symlink_install': False, 'test_result_base': None}
[0.670s] Level 5:colcon.colcon_core.verb:set package 'turtlebot3_fake_node' build argument 'cmake_args' from command line to 'None'
[0.670s] Level 5:colcon.colcon_core.verb:set package 'turtlebot3_fake_node' build argument 'cmake_target' from command line to 'None'
[0.670s] Level 5:colcon.colcon_core.verb:set package 'turtlebot3_fake_node' build argument 'cmake_target_skip_unavailable' from command line to 'False'
[0.670s] Level 5:colcon.colcon_core.verb:set package 'turtlebot3_fake_node' build argument 'cmake_clean_cache' from command line to 'False'
[0.670s] Level 5:colcon.colcon_core.verb:set package 'turtlebot3_fake_node' build argument 'cmake_clean_first' from command line to 'False'
[0.670s] Level 5:colcon.colcon_core.verb:set package 'turtlebot3_fake_node' build argument 'cmake_force_configure' from command line to 'False'
[0.670s] Level 5:colcon.colcon_core.verb:set package 'turtlebot3_fake_node' build argument 'ament_cmake_args' from command line to 'None'
[0.670s] Level 5:colcon.colcon_core.verb:set package 'turtlebot3_fake_node' build argument 'catkin_cmake_args' from command line to 'None'
[0.670s] Level 5:colcon.colcon_core.verb:set package 'turtlebot3_fake_node' build argument 'catkin_skip_building_tests' from command line to 'False'
[0.670s] DEBUG:colcon.colcon_core.verb:Building package 'turtlebot3_fake_node' with the following arguments: {'ament_cmake_args': None, 'build_base': '/home/edipo/ros2_tfm/build/turtlebot3_fake_node', 'catkin_cmake_args': None, 'catkin_skip_building_tests': False, 'cmake_args': None, 'cmake_clean_cache': False, 'cmake_clean_first': False, 'cmake_force_configure': False, 'cmake_target': None, 'cmake_target_skip_unavailable': False, 'install_base': '/home/edipo/ros2_tfm/install/turtlebot3_fake_node', 'merge_install': False, 'path': '/home/edipo/ros2_tfm/src/turtlebot3_simulations/turtlebot3_fake_node', 'symlink_install': False, 'test_result_base': None}
[0.677s] Level 5:colcon.colcon_core.verb:set package 'turtlebot3_gazebo' build argument 'cmake_args' from command line to 'None'
[0.677s] Level 5:colcon.colcon_core.verb:set package 'turtlebot3_gazebo' build argument 'cmake_target' from command line to 'None'
[0.677s] Level 5:colcon.colcon_core.verb:set package 'turtlebot3_gazebo' build argument 'cmake_target_skip_unavailable' from command line to 'False'
[0.677s] Level 5:colcon.colcon_core.verb:set package 'turtlebot3_gazebo' build argument 'cmake_clean_cache' from command line to 'False'
[0.677s] Level 5:colcon.colcon_core.verb:set package 'turtlebot3_gazebo' build argument 'cmake_clean_first' from command line to 'False'
[0.677s] Level 5:colcon.colcon_core.verb:set package 'turtlebot3_gazebo' build argument 'cmake_force_configure' from command line to 'False'
[0.677s] Level 5:colcon.colcon_core.verb:set package 'turtlebot3_gazebo' build argument 'ament_cmake_args' from command line to 'None'
[0.677s] Level 5:colcon.colcon_core.verb:set package 'turtlebot3_gazebo' build argument 'catkin_cmake_args' from command line to 'None'
[0.677s] Level 5:colcon.colcon_core.verb:set package 'turtlebot3_gazebo' build argument 'catkin_skip_building_tests' from command line to 'False'
[0.677s] DEBUG:colcon.colcon_core.verb:Building package 'turtlebot3_gazebo' with the following arguments: {'ament_cmake_args': None, 'build_base': '/home/edipo/ros2_tfm/build/turtlebot3_gazebo', 'catkin_cmake_args': None, 'catkin_skip_building_tests': False, 'cmake_args': None, 'cmake_clean_cache': False, 'cmake_clean_first': False, 'cmake_force_configure': False, 'cmake_target': None, 'cmake_target_skip_unavailable': False, 'install_base': '/home/edipo/ros2_tfm/install/turtlebot3_gazebo', 'merge_install': False, 'path': '/home/edipo/ros2_tfm/src/turtlebot3_simulations/turtlebot3_gazebo', 'symlink_install': False, 'test_result_base': None}
[0.684s] Level 5:colcon.colcon_core.verb:set package 'mpu_pub' build argument 'cmake_args' from command line to 'None'
[0.684s] Level 5:colcon.colcon_core.verb:set package 'mpu_pub' build argument 'cmake_target' from command line to 'None'
[0.684s] Level 5:colcon.colcon_core.verb:set package 'mpu_pub' build argument 'cmake_target_skip_unavailable' from command line to 'False'
[0.684s] Level 5:colcon.colcon_core.verb:set package 'mpu_pub' build argument 'cmake_clean_cache' from command line to 'False'
[0.684s] Level 5:colcon.colcon_core.verb:set package 'mpu_pub' build argument 'cmake_clean_first' from command line to 'False'
[0.684s] Level 5:colcon.colcon_core.verb:set package 'mpu_pub' build argument 'cmake_force_configure' from command line to 'False'
[0.684s] Level 5:colcon.colcon_core.verb:set package 'mpu_pub' build argument 'ament_cmake_args' from command line to 'None'
[0.684s] Level 5:colcon.colcon_core.verb:set package 'mpu_pub' build argument 'catkin_cmake_args' from command line to 'None'
[0.684s] Level 5:colcon.colcon_core.verb:set package 'mpu_pub' build argument 'catkin_skip_building_tests' from command line to 'False'
[0.684s] DEBUG:colcon.colcon_core.verb:Building package 'mpu_pub' with the following arguments: {'ament_cmake_args': None, 'build_base': '/home/edipo/ros2_tfm/build/mpu_pub', 'catkin_cmake_args': None, 'catkin_skip_building_tests': False, 'cmake_args': None, 'cmake_clean_cache': False, 'cmake_clean_first': False, 'cmake_force_configure': False, 'cmake_target': None, 'cmake_target_skip_unavailable': False, 'install_base': '/home/edipo/ros2_tfm/install/mpu_pub', 'merge_install': False, 'path': '/home/edipo/ros2_tfm/src/mpu_pub', 'symlink_install': False, 'test_result_base': None}
[0.691s] Level 5:colcon.colcon_core.verb:set package 'quadruped_arm_motion' build argument 'cmake_args' from command line to 'None'
[0.691s] Level 5:colcon.colcon_core.verb:set package 'quadruped_arm_motion' build argument 'cmake_target' from command line to 'None'
[0.691s] Level 5:colcon.colcon_core.verb:set package 'quadruped_arm_motion' build argument 'cmake_target_skip_unavailable' from command line to 'False'
[0.691s] Level 5:colcon.colcon_core.verb:set package 'quadruped_arm_motion' build argument 'cmake_clean_cache' from command line to 'False'
[0.691s] Level 5:colcon.colcon_core.verb:set package 'quadruped_arm_motion' build argument 'cmake_clean_first' from command line to 'False'
[0.691s] Level 5:colcon.colcon_core.verb:set package 'quadruped_arm_motion' build argument 'cmake_force_configure' from command line to 'False'
[0.691s] Level 5:colcon.colcon_core.verb:set package 'quadruped_arm_motion' build argument 'ament_cmake_args' from command line to 'None'
[0.691s] Level 5:colcon.colcon_core.verb:set package 'quadruped_arm_motion' build argument 'catkin_cmake_args' from command line to 'None'
[0.691s] Level 5:colcon.colcon_core.verb:set package 'quadruped_arm_motion' build argument 'catkin_skip_building_tests' from command line to 'False'
[0.691s] DEBUG:colcon.colcon_core.verb:Building package 'quadruped_arm_motion' with the following arguments: {'ament_cmake_args': None, 'build_base': '/home/edipo/ros2_tfm/build/quadruped_arm_motion', 'catkin_cmake_args': None, 'catkin_skip_building_tests': False, 'cmake_args': None, 'cmake_clean_cache': False, 'cmake_clean_first': False, 'cmake_force_configure': False, 'cmake_target': None, 'cmake_target_skip_unavailable': False, 'install_base': '/home/edipo/ros2_tfm/install/quadruped_arm_motion', 'merge_install': False, 'path': '/home/edipo/ros2_tfm/src/quadruped_arm_motion', 'symlink_install': False, 'test_result_base': None}
[0.698s] Level 5:colcon.colcon_core.verb:set package 'turtlebot3_simulations' build argument 'cmake_args' from command line to 'None'
[0.698s] Level 5:colcon.colcon_core.verb:set package 'turtlebot3_simulations' build argument 'cmake_target' from command line to 'None'
[0.698s] Level 5:colcon.colcon_core.verb:set package 'turtlebot3_simulations' build argument 'cmake_target_skip_unavailable' from command line to 'False'
[0.698s] Level 5:colcon.colcon_core.verb:set package 'turtlebot3_simulations' build argument 'cmake_clean_cache' from command line to 'False'
[0.698s] Level 5:colcon.colcon_core.verb:set package 'turtlebot3_simulations' build argument 'cmake_clean_first' from command line to 'False'
[0.698s] Level 5:colcon.colcon_core.verb:set package 'turtlebot3_simulations' build argument 'cmake_force_configure' from command line to 'False'
[0.698s] Level 5:colcon.colcon_core.verb:set package 'turtlebot3_simulations' build argument 'ament_cmake_args' from command line to 'None'
[0.698s] Level 5:colcon.colcon_core.verb:set package 'turtlebot3_simulations' build argument 'catkin_cmake_args' from command line to 'None'
[0.698s] Level 5:colcon.colcon_core.verb:set package 'turtlebot3_simulations' build argument 'catkin_skip_building_tests' from command line to 'False'
[0.698s] DEBUG:colcon.colcon_core.verb:Building package 'turtlebot3_simulations' with the following arguments: {'ament_cmake_args': None, 'build_base': '/home/edipo/ros2_tfm/build/turtlebot3_simulations', 'catkin_cmake_args': None, 'catkin_skip_building_tests': False, 'cmake_args': None, 'cmake_clean_cache': False, 'cmake_clean_first': False, 'cmake_force_configure': False, 'cmake_target': None, 'cmake_target_skip_unavailable': False, 'install_base': '/home/edipo/ros2_tfm/install/turtlebot3_simulations', 'merge_install': False, 'path': '/home/edipo/ros2_tfm/src/turtlebot3_simulations/turtlebot3_simulations', 'symlink_install': False, 'test_result_base': None}
[0.705s] INFO:colcon.colcon_core.executor:Executing jobs using 'parallel' executor
[0.712s] DEBUG:colcon.colcon_parallel_executor.executor.parallel:run_until_complete
[0.712s] INFO:colcon.colcon_ros.task.ament_cmake.build:Building ROS package in '/home/edipo/ros2_tfm/src/robot_interfaces' with build type 'ament_cmake'
[0.712s] INFO:colcon.colcon_cmake.task.cmake.build:Building CMake package in '/home/edipo/ros2_tfm/src/robot_interfaces'
[0.722s] INFO:colcon.colcon_core.plugin_system:Skipping extension 'colcon_core.shell.bat': Not used on non-Windows systems
[0.722s] INFO:colcon.colcon_core.shell:Skip shell extension 'powershell' for command environment: Not usable outside of PowerShell
[0.722s] DEBUG:colcon.colcon_core.shell:Skip shell extension 'dsv' for command environment
[0.738s] INFO:colcon.colcon_ros.task.ament_cmake.build:Building ROS package in '/home/edipo/ros2_tfm/src/turtlebot3_simulations/turtlebot3_fake_node' with build type 'ament_cmake'
[0.738s] INFO:colcon.colcon_cmake.task.cmake.build:Building CMake package in '/home/edipo/ros2_tfm/src/turtlebot3_simulations/turtlebot3_fake_node'
[0.745s] INFO:colcon.colcon_core.shell:Skip shell extension 'powershell' for command environment: Not usable outside of PowerShell
[0.745s] DEBUG:colcon.colcon_core.shell:Skip shell extension 'dsv' for command environment
[0.760s] INFO:colcon.colcon_ros.task.ament_cmake.build:Building ROS package in '/home/edipo/ros2_tfm/src/turtlebot3_simulations/turtlebot3_gazebo' with build type 'ament_cmake'
[0.760s] INFO:colcon.colcon_cmake.task.cmake.build:Building CMake package in '/home/edipo/ros2_tfm/src/turtlebot3_simulations/turtlebot3_gazebo'
[0.767s] INFO:colcon.colcon_core.shell:Skip shell extension 'powershell' for command environment: Not usable outside of PowerShell
[0.767s] DEBUG:colcon.colcon_core.shell:Skip shell extension 'dsv' for command environment
[0.783s] INFO:colcon.colcon_ros.task.ament_python.build:Building ROS package in '/home/edipo/ros2_tfm/src/ARM_GO2_final_URDF_description' with build type 'ament_python'
[0.784s] Level 1:colcon.colcon_core.shell:create_environment_hook('ARM_GO2_final_URDF_description', 'ament_prefix_path')
[0.791s] INFO:colcon.colcon_core.shell:Creating environment hook '/home/edipo/ros2_tfm/install/ARM_GO2_final_URDF_description/share/ARM_GO2_final_URDF_description/hook/ament_prefix_path.ps1'
[0.791s] INFO:colcon.colcon_core.shell:Creating environment descriptor '/home/edipo/ros2_tfm/install/ARM_GO2_final_URDF_description/share/ARM_GO2_final_URDF_description/hook/ament_prefix_path.dsv'
[0.791s] INFO:colcon.colcon_core.shell:Creating environment hook '/home/edipo/ros2_tfm/install/ARM_GO2_final_URDF_description/share/ARM_GO2_final_URDF_description/hook/ament_prefix_path.sh'
[0.798s] INFO:colcon.colcon_core.shell:Skip shell extension 'powershell' for command environment: Not usable outside of PowerShell
[0.798s] DEBUG:colcon.colcon_core.shell:Skip shell extension 'dsv' for command environment
[0.814s] INFO:colcon.colcon_ros.task.ament_python.build:Building ROS package in '/home/edipo/ros2_tfm/src/GO2_ARM_description' with build type 'ament_python'
[0.814s] Level 1:colcon.colcon_core.shell:create_environment_hook('GO2_ARM_description', 'ament_prefix_path')
[0.821s] INFO:colcon.colcon_core.shell:Creating environment hook '/home/edipo/ros2_tfm/install/GO2_ARM_description/share/GO2_ARM_description/hook/ament_prefix_path.ps1'
[0.822s] INFO:colcon.colcon_core.shell:Creating environment descriptor '/home/edipo/ros2_tfm/install/GO2_ARM_description/share/GO2_ARM_description/hook/ament_prefix_path.dsv'
[0.822s] INFO:colcon.colcon_core.shell:Creating environment hook '/home/edipo/ros2_tfm/install/GO2_ARM_description/share/GO2_ARM_description/hook/ament_prefix_path.sh'
[0.829s] INFO:colcon.colcon_core.shell:Skip shell extension 'powershell' for command environment: Not usable outside of PowerShell
[0.829s] DEBUG:colcon.colcon_core.shell:Skip shell extension 'dsv' for command environment
[0.844s] INFO:colcon.colcon_ros.task.ament_python.build:Building ROS package in '/home/edipo/ros2_tfm/src/teleop' with build type 'ament_python'
[0.844s] Level 1:colcon.colcon_core.shell:create_environment_hook('teleop', 'ament_prefix_path')
[0.851s] INFO:colcon.colcon_core.shell:Creating environment hook '/home/edipo/ros2_tfm/install/teleop/share/teleop/hook/ament_prefix_path.ps1'
[0.851s] INFO:colcon.colcon_core.shell:Creating environment descriptor '/home/edipo/ros2_tfm/install/teleop/share/teleop/hook/ament_prefix_path.dsv'
[0.852s] INFO:colcon.colcon_core.shell:Creating environment hook '/home/edipo/ros2_tfm/install/teleop/share/teleop/hook/ament_prefix_path.sh'
[0.858s] INFO:colcon.colcon_core.shell:Skip shell extension 'powershell' for command environment: Not usable outside of PowerShell
[0.858s] DEBUG:colcon.colcon_core.shell:Skip shell extension 'dsv' for command environment
[0.877s] DEBUG:colcon.colcon_core.event_handler.log_command:Invoking command in '/home/edipo/ros2_tfm/build/robot_interfaces': CMAKE_PREFIX_PATH=/opt/ros/humble /usr/bin/cmake /home/edipo/ros2_tfm/src/robot_interfaces -DCMAKE_INSTALL_PREFIX=/home/edipo/ros2_tfm/install/robot_interfaces
[0.879s] DEBUG:colcon.colcon_core.event_handler.log_command:Invoking command in '/home/edipo/ros2_tfm/build/turtlebot3_fake_node': CMAKE_PREFIX_PATH=/opt/ros/humble /usr/bin/cmake /home/edipo/ros2_tfm/src/turtlebot3_simulations/turtlebot3_fake_node -DCMAKE_INSTALL_PREFIX=/home/edipo/ros2_tfm/install/turtlebot3_fake_node
[0.880s] DEBUG:colcon.colcon_core.event_handler.log_command:Invoking command in '/home/edipo/ros2_tfm/build/turtlebot3_gazebo': CMAKE_PREFIX_PATH=/opt/ros/humble /usr/bin/cmake /home/edipo/ros2_tfm/src/turtlebot3_simulations/turtlebot3_gazebo -DCMAKE_INSTALL_PREFIX=/home/edipo/ros2_tfm/install/turtlebot3_gazebo
[1.061s] INFO:colcon.colcon_core.task.python.build:Building Python package in '/home/edipo/ros2_tfm/src/ARM_GO2_final_URDF_description'
[1.070s] INFO:colcon.colcon_core.shell:Skip shell extension 'powershell' for command environment: Not usable outside of PowerShell
[1.070s] DEBUG:colcon.colcon_core.shell:Skip shell extension 'dsv' for command environment
[1.290s] INFO:colcon.colcon_core.task.python.build:Building Python package in '/home/edipo/ros2_tfm/src/GO2_ARM_description'
[1.299s] INFO:colcon.colcon_core.shell:Skip shell extension 'powershell' for command environment: Not usable outside of PowerShell
[1.299s] DEBUG:colcon.colcon_core.shell:Skip shell extension 'dsv' for command environment
[1.518s] INFO:colcon.colcon_core.task.python.build:Building Python package in '/home/edipo/ros2_tfm/src/teleop'
[1.539s] INFO:colcon.colcon_core.shell:Skip shell extension 'powershell' for command environment: Not usable outside of PowerShell
[1.539s] DEBUG:colcon.colcon_core.shell:Skip shell extension 'dsv' for command environment
[1.900s] DEBUG:colcon.colcon_core.event_handler.log_command:Invoking command in '/home/edipo/ros2_tfm/src/teleop': PYTHONPATH=/home/edipo/ros2_tfm/build/teleop/prefix_override:/home/edipo/ros2_tfm/install/teleop/lib/python3.10/site-packages:${PYTHONPATH} /usr/bin/python3 setup.py egg_info --egg-base ../../build/teleop build --build-base /home/edipo/ros2_tfm/build/teleop/build install --record /home/edipo/ros2_tfm/build/teleop/install.log --single-version-externally-managed
[1.902s] DEBUG:colcon.colcon_core.event_handler.log_command:Invoking command in '/home/edipo/ros2_tfm/src/ARM_GO2_final_URDF_description': PYTHONPATH=/home/edipo/ros2_tfm/build/ARM_GO2_final_URDF_description/prefix_override:/home/edipo/ros2_tfm/install/ARM_GO2_final_URDF_description/lib/python3.10/site-packages:${PYTHONPATH} /usr/bin/python3 setup.py egg_info --egg-base ../../build/ARM_GO2_final_URDF_description build --build-base /home/edipo/ros2_tfm/build/ARM_GO2_final_URDF_description/build install --record /home/edipo/ros2_tfm/build/ARM_GO2_final_URDF_description/install.log --install-scripts $base/lib/ARM_GO2_final_URDF_description --single-version-externally-managed
[1.915s] DEBUG:colcon.colcon_core.event_handler.log_command:Invoking command in '/home/edipo/ros2_tfm/src/GO2_ARM_description': PYTHONPATH=/home/edipo/ros2_tfm/build/GO2_ARM_description/prefix_override:/home/edipo/ros2_tfm/install/GO2_ARM_description/lib/python3.10/site-packages:${PYTHONPATH} /usr/bin/python3 setup.py egg_info --egg-base ../../build/GO2_ARM_description build --build-base /home/edipo/ros2_tfm/build/GO2_ARM_description/build install --record /home/edipo/ros2_tfm/build/GO2_ARM_description/install.log --install-scripts $base/lib/GO2_ARM_description --single-version-externally-managed
[2.161s] DEBUG:colcon.colcon_core.event_handler.log_command:Invoked command in '/home/edipo/ros2_tfm/src/teleop' returned '0': PYTHONPATH=/home/edipo/ros2_tfm/build/teleop/prefix_override:/home/edipo/ros2_tfm/install/teleop/lib/python3.10/site-packages:${PYTHONPATH} /usr/bin/python3 setup.py egg_info --egg-base ../../build/teleop build --build-base /home/edipo/ros2_tfm/build/teleop/build install --record /home/edipo/ros2_tfm/build/teleop/install.log --single-version-externally-managed
[2.174s] Level 1:colcon.colcon_core.environment:checking '/home/edipo/ros2_tfm/install/teleop' for CMake module files
[2.174s] Level 1:colcon.colcon_core.environment:checking '/home/edipo/ros2_tfm/install/teleop' for CMake config files
[2.175s] Level 1:colcon.colcon_core.environment:checking '/home/edipo/ros2_tfm/install/teleop/lib'
[2.175s] Level 1:colcon.colcon_core.environment:checking '/home/edipo/ros2_tfm/install/teleop/bin'
[2.175s] Level 1:colcon.colcon_core.environment:checking '/home/edipo/ros2_tfm/install/teleop/lib/pkgconfig/teleop.pc'
[2.175s] Level 1:colcon.colcon_core.environment:checking '/home/edipo/ros2_tfm/install/teleop/lib/python3.10/site-packages'
[2.175s] Level 1:colcon.colcon_core.shell:create_environment_hook('teleop', 'pythonpath')
[2.186s] INFO:colcon.colcon_core.shell:Creating environment hook '/home/edipo/ros2_tfm/install/teleop/share/teleop/hook/pythonpath.ps1'
[2.186s] INFO:colcon.colcon_core.shell:Creating environment descriptor '/home/edipo/ros2_tfm/install/teleop/share/teleop/hook/pythonpath.dsv'
[2.186s] INFO:colcon.colcon_core.shell:Creating environment hook '/home/edipo/ros2_tfm/install/teleop/share/teleop/hook/pythonpath.sh'
[2.187s] Level 1:colcon.colcon_core.environment:checking '/home/edipo/ros2_tfm/install/teleop/bin'
[2.187s] Level 1:colcon.colcon_core.environment:create_environment_scripts_only(teleop)
[2.198s] INFO:colcon.colcon_core.shell:Creating package script '/home/edipo/ros2_tfm/install/teleop/share/teleop/package.ps1'
[2.198s] INFO:colcon.colcon_core.shell:Creating package descriptor '/home/edipo/ros2_tfm/install/teleop/share/teleop/package.dsv'
[2.199s] INFO:colcon.colcon_core.shell:Creating package script '/home/edipo/ros2_tfm/install/teleop/share/teleop/package.sh'
[2.199s] INFO:colcon.colcon_core.shell:Creating package script '/home/edipo/ros2_tfm/install/teleop/share/teleop/package.bash'
[2.200s] INFO:colcon.colcon_core.shell:Creating package script '/home/edipo/ros2_tfm/install/teleop/share/teleop/package.zsh'
[2.200s] Level 1:colcon.colcon_core.environment:create_file_with_runtime_dependencies(/home/edipo/ros2_tfm/install/teleop/share/colcon-core/packages/teleop)
[2.202s] DEBUG:colcon.colcon_core.event_handler.log_command:Invoked command in '/home/edipo/ros2_tfm/src/ARM_GO2_final_URDF_description' returned '0': PYTHONPATH=/home/edipo/ros2_tfm/build/ARM_GO2_final_URDF_description/prefix_override:/home/edipo/ros2_tfm/install/ARM_GO2_final_URDF_description/lib/python3.10/site-packages:${PYTHONPATH} /usr/bin/python3 setup.py egg_info --egg-base ../../build/ARM_GO2_final_URDF_description build --build-base /home/edipo/ros2_tfm/build/ARM_GO2_final_URDF_description/build install --record /home/edipo/ros2_tfm/build/ARM_GO2_final_URDF_description/install.log --install-scripts $base/lib/ARM_GO2_final_URDF_description --single-version-externally-managed
[2.213s] Level 1:colcon.colcon_core.environment:checking '/home/edipo/ros2_tfm/install/ARM_GO2_final_URDF_description' for CMake module files
[2.213s] Level 1:colcon.colcon_core.environment:checking '/home/edipo/ros2_tfm/install/ARM_GO2_final_URDF_description' for CMake config files
[2.213s] Level 1:colcon.colcon_core.environment:checking '/home/edipo/ros2_tfm/install/ARM_GO2_final_URDF_description/lib'
[2.213s] Level 1:colcon.colcon_core.environment:checking '/home/edipo/ros2_tfm/install/ARM_GO2_final_URDF_description/bin'
[2.214s] Level 1:colcon.colcon_core.environment:checking '/home/edipo/ros2_tfm/install/ARM_GO2_final_URDF_description/lib/pkgconfig/ARM_GO2_final_URDF_description.pc'
[2.214s] Level 1:colcon.colcon_core.environment:checking '/home/edipo/ros2_tfm/install/ARM_GO2_final_URDF_description/lib/python3.10/site-packages'
[2.214s] Level 1:colcon.colcon_core.shell:create_environment_hook('ARM_GO2_final_URDF_description', 'pythonpath')
[2.223s] INFO:colcon.colcon_core.shell:Creating environment hook '/home/edipo/ros2_tfm/install/ARM_GO2_final_URDF_description/share/ARM_GO2_final_URDF_description/hook/pythonpath.ps1'
[2.223s] INFO:colcon.colcon_core.shell:Creating environment descriptor '/home/edipo/ros2_tfm/install/ARM_GO2_final_URDF_description/share/ARM_GO2_final_URDF_description/hook/pythonpath.dsv'
[2.224s] INFO:colcon.colcon_core.shell:Creating environment hook '/home/edipo/ros2_tfm/install/ARM_GO2_final_URDF_description/share/ARM_GO2_final_URDF_description/hook/pythonpath.sh'
[2.224s] Level 1:colcon.colcon_core.environment:checking '/home/edipo/ros2_tfm/install/ARM_GO2_final_URDF_description/bin'
[2.224s] Level 1:colcon.colcon_core.environment:create_environment_scripts_only(ARM_GO2_final_URDF_description)
[2.233s] INFO:colcon.colcon_core.shell:Creating package script '/home/edipo/ros2_tfm/install/ARM_GO2_final_URDF_description/share/ARM_GO2_final_URDF_description/package.ps1'
[2.234s] INFO:colcon.colcon_core.shell:Creating package descriptor '/home/edipo/ros2_tfm/install/ARM_GO2_final_URDF_description/share/ARM_GO2_final_URDF_description/package.dsv'
[2.234s] INFO:colcon.colcon_core.shell:Creating package script '/home/edipo/ros2_tfm/install/ARM_GO2_final_URDF_description/share/ARM_GO2_final_URDF_description/package.sh'
[2.234s] INFO:colcon.colcon_core.shell:Creating package script '/home/edipo/ros2_tfm/install/ARM_GO2_final_URDF_description/share/ARM_GO2_final_URDF_description/package.bash'
[2.235s] INFO:colcon.colcon_core.shell:Creating package script '/home/edipo/ros2_tfm/install/ARM_GO2_final_URDF_description/share/ARM_GO2_final_URDF_description/package.zsh'
[2.235s] Level 1:colcon.colcon_core.environment:create_file_with_runtime_dependencies(/home/edipo/ros2_tfm/install/ARM_GO2_final_URDF_description/share/colcon-core/packages/ARM_GO2_final_URDF_description)
[2.236s] DEBUG:colcon.colcon_core.event_handler.log_command:Invoked command in '/home/edipo/ros2_tfm/src/GO2_ARM_description' returned '0': PYTHONPATH=/home/edipo/ros2_tfm/build/GO2_ARM_description/prefix_override:/home/edipo/ros2_tfm/install/GO2_ARM_description/lib/python3.10/site-packages:${PYTHONPATH} /usr/bin/python3 setup.py egg_info --egg-base ../../build/GO2_ARM_description build --build-base /home/edipo/ros2_tfm/build/GO2_ARM_description/build install --record /home/edipo/ros2_tfm/build/GO2_ARM_description/install.log --install-scripts $base/lib/GO2_ARM_description --single-version-externally-managed
[2.245s] Level 1:colcon.colcon_core.environment:checking '/home/edipo/ros2_tfm/install/GO2_ARM_description' for CMake module files
[2.246s] Level 1:colcon.colcon_core.environment:checking '/home/edipo/ros2_tfm/install/GO2_ARM_description' for CMake config files
[2.246s] Level 1:colcon.colcon_core.environment:checking '/home/edipo/ros2_tfm/install/GO2_ARM_description/lib'
[2.246s] Level 1:colcon.colcon_core.environment:checking '/home/edipo/ros2_tfm/install/GO2_ARM_description/bin'
[2.246s] Level 1:colcon.colcon_core.environment:checking '/home/edipo/ros2_tfm/install/GO2_ARM_description/lib/pkgconfig/GO2_ARM_description.pc'
[2.246s] Level 1:colcon.colcon_core.environment:checking '/home/edipo/ros2_tfm/install/GO2_ARM_description/lib/python3.10/site-packages'
[2.246s] Level 1:colcon.colcon_core.shell:create_environment_hook('GO2_ARM_description', 'pythonpath')
[2.264s] INFO:colcon.colcon_core.shell:Creating environment hook '/home/edipo/ros2_tfm/install/GO2_ARM_description/share/GO2_ARM_description/hook/pythonpath.ps1'
[2.264s] INFO:colcon.colcon_core.shell:Creating environment descriptor '/home/edipo/ros2_tfm/install/GO2_ARM_description/share/GO2_ARM_description/hook/pythonpath.dsv'
[2.264s] INFO:colcon.colcon_core.shell:Creating environment hook '/home/edipo/ros2_tfm/install/GO2_ARM_description/share/GO2_ARM_description/hook/pythonpath.sh'
[2.265s] Level 1:colcon.colcon_core.environment:checking '/home/edipo/ros2_tfm/install/GO2_ARM_description/bin'
[2.265s] Level 1:colcon.colcon_core.environment:create_environment_scripts_only(GO2_ARM_description)
[2.274s] INFO:colcon.colcon_core.shell:Creating package script '/home/edipo/ros2_tfm/install/GO2_ARM_description/share/GO2_ARM_description/package.ps1'
[2.275s] INFO:colcon.colcon_core.shell:Creating package descriptor '/home/edipo/ros2_tfm/install/GO2_ARM_description/share/GO2_ARM_description/package.dsv'
[2.275s] INFO:colcon.colcon_core.shell:Creating package script '/home/edipo/ros2_tfm/install/GO2_ARM_description/share/GO2_ARM_description/package.sh'
[2.275s] INFO:colcon.colcon_core.shell:Creating package script '/home/edipo/ros2_tfm/install/GO2_ARM_description/share/GO2_ARM_description/package.bash'
[2.276s] INFO:colcon.colcon_core.shell:Creating package script '/home/edipo/ros2_tfm/install/GO2_ARM_description/share/GO2_ARM_description/package.zsh'
[2.276s] Level 1:colcon.colcon_core.environment:create_file_with_runtime_dependencies(/home/edipo/ros2_tfm/install/GO2_ARM_description/share/colcon-core/packages/GO2_ARM_description)
[2.278s] DEBUG:colcon.colcon_core.event_handler.log_command:Invoked command in '/home/edipo/ros2_tfm/build/robot_interfaces' returned '0': CMAKE_PREFIX_PATH=/opt/ros/humble /usr/bin/cmake /home/edipo/ros2_tfm/src/robot_interfaces -DCMAKE_INSTALL_PREFIX=/home/edipo/ros2_tfm/install/robot_interfaces
[2.278s] DEBUG:colcon.colcon_core.event_handler.log_command:Invoking command in '/home/edipo/ros2_tfm/build/robot_interfaces': CMAKE_PREFIX_PATH=/opt/ros/humble /usr/bin/cmake --build /home/edipo/ros2_tfm/build/robot_interfaces -- -j12 -l12
[2.682s] DEBUG:colcon.colcon_core.event_handler.log_command:Invoked command in '/home/edipo/ros2_tfm/build/turtlebot3_fake_node' returned '0': CMAKE_PREFIX_PATH=/opt/ros/humble /usr/bin/cmake /home/edipo/ros2_tfm/src/turtlebot3_simulations/turtlebot3_fake_node -DCMAKE_INSTALL_PREFIX=/home/edipo/ros2_tfm/install/turtlebot3_fake_node
[2.684s] DEBUG:colcon.colcon_core.event_handler.log_command:Invoking command in '/home/edipo/ros2_tfm/build/turtlebot3_fake_node': CMAKE_PREFIX_PATH=/opt/ros/humble /usr/bin/cmake --build /home/edipo/ros2_tfm/build/turtlebot3_fake_node -- -j12 -l12
[3.202s] DEBUG:colcon.colcon_core.event_handler.log_command:Invoked command in '/home/edipo/ros2_tfm/build/turtlebot3_gazebo' returned '0': CMAKE_PREFIX_PATH=/opt/ros/humble /usr/bin/cmake /home/edipo/ros2_tfm/src/turtlebot3_simulations/turtlebot3_gazebo -DCMAKE_INSTALL_PREFIX=/home/edipo/ros2_tfm/install/turtlebot3_gazebo
[3.203s] DEBUG:colcon.colcon_core.event_handler.log_command:Invoking command in '/home/edipo/ros2_tfm/build/turtlebot3_gazebo': CMAKE_PREFIX_PATH=/opt/ros/humble /usr/bin/cmake --build /home/edipo/ros2_tfm/build/turtlebot3_gazebo -- -j12 -l12
[4.486s] DEBUG:colcon.colcon_core.event_handler.log_command:Invoked command in '/home/edipo/ros2_tfm/build/robot_interfaces' returned '0': CMAKE_PREFIX_PATH=/opt/ros/humble /usr/bin/cmake --build /home/edipo/ros2_tfm/build/robot_interfaces -- -j12 -l12
[4.570s] DEBUG:colcon.colcon_core.event_handler.log_command:Invoking command in '/home/edipo/ros2_tfm/build/robot_interfaces': CMAKE_PREFIX_PATH=/opt/ros/humble /usr/bin/cmake --install /home/edipo/ros2_tfm/build/robot_interfaces
[4.650s] Level 1:colcon.colcon_core.environment:create_environment_scripts_only(robot_interfaces)
[4.651s] DEBUG:colcon.colcon_core.event_handler.log_command:Invoked command in '/home/edipo/ros2_tfm/build/robot_interfaces' returned '0': CMAKE_PREFIX_PATH=/opt/ros/humble /usr/bin/cmake --install /home/edipo/ros2_tfm/build/robot_interfaces
[4.663s] Level 1:colcon.colcon_core.environment:checking '/home/edipo/ros2_tfm/install/robot_interfaces' for CMake module files
[4.663s] Level 1:colcon.colcon_core.environment:checking '/home/edipo/ros2_tfm/install/robot_interfaces' for CMake config files
[4.663s] Level 1:colcon.colcon_core.shell:create_environment_hook('robot_interfaces', 'cmake_prefix_path')
[4.675s] INFO:colcon.colcon_core.shell:Creating environment hook '/home/edipo/ros2_tfm/install/robot_interfaces/share/robot_interfaces/hook/cmake_prefix_path.ps1'
[4.675s] INFO:colcon.colcon_core.shell:Creating environment descriptor '/home/edipo/ros2_tfm/install/robot_interfaces/share/robot_interfaces/hook/cmake_prefix_path.dsv'
[4.675s] INFO:colcon.colcon_core.shell:Creating environment hook '/home/edipo/ros2_tfm/install/robot_interfaces/share/robot_interfaces/hook/cmake_prefix_path.sh'
[4.676s] Level 1:colcon.colcon_core.environment:checking '/home/edipo/ros2_tfm/install/robot_interfaces/lib'
[4.676s] Level 1:colcon.colcon_core.shell:create_environment_hook('robot_interfaces', 'ld_library_path_lib')
[4.689s] INFO:colcon.colcon_core.shell:Creating environment hook '/home/edipo/ros2_tfm/install/robot_interfaces/share/robot_interfaces/hook/ld_library_path_lib.ps1'
[4.690s] INFO:colcon.colcon_core.shell:Creating environment descriptor '/home/edipo/ros2_tfm/install/robot_interfaces/share/robot_interfaces/hook/ld_library_path_lib.dsv'
[4.690s] INFO:colcon.colcon_core.shell:Creating environment hook '/home/edipo/ros2_tfm/install/robot_interfaces/share/robot_interfaces/hook/ld_library_path_lib.sh'
[4.690s] Level 1:colcon.colcon_core.environment:checking '/home/edipo/ros2_tfm/install/robot_interfaces/bin'
[4.690s] Level 1:colcon.colcon_core.environment:checking '/home/edipo/ros2_tfm/install/robot_interfaces/lib/pkgconfig/robot_interfaces.pc'
[4.690s] Level 1:colcon.colcon_core.environment:checking '/home/edipo/ros2_tfm/install/robot_interfaces/lib/python3.10/site-packages'
[4.691s] Level 1:colcon.colcon_core.environment:checking '/home/edipo/ros2_tfm/install/robot_interfaces/bin'
[4.702s] INFO:colcon.colcon_core.shell:Creating package script '/home/edipo/ros2_tfm/install/robot_interfaces/share/robot_interfaces/package.ps1'
[4.702s] INFO:colcon.colcon_core.shell:Creating package descriptor '/home/edipo/ros2_tfm/install/robot_interfaces/share/robot_interfaces/package.dsv'
[4.702s] INFO:colcon.colcon_core.shell:Creating package script '/home/edipo/ros2_tfm/install/robot_interfaces/share/robot_interfaces/package.sh'
[4.703s] INFO:colcon.colcon_core.shell:Creating package script '/home/edipo/ros2_tfm/install/robot_interfaces/share/robot_interfaces/package.bash'
[4.703s] INFO:colcon.colcon_core.shell:Creating package script '/home/edipo/ros2_tfm/install/robot_interfaces/share/robot_interfaces/package.zsh'
[4.703s] Level 1:colcon.colcon_core.environment:create_file_with_runtime_dependencies(/home/edipo/ros2_tfm/install/robot_interfaces/share/colcon-core/packages/robot_interfaces)
[4.782s] Level 1:colcon.colcon_core.environment:create_environment_scripts_only(robot_interfaces)
[4.792s] Level 1:colcon.colcon_core.environment:checking '/home/edipo/ros2_tfm/install/robot_interfaces' for CMake module files
[4.793s] Level 1:colcon.colcon_core.environment:checking '/home/edipo/ros2_tfm/install/robot_interfaces' for CMake config files
[4.793s] Level 1:colcon.colcon_core.shell:create_environment_hook('robot_interfaces', 'cmake_prefix_path')
[4.804s] INFO:colcon.colcon_core.shell:Creating environment hook '/home/edipo/ros2_tfm/install/robot_interfaces/share/robot_interfaces/hook/cmake_prefix_path.ps1'
[4.805s] INFO:colcon.colcon_core.shell:Creating environment descriptor '/home/edipo/ros2_tfm/install/robot_interfaces/share/robot_interfaces/hook/cmake_prefix_path.dsv'
[4.805s] INFO:colcon.colcon_core.shell:Creating environment hook '/home/edipo/ros2_tfm/install/robot_interfaces/share/robot_interfaces/hook/cmake_prefix_path.sh'
[4.805s] Level 1:colcon.colcon_core.environment:checking '/home/edipo/ros2_tfm/install/robot_interfaces/lib'
[4.805s] Level 1:colcon.colcon_core.shell:create_environment_hook('robot_interfaces', 'ld_library_path_lib')
[4.816s] INFO:colcon.colcon_core.shell:Creating environment hook '/home/edipo/ros2_tfm/install/robot_interfaces/share/robot_interfaces/hook/ld_library_path_lib.ps1'
[4.817s] INFO:colcon.colcon_core.shell:Creating environment descriptor '/home/edipo/ros2_tfm/install/robot_interfaces/share/robot_interfaces/hook/ld_library_path_lib.dsv'
[4.817s] INFO:colcon.colcon_core.shell:Creating environment hook '/home/edipo/ros2_tfm/install/robot_interfaces/share/robot_interfaces/hook/ld_library_path_lib.sh'
[4.817s] Level 1:colcon.colcon_core.environment:checking '/home/edipo/ros2_tfm/install/robot_interfaces/bin'
[4.817s] Level 1:colcon.colcon_core.environment:checking '/home/edipo/ros2_tfm/install/robot_interfaces/lib/pkgconfig/robot_interfaces.pc'
[4.817s] Level 1:colcon.colcon_core.environment:checking '/home/edipo/ros2_tfm/install/robot_interfaces/lib/python3.10/site-packages'
[4.818s] Level 1:colcon.colcon_core.environment:checking '/home/edipo/ros2_tfm/install/robot_interfaces/bin'
[4.838s] INFO:colcon.colcon_core.shell:Creating package script '/home/edipo/ros2_tfm/install/robot_interfaces/share/robot_interfaces/package.ps1'
[4.839s] INFO:colcon.colcon_core.shell:Creating package descriptor '/home/edipo/ros2_tfm/install/robot_interfaces/share/robot_interfaces/package.dsv'
[4.839s] INFO:colcon.colcon_core.shell:Creating package script '/home/edipo/ros2_tfm/install/robot_interfaces/share/robot_interfaces/package.sh'
[4.839s] INFO:colcon.colcon_core.shell:Creating package script '/home/edipo/ros2_tfm/install/robot_interfaces/share/robot_interfaces/package.bash'
[4.840s] INFO:colcon.colcon_core.shell:Creating package script '/home/edipo/ros2_tfm/install/robot_interfaces/share/robot_interfaces/package.zsh'
[4.840s] Level 1:colcon.colcon_core.environment:create_file_with_runtime_dependencies(/home/edipo/ros2_tfm/install/robot_interfaces/share/colcon-core/packages/robot_interfaces)
[4.840s] INFO:colcon.colcon_ros.task.ament_python.build:Building ROS package in '/home/edipo/ros2_tfm/src/mpu_pub' with build type 'ament_python'
[4.841s] Level 1:colcon.colcon_core.shell:create_environment_hook('mpu_pub', 'ament_prefix_path')
[4.866s] INFO:colcon.colcon_core.shell:Creating environment hook '/home/edipo/ros2_tfm/install/mpu_pub/share/mpu_pub/hook/ament_prefix_path.ps1'
[4.866s] INFO:colcon.colcon_core.shell:Creating environment descriptor '/home/edipo/ros2_tfm/install/mpu_pub/share/mpu_pub/hook/ament_prefix_path.dsv'
[4.867s] INFO:colcon.colcon_core.shell:Creating environment hook '/home/edipo/ros2_tfm/install/mpu_pub/share/mpu_pub/hook/ament_prefix_path.sh'
[4.878s] INFO:colcon.colcon_core.shell:Skip shell extension 'powershell' for command environment: Not usable outside of PowerShell
[4.878s] DEBUG:colcon.colcon_core.shell:Skip shell extension 'dsv' for command environment
[4.903s] INFO:colcon.colcon_ros.task.ament_python.build:Building ROS package in '/home/edipo/ros2_tfm/src/quadruped_arm_motion' with build type 'ament_python'
[4.903s] Level 1:colcon.colcon_core.shell:create_environment_hook('quadruped_arm_motion', 'ament_prefix_path')
[4.916s] INFO:colcon.colcon_core.shell:Creating environment hook '/home/edipo/ros2_tfm/install/quadruped_arm_motion/share/quadruped_arm_motion/hook/ament_prefix_path.ps1'
[4.916s] INFO:colcon.colcon_core.shell:Creating environment descriptor '/home/edipo/ros2_tfm/install/quadruped_arm_motion/share/quadruped_arm_motion/hook/ament_prefix_path.dsv'
[4.916s] INFO:colcon.colcon_core.shell:Creating environment hook '/home/edipo/ros2_tfm/install/quadruped_arm_motion/share/quadruped_arm_motion/hook/ament_prefix_path.sh'
[4.933s] INFO:colcon.colcon_core.shell:Skip shell extension 'powershell' for command environment: Not usable outside of PowerShell
[4.933s] DEBUG:colcon.colcon_core.shell:Skip shell extension 'dsv' for command environment
[5.213s] INFO:colcon.colcon_core.task.python.build:Building Python package in '/home/edipo/ros2_tfm/src/mpu_pub'
[5.224s] INFO:colcon.colcon_core.shell:Skip shell extension 'powershell' for command environment: Not usable outside of PowerShell
[5.224s] DEBUG:colcon.colcon_core.shell:Skip shell extension 'dsv' for command environment
[5.493s] INFO:colcon.colcon_core.task.python.build:Building Python package in '/home/edipo/ros2_tfm/src/quadruped_arm_motion'
[5.504s] INFO:colcon.colcon_core.shell:Skip shell extension 'powershell' for command environment: Not usable outside of PowerShell
[5.504s] DEBUG:colcon.colcon_core.shell:Skip shell extension 'dsv' for command environment
[5.927s] DEBUG:colcon.colcon_core.event_handler.log_command:Invoking command in '/home/edipo/ros2_tfm/src/mpu_pub': AMENT_PREFIX_PATH=/home/edipo/ros2_tfm/install/robot_interfaces:${AMENT_PREFIX_PATH} CMAKE_PREFIX_PATH=/home/edipo/ros2_tfm/install/robot_interfaces LD_LIBRARY_PATH=/home/edipo/ros2_tfm/install/robot_interfaces/lib:${LD_LIBRARY_PATH} PYTHONPATH=/home/edipo/ros2_tfm/build/mpu_pub/prefix_override:/home/edipo/ros2_tfm/install/mpu_pub/lib/python3.10/site-packages:/home/edipo/ros2_tfm/install/robot_interfaces/local/lib/python3.10/dist-packages:${PYTHONPATH} /usr/bin/python3 setup.py egg_info --egg-base ../../build/mpu_pub build --build-base /home/edipo/ros2_tfm/build/mpu_pub/build install --record /home/edipo/ros2_tfm/build/mpu_pub/install.log --single-version-externally-managed
[6.060s] DEBUG:colcon.colcon_core.event_handler.log_command:Invoking command in '/home/edipo/ros2_tfm/src/quadruped_arm_motion': AMENT_PREFIX_PATH=/home/edipo/ros2_tfm/install/robot_interfaces:${AMENT_PREFIX_PATH} CMAKE_PREFIX_PATH=/home/edipo/ros2_tfm/install/robot_interfaces LD_LIBRARY_PATH=/home/edipo/ros2_tfm/install/robot_interfaces/lib:${LD_LIBRARY_PATH} PYTHONPATH=/home/edipo/ros2_tfm/build/quadruped_arm_motion/prefix_override:/home/edipo/ros2_tfm/install/quadruped_arm_motion/lib/python3.10/site-packages:/home/edipo/ros2_tfm/install/robot_interfaces/local/lib/python3.10/dist-packages:${PYTHONPATH} /usr/bin/python3 setup.py egg_info --egg-base ../../build/quadruped_arm_motion build --build-base /home/edipo/ros2_tfm/build/quadruped_arm_motion/build install --record /home/edipo/ros2_tfm/build/quadruped_arm_motion/install.log --single-version-externally-managed
[6.203s] DEBUG:colcon.colcon_core.event_handler.log_command:Invoked command in '/home/edipo/ros2_tfm/src/mpu_pub' returned '0': AMENT_PREFIX_PATH=/home/edipo/ros2_tfm/install/robot_interfaces:${AMENT_PREFIX_PATH} CMAKE_PREFIX_PATH=/home/edipo/ros2_tfm/install/robot_interfaces LD_LIBRARY_PATH=/home/edipo/ros2_tfm/install/robot_interfaces/lib:${LD_LIBRARY_PATH} PYTHONPATH=/home/edipo/ros2_tfm/build/mpu_pub/prefix_override:/home/edipo/ros2_tfm/install/mpu_pub/lib/python3.10/site-packages:/home/edipo/ros2_tfm/install/robot_interfaces/local/lib/python3.10/dist-packages:${PYTHONPATH} /usr/bin/python3 setup.py egg_info --egg-base ../../build/mpu_pub build --build-base /home/edipo/ros2_tfm/build/mpu_pub/build install --record /home/edipo/ros2_tfm/build/mpu_pub/install.log --single-version-externally-managed
[6.230s] Level 1:colcon.colcon_core.environment:checking '/home/edipo/ros2_tfm/install/mpu_pub' for CMake module files
[6.231s] Level 1:colcon.colcon_core.environment:checking '/home/edipo/ros2_tfm/install/mpu_pub' for CMake config files
[6.232s] Level 1:colcon.colcon_core.environment:checking '/home/edipo/ros2_tfm/install/mpu_pub/lib'
[6.232s] Level 1:colcon.colcon_core.environment:checking '/home/edipo/ros2_tfm/install/mpu_pub/bin'
[6.232s] Level 1:colcon.colcon_core.environment:checking '/home/edipo/ros2_tfm/install/mpu_pub/lib/pkgconfig/mpu_pub.pc'
[6.232s] Level 1:colcon.colcon_core.environment:checking '/home/edipo/ros2_tfm/install/mpu_pub/lib/python3.10/site-packages'
[6.233s] Level 1:colcon.colcon_core.shell:create_environment_hook('mpu_pub', 'pythonpath')
[6.259s] INFO:colcon.colcon_core.shell:Creating environment hook '/home/edipo/ros2_tfm/install/mpu_pub/share/mpu_pub/hook/pythonpath.ps1'
[6.259s] INFO:colcon.colcon_core.shell:Creating environment descriptor '/home/edipo/ros2_tfm/install/mpu_pub/share/mpu_pub/hook/pythonpath.dsv'
[6.260s] INFO:colcon.colcon_core.shell:Creating environment hook '/home/edipo/ros2_tfm/install/mpu_pub/share/mpu_pub/hook/pythonpath.sh'
[6.260s] Level 1:colcon.colcon_core.environment:checking '/home/edipo/ros2_tfm/install/mpu_pub/bin'
[6.261s] Level 1:colcon.colcon_core.environment:create_environment_scripts_only(mpu_pub)
[6.287s] INFO:colcon.colcon_core.shell:Creating package script '/home/edipo/ros2_tfm/install/mpu_pub/share/mpu_pub/package.ps1'
[6.288s] INFO:colcon.colcon_core.shell:Creating package descriptor '/home/edipo/ros2_tfm/install/mpu_pub/share/mpu_pub/package.dsv'
[6.289s] INFO:colcon.colcon_core.shell:Creating package script '/home/edipo/ros2_tfm/install/mpu_pub/share/mpu_pub/package.sh'
[6.289s] INFO:colcon.colcon_core.shell:Creating package script '/home/edipo/ros2_tfm/install/mpu_pub/share/mpu_pub/package.bash'
[6.290s] INFO:colcon.colcon_core.shell:Creating package script '/home/edipo/ros2_tfm/install/mpu_pub/share/mpu_pub/package.zsh'
[6.290s] Level 1:colcon.colcon_core.environment:create_file_with_runtime_dependencies(/home/edipo/ros2_tfm/install/mpu_pub/share/colcon-core/packages/mpu_pub)
[6.394s] DEBUG:colcon.colcon_core.event_handler.log_command:Invoked command in '/home/edipo/ros2_tfm/src/quadruped_arm_motion' returned '0': AMENT_PREFIX_PATH=/home/edipo/ros2_tfm/install/robot_interfaces:${AMENT_PREFIX_PATH} CMAKE_PREFIX_PATH=/home/edipo/ros2_tfm/install/robot_interfaces LD_LIBRARY_PATH=/home/edipo/ros2_tfm/install/robot_interfaces/lib:${LD_LIBRARY_PATH} PYTHONPATH=/home/edipo/ros2_tfm/build/quadruped_arm_motion/prefix_override:/home/edipo/ros2_tfm/install/quadruped_arm_motion/lib/python3.10/site-packages:/home/edipo/ros2_tfm/install/robot_interfaces/local/lib/python3.10/dist-packages:${PYTHONPATH} /usr/bin/python3 setup.py egg_info --egg-base ../../build/quadruped_arm_motion build --build-base /home/edipo/ros2_tfm/build/quadruped_arm_motion/build install --record /home/edipo/ros2_tfm/build/quadruped_arm_motion/install.log --single-version-externally-managed
[6.406s] Level 1:colcon.colcon_core.environment:checking '/home/edipo/ros2_tfm/install/quadruped_arm_motion' for CMake module files
[6.406s] Level 1:colcon.colcon_core.environment:checking '/home/edipo/ros2_tfm/install/quadruped_arm_motion' for CMake config files
[6.406s] Level 1:colcon.colcon_core.environment:checking '/home/edipo/ros2_tfm/install/quadruped_arm_motion/lib'
[6.407s] Level 1:colcon.colcon_core.environment:checking '/home/edipo/ros2_tfm/install/quadruped_arm_motion/bin'
[6.407s] Level 1:colcon.colcon_core.environment:checking '/home/edipo/ros2_tfm/install/quadruped_arm_motion/lib/pkgconfig/quadruped_arm_motion.pc'
[6.407s] Level 1:colcon.colcon_core.environment:checking '/home/edipo/ros2_tfm/install/quadruped_arm_motion/lib/python3.10/site-packages'
[6.407s] Level 1:colcon.colcon_core.shell:create_environment_hook('quadruped_arm_motion', 'pythonpath')
[6.418s] INFO:colcon.colcon_core.shell:Creating environment hook '/home/edipo/ros2_tfm/install/quadruped_arm_motion/share/quadruped_arm_motion/hook/pythonpath.ps1'
[6.418s] INFO:colcon.colcon_core.shell:Creating environment descriptor '/home/edipo/ros2_tfm/install/quadruped_arm_motion/share/quadruped_arm_motion/hook/pythonpath.dsv'
[6.418s] INFO:colcon.colcon_core.shell:Creating environment hook '/home/edipo/ros2_tfm/install/quadruped_arm_motion/share/quadruped_arm_motion/hook/pythonpath.sh'
[6.419s] Level 1:colcon.colcon_core.environment:checking '/home/edipo/ros2_tfm/install/quadruped_arm_motion/bin'
[6.419s] Level 1:colcon.colcon_core.environment:create_environment_scripts_only(quadruped_arm_motion)
[6.430s] INFO:colcon.colcon_core.shell:Creating package script '/home/edipo/ros2_tfm/install/quadruped_arm_motion/share/quadruped_arm_motion/package.ps1'
[6.431s] INFO:colcon.colcon_core.shell:Creating package descriptor '/home/edipo/ros2_tfm/install/quadruped_arm_motion/share/quadruped_arm_motion/package.dsv'
[6.431s] INFO:colcon.colcon_core.shell:Creating package script '/home/edipo/ros2_tfm/install/quadruped_arm_motion/share/quadruped_arm_motion/package.sh'
[6.431s] INFO:colcon.colcon_core.shell:Creating package script '/home/edipo/ros2_tfm/install/quadruped_arm_motion/share/quadruped_arm_motion/package.bash'
[6.431s] INFO:colcon.colcon_core.shell:Creating package script '/home/edipo/ros2_tfm/install/quadruped_arm_motion/share/quadruped_arm_motion/package.zsh'
[6.432s] Level 1:colcon.colcon_core.environment:create_file_with_runtime_dependencies(/home/edipo/ros2_tfm/install/quadruped_arm_motion/share/colcon-core/packages/quadruped_arm_motion)
[12.204s] DEBUG:colcon.colcon_core.event_handler.log_command:Invoked command in '/home/edipo/ros2_tfm/build/turtlebot3_fake_node' returned '0': CMAKE_PREFIX_PATH=/opt/ros/humble /usr/bin/cmake --build /home/edipo/ros2_tfm/build/turtlebot3_fake_node -- -j12 -l12
[12.236s] DEBUG:colcon.colcon_core.event_handler.log_command:Invoking command in '/home/edipo/ros2_tfm/build/turtlebot3_fake_node': CMAKE_PREFIX_PATH=/opt/ros/humble /usr/bin/cmake --install /home/edipo/ros2_tfm/build/turtlebot3_fake_node
[12.264s] Level 1:colcon.colcon_core.environment:create_environment_scripts_only(turtlebot3_fake_node)
[12.265s] DEBUG:colcon.colcon_core.event_handler.log_command:Invoked command in '/home/edipo/ros2_tfm/build/turtlebot3_fake_node' returned '0': CMAKE_PREFIX_PATH=/opt/ros/humble /usr/bin/cmake --install /home/edipo/ros2_tfm/build/turtlebot3_fake_node
[12.301s] Level 1:colcon.colcon_core.environment:checking '/home/edipo/ros2_tfm/install/turtlebot3_fake_node' for CMake module files
[12.302s] Level 1:colcon.colcon_core.environment:checking '/home/edipo/ros2_tfm/install/turtlebot3_fake_node' for CMake config files
[12.303s] Level 1:colcon.colcon_core.shell:create_environment_hook('turtlebot3_fake_node', 'cmake_prefix_path')
[12.338s] INFO:colcon.colcon_core.shell:Creating environment hook '/home/edipo/ros2_tfm/install/turtlebot3_fake_node/share/turtlebot3_fake_node/hook/cmake_prefix_path.ps1'
[12.340s] INFO:colcon.colcon_core.shell:Creating environment descriptor '/home/edipo/ros2_tfm/install/turtlebot3_fake_node/share/turtlebot3_fake_node/hook/cmake_prefix_path.dsv'
[12.340s] INFO:colcon.colcon_core.shell:Creating environment hook '/home/edipo/ros2_tfm/install/turtlebot3_fake_node/share/turtlebot3_fake_node/hook/cmake_prefix_path.sh'
[12.341s] Level 1:colcon.colcon_core.environment:checking '/home/edipo/ros2_tfm/install/turtlebot3_fake_node/lib'
[12.342s] Level 1:colcon.colcon_core.environment:checking '/home/edipo/ros2_tfm/install/turtlebot3_fake_node/bin'
[12.342s] Level 1:colcon.colcon_core.environment:checking '/home/edipo/ros2_tfm/install/turtlebot3_fake_node/lib/pkgconfig/turtlebot3_fake_node.pc'
[12.342s] Level 1:colcon.colcon_core.environment:checking '/home/edipo/ros2_tfm/install/turtlebot3_fake_node/lib/python3.10/site-packages'
[12.343s] Level 1:colcon.colcon_core.environment:checking '/home/edipo/ros2_tfm/install/turtlebot3_fake_node/bin'
[12.381s] INFO:colcon.colcon_core.shell:Creating package script '/home/edipo/ros2_tfm/install/turtlebot3_fake_node/share/turtlebot3_fake_node/package.ps1'
[12.382s] INFO:colcon.colcon_core.shell:Creating package descriptor '/home/edipo/ros2_tfm/install/turtlebot3_fake_node/share/turtlebot3_fake_node/package.dsv'
[12.383s] INFO:colcon.colcon_core.shell:Creating package script '/home/edipo/ros2_tfm/install/turtlebot3_fake_node/share/turtlebot3_fake_node/package.sh'
[12.384s] INFO:colcon.colcon_core.shell:Creating package script '/home/edipo/ros2_tfm/install/turtlebot3_fake_node/share/turtlebot3_fake_node/package.bash'
[12.384s] INFO:colcon.colcon_core.shell:Creating package script '/home/edipo/ros2_tfm/install/turtlebot3_fake_node/share/turtlebot3_fake_node/package.zsh'
[12.385s] Level 1:colcon.colcon_core.environment:create_file_with_runtime_dependencies(/home/edipo/ros2_tfm/install/turtlebot3_fake_node/share/colcon-core/packages/turtlebot3_fake_node)
[12.476s] Level 1:colcon.colcon_core.environment:create_environment_scripts_only(turtlebot3_fake_node)
[12.520s] Level 1:colcon.colcon_core.environment:checking '/home/edipo/ros2_tfm/install/turtlebot3_fake_node' for CMake module files
[12.521s] Level 1:colcon.colcon_core.environment:checking '/home/edipo/ros2_tfm/install/turtlebot3_fake_node' for CMake config files
[12.522s] Level 1:colcon.colcon_core.shell:create_environment_hook('turtlebot3_fake_node', 'cmake_prefix_path')
[12.568s] INFO:colcon.colcon_core.shell:Creating environment hook '/home/edipo/ros2_tfm/install/turtlebot3_fake_node/share/turtlebot3_fake_node/hook/cmake_prefix_path.ps1'
[12.569s] INFO:colcon.colcon_core.shell:Creating environment descriptor '/home/edipo/ros2_tfm/install/turtlebot3_fake_node/share/turtlebot3_fake_node/hook/cmake_prefix_path.dsv'
[12.570s] INFO:colcon.colcon_core.shell:Creating environment hook '/home/edipo/ros2_tfm/install/turtlebot3_fake_node/share/turtlebot3_fake_node/hook/cmake_prefix_path.sh'
[12.571s] Level 1:colcon.colcon_core.environment:checking '/home/edipo/ros2_tfm/install/turtlebot3_fake_node/lib'
[12.571s] Level 1:colcon.colcon_core.environment:checking '/home/edipo/ros2_tfm/install/turtlebot3_fake_node/bin'
[12.572s] Level 1:colcon.colcon_core.environment:checking '/home/edipo/ros2_tfm/install/turtlebot3_fake_node/lib/pkgconfig/turtlebot3_fake_node.pc'
[12.572s] Level 1:colcon.colcon_core.environment:checking '/home/edipo/ros2_tfm/install/turtlebot3_fake_node/lib/python3.10/site-packages'
[12.573s] Level 1:colcon.colcon_core.environment:checking '/home/edipo/ros2_tfm/install/turtlebot3_fake_node/bin'
[12.623s] INFO:colcon.colcon_core.shell:Creating package script '/home/edipo/ros2_tfm/install/turtlebot3_fake_node/share/turtlebot3_fake_node/package.ps1'
[12.625s] INFO:colcon.colcon_core.shell:Creating package descriptor '/home/edipo/ros2_tfm/install/turtlebot3_fake_node/share/turtlebot3_fake_node/package.dsv'
[12.626s] INFO:colcon.colcon_core.shell:Creating package script '/home/edipo/ros2_tfm/install/turtlebot3_fake_node/share/turtlebot3_fake_node/package.sh'
[12.627s] INFO:colcon.colcon_core.shell:Creating package script '/home/edipo/ros2_tfm/install/turtlebot3_fake_node/share/turtlebot3_fake_node/package.bash'
[12.628s] INFO:colcon.colcon_core.shell:Creating package script '/home/edipo/ros2_tfm/install/turtlebot3_fake_node/share/turtlebot3_fake_node/package.zsh'
[12.630s] Level 1:colcon.colcon_core.environment:create_file_with_runtime_dependencies(/home/edipo/ros2_tfm/install/turtlebot3_fake_node/share/colcon-core/packages/turtlebot3_fake_node)
[15.950s] DEBUG:colcon.colcon_core.event_handler.log_command:Invoked command in '/home/edipo/ros2_tfm/build/turtlebot3_gazebo' returned '0': CMAKE_PREFIX_PATH=/opt/ros/humble /usr/bin/cmake --build /home/edipo/ros2_tfm/build/turtlebot3_gazebo -- -j12 -l12
[15.997s] DEBUG:colcon.colcon_core.event_handler.log_command:Invoking command in '/home/edipo/ros2_tfm/build/turtlebot3_gazebo': CMAKE_PREFIX_PATH=/opt/ros/humble /usr/bin/cmake --install /home/edipo/ros2_tfm/build/turtlebot3_gazebo
[16.025s] Level 1:colcon.colcon_core.environment:create_environment_scripts_only(turtlebot3_gazebo)
[16.025s] DEBUG:colcon.colcon_core.event_handler.log_command:Invoked command in '/home/edipo/ros2_tfm/build/turtlebot3_gazebo' returned '0': CMAKE_PREFIX_PATH=/opt/ros/humble /usr/bin/cmake --install /home/edipo/ros2_tfm/build/turtlebot3_gazebo
[16.041s] Level 1:colcon.colcon_core.environment:checking '/home/edipo/ros2_tfm/install/turtlebot3_gazebo' for CMake module files
[16.041s] Level 1:colcon.colcon_core.environment:checking '/home/edipo/ros2_tfm/install/turtlebot3_gazebo' for CMake config files
[16.042s] Level 1:colcon.colcon_core.shell:create_environment_hook('turtlebot3_gazebo', 'cmake_prefix_path')
[16.057s] INFO:colcon.colcon_core.shell:Creating environment hook '/home/edipo/ros2_tfm/install/turtlebot3_gazebo/share/turtlebot3_gazebo/hook/cmake_prefix_path.ps1'
[16.057s] INFO:colcon.colcon_core.shell:Creating environment descriptor '/home/edipo/ros2_tfm/install/turtlebot3_gazebo/share/turtlebot3_gazebo/hook/cmake_prefix_path.dsv'
[16.058s] INFO:colcon.colcon_core.shell:Creating environment hook '/home/edipo/ros2_tfm/install/turtlebot3_gazebo/share/turtlebot3_gazebo/hook/cmake_prefix_path.sh'
[16.058s] Level 1:colcon.colcon_core.environment:checking '/home/edipo/ros2_tfm/install/turtlebot3_gazebo/lib'
[16.059s] Level 1:colcon.colcon_core.environment:checking '/home/edipo/ros2_tfm/install/turtlebot3_gazebo/bin'
[16.059s] Level 1:colcon.colcon_core.environment:checking '/home/edipo/ros2_tfm/install/turtlebot3_gazebo/lib/pkgconfig/turtlebot3_gazebo.pc'
[16.059s] Level 1:colcon.colcon_core.environment:checking '/home/edipo/ros2_tfm/install/turtlebot3_gazebo/lib/python3.10/site-packages'
[16.059s] Level 1:colcon.colcon_core.environment:checking '/home/edipo/ros2_tfm/install/turtlebot3_gazebo/bin'
[16.075s] INFO:colcon.colcon_core.shell:Creating package script '/home/edipo/ros2_tfm/install/turtlebot3_gazebo/share/turtlebot3_gazebo/package.ps1'
[16.076s] INFO:colcon.colcon_core.shell:Creating package descriptor '/home/edipo/ros2_tfm/install/turtlebot3_gazebo/share/turtlebot3_gazebo/package.dsv'
[16.076s] INFO:colcon.colcon_core.shell:Creating package script '/home/edipo/ros2_tfm/install/turtlebot3_gazebo/share/turtlebot3_gazebo/package.sh'
[16.076s] INFO:colcon.colcon_core.shell:Creating package script '/home/edipo/ros2_tfm/install/turtlebot3_gazebo/share/turtlebot3_gazebo/package.bash'
[16.077s] INFO:colcon.colcon_core.shell:Creating package script '/home/edipo/ros2_tfm/install/turtlebot3_gazebo/share/turtlebot3_gazebo/package.zsh'
[16.077s] Level 1:colcon.colcon_core.environment:create_file_with_runtime_dependencies(/home/edipo/ros2_tfm/install/turtlebot3_gazebo/share/colcon-core/packages/turtlebot3_gazebo)
[16.129s] Level 1:colcon.colcon_core.environment:create_environment_scripts_only(turtlebot3_gazebo)
[16.145s] Level 1:colcon.colcon_core.environment:checking '/home/edipo/ros2_tfm/install/turtlebot3_gazebo' for CMake module files
[16.145s] Level 1:colcon.colcon_core.environment:checking '/home/edipo/ros2_tfm/install/turtlebot3_gazebo' for CMake config files
[16.146s] Level 1:colcon.colcon_core.shell:create_environment_hook('turtlebot3_gazebo', 'cmake_prefix_path')
[16.160s] INFO:colcon.colcon_core.shell:Creating environment hook '/home/edipo/ros2_tfm/install/turtlebot3_gazebo/share/turtlebot3_gazebo/hook/cmake_prefix_path.ps1'
[16.161s] INFO:colcon.colcon_core.shell:Creating environment descriptor '/home/edipo/ros2_tfm/install/turtlebot3_gazebo/share/turtlebot3_gazebo/hook/cmake_prefix_path.dsv'
[16.161s] INFO:colcon.colcon_core.shell:Creating environment hook '/home/edipo/ros2_tfm/install/turtlebot3_gazebo/share/turtlebot3_gazebo/hook/cmake_prefix_path.sh'
[16.162s] Level 1:colcon.colcon_core.environment:checking '/home/edipo/ros2_tfm/install/turtlebot3_gazebo/lib'
[16.162s] Level 1:colcon.colcon_core.environment:checking '/home/edipo/ros2_tfm/install/turtlebot3_gazebo/bin'
[16.162s] Level 1:colcon.colcon_core.environment:checking '/home/edipo/ros2_tfm/install/turtlebot3_gazebo/lib/pkgconfig/turtlebot3_gazebo.pc'
[16.162s] Level 1:colcon.colcon_core.environment:checking '/home/edipo/ros2_tfm/install/turtlebot3_gazebo/lib/python3.10/site-packages'
[16.163s] Level 1:colcon.colcon_core.environment:checking '/home/edipo/ros2_tfm/install/turtlebot3_gazebo/bin'
[16.179s] INFO:colcon.colcon_core.shell:Creating package script '/home/edipo/ros2_tfm/install/turtlebot3_gazebo/share/turtlebot3_gazebo/package.ps1'
[16.180s] INFO:colcon.colcon_core.shell:Creating package descriptor '/home/edipo/ros2_tfm/install/turtlebot3_gazebo/share/turtlebot3_gazebo/package.dsv'
[16.180s] INFO:colcon.colcon_core.shell:Creating package script '/home/edipo/ros2_tfm/install/turtlebot3_gazebo/share/turtlebot3_gazebo/package.sh'
[16.181s] INFO:colcon.colcon_core.shell:Creating package script '/home/edipo/ros2_tfm/install/turtlebot3_gazebo/share/turtlebot3_gazebo/package.bash'
[16.181s] INFO:colcon.colcon_core.shell:Creating package script '/home/edipo/ros2_tfm/install/turtlebot3_gazebo/share/turtlebot3_gazebo/package.zsh'
[16.181s] Level 1:colcon.colcon_core.environment:create_file_with_runtime_dependencies(/home/edipo/ros2_tfm/install/turtlebot3_gazebo/share/colcon-core/packages/turtlebot3_gazebo)
[16.182s] INFO:colcon.colcon_ros.task.ament_cmake.build:Building ROS package in '/home/edipo/ros2_tfm/src/turtlebot3_simulations/turtlebot3_simulations' with build type 'ament_cmake'
[16.182s] INFO:colcon.colcon_cmake.task.cmake.build:Building CMake package in '/home/edipo/ros2_tfm/src/turtlebot3_simulations/turtlebot3_simulations'
[16.200s] INFO:colcon.colcon_core.shell:Skip shell extension 'powershell' for command environment: Not usable outside of PowerShell
[16.200s] DEBUG:colcon.colcon_core.shell:Skip shell extension 'dsv' for command environment
[16.241s] DEBUG:colcon.colcon_core.event_handler.log_command:Invoking command in '/home/edipo/ros2_tfm/build/turtlebot3_simulations': AMENT_PREFIX_PATH=/home/edipo/ros2_tfm/install/turtlebot3_gazebo:/home/edipo/ros2_tfm/install/turtlebot3_fake_node:${AMENT_PREFIX_PATH} CMAKE_PREFIX_PATH=/home/edipo/ros2_tfm/install/turtlebot3_gazebo:/home/edipo/ros2_tfm/install/turtlebot3_fake_node:/opt/ros/humble /usr/bin/cmake /home/edipo/ros2_tfm/src/turtlebot3_simulations/turtlebot3_simulations -DCMAKE_INSTALL_PREFIX=/home/edipo/ros2_tfm/install/turtlebot3_simulations
[17.050s] DEBUG:colcon.colcon_core.event_handler.log_command:Invoked command in '/home/edipo/ros2_tfm/build/turtlebot3_simulations' returned '0': AMENT_PREFIX_PATH=/home/edipo/ros2_tfm/install/turtlebot3_gazebo:/home/edipo/ros2_tfm/install/turtlebot3_fake_node:${AMENT_PREFIX_PATH} CMAKE_PREFIX_PATH=/home/edipo/ros2_tfm/install/turtlebot3_gazebo:/home/edipo/ros2_tfm/install/turtlebot3_fake_node:/opt/ros/humble /usr/bin/cmake /home/edipo/ros2_tfm/src/turtlebot3_simulations/turtlebot3_simulations -DCMAKE_INSTALL_PREFIX=/home/edipo/ros2_tfm/install/turtlebot3_simulations
[17.050s] DEBUG:colcon.colcon_core.event_handler.log_command:Invoking command in '/home/edipo/ros2_tfm/build/turtlebot3_simulations': AMENT_PREFIX_PATH=/home/edipo/ros2_tfm/install/turtlebot3_gazebo:/home/edipo/ros2_tfm/install/turtlebot3_fake_node:${AMENT_PREFIX_PATH} CMAKE_PREFIX_PATH=/home/edipo/ros2_tfm/install/turtlebot3_gazebo:/home/edipo/ros2_tfm/install/turtlebot3_fake_node:/opt/ros/humble /usr/bin/cmake --build /home/edipo/ros2_tfm/build/turtlebot3_simulations -- -j12 -l12
[17.092s] DEBUG:colcon.colcon_core.event_handler.log_command:Invoked command in '/home/edipo/ros2_tfm/build/turtlebot3_simulations' returned '0': AMENT_PREFIX_PATH=/home/edipo/ros2_tfm/install/turtlebot3_gazebo:/home/edipo/ros2_tfm/install/turtlebot3_fake_node:${AMENT_PREFIX_PATH} CMAKE_PREFIX_PATH=/home/edipo/ros2_tfm/install/turtlebot3_gazebo:/home/edipo/ros2_tfm/install/turtlebot3_fake_node:/opt/ros/humble /usr/bin/cmake --build /home/edipo/ros2_tfm/build/turtlebot3_simulations -- -j12 -l12
[17.117s] DEBUG:colcon.colcon_core.event_handler.log_command:Invoking command in '/home/edipo/ros2_tfm/build/turtlebot3_simulations': AMENT_PREFIX_PATH=/home/edipo/ros2_tfm/install/turtlebot3_gazebo:/home/edipo/ros2_tfm/install/turtlebot3_fake_node:${AMENT_PREFIX_PATH} CMAKE_PREFIX_PATH=/home/edipo/ros2_tfm/install/turtlebot3_gazebo:/home/edipo/ros2_tfm/install/turtlebot3_fake_node:/opt/ros/humble /usr/bin/cmake --install /home/edipo/ros2_tfm/build/turtlebot3_simulations
[17.128s] Level 1:colcon.colcon_core.environment:create_environment_scripts_only(turtlebot3_simulations)
[17.129s] DEBUG:colcon.colcon_core.event_handler.log_command:Invoked command in '/home/edipo/ros2_tfm/build/turtlebot3_simulations' returned '0': AMENT_PREFIX_PATH=/home/edipo/ros2_tfm/install/turtlebot3_gazebo:/home/edipo/ros2_tfm/install/turtlebot3_fake_node:${AMENT_PREFIX_PATH} CMAKE_PREFIX_PATH=/home/edipo/ros2_tfm/install/turtlebot3_gazebo:/home/edipo/ros2_tfm/install/turtlebot3_fake_node:/opt/ros/humble /usr/bin/cmake --install /home/edipo/ros2_tfm/build/turtlebot3_simulations
[17.144s] Level 1:colcon.colcon_core.environment:checking '/home/edipo/ros2_tfm/install/turtlebot3_simulations' for CMake module files
[17.144s] Level 1:colcon.colcon_core.environment:checking '/home/edipo/ros2_tfm/install/turtlebot3_simulations' for CMake config files
[17.145s] Level 1:colcon.colcon_core.shell:create_environment_hook('turtlebot3_simulations', 'cmake_prefix_path')
[17.159s] INFO:colcon.colcon_core.shell:Creating environment hook '/home/edipo/ros2_tfm/install/turtlebot3_simulations/share/turtlebot3_simulations/hook/cmake_prefix_path.ps1'
[17.160s] INFO:colcon.colcon_core.shell:Creating environment descriptor '/home/edipo/ros2_tfm/install/turtlebot3_simulations/share/turtlebot3_simulations/hook/cmake_prefix_path.dsv'
[17.160s] INFO:colcon.colcon_core.shell:Creating environment hook '/home/edipo/ros2_tfm/install/turtlebot3_simulations/share/turtlebot3_simulations/hook/cmake_prefix_path.sh'
[17.161s] Level 1:colcon.colcon_core.environment:checking '/home/edipo/ros2_tfm/install/turtlebot3_simulations/bin'
[17.161s] Level 1:colcon.colcon_core.environment:checking '/home/edipo/ros2_tfm/install/turtlebot3_simulations/lib/pkgconfig/turtlebot3_simulations.pc'
[17.161s] Level 1:colcon.colcon_core.environment:checking '/home/edipo/ros2_tfm/install/turtlebot3_simulations/lib/python3.10/site-packages'
[17.161s] Level 1:colcon.colcon_core.environment:checking '/home/edipo/ros2_tfm/install/turtlebot3_simulations/bin'
[17.176s] INFO:colcon.colcon_core.shell:Creating package script '/home/edipo/ros2_tfm/install/turtlebot3_simulations/share/turtlebot3_simulations/package.ps1'
[17.177s] INFO:colcon.colcon_core.shell:Creating package descriptor '/home/edipo/ros2_tfm/install/turtlebot3_simulations/share/turtlebot3_simulations/package.dsv'
[17.177s] INFO:colcon.colcon_core.shell:Creating package script '/home/edipo/ros2_tfm/install/turtlebot3_simulations/share/turtlebot3_simulations/package.sh'
[17.177s] INFO:colcon.colcon_core.shell:Creating package script '/home/edipo/ros2_tfm/install/turtlebot3_simulations/share/turtlebot3_simulations/package.bash'
[17.178s] INFO:colcon.colcon_core.shell:Creating package script '/home/edipo/ros2_tfm/install/turtlebot3_simulations/share/turtlebot3_simulations/package.zsh'
[17.178s] Level 1:colcon.colcon_core.environment:create_file_with_runtime_dependencies(/home/edipo/ros2_tfm/install/turtlebot3_simulations/share/colcon-core/packages/turtlebot3_simulations)
[17.216s] Level 1:colcon.colcon_core.environment:create_environment_scripts_only(turtlebot3_simulations)
[17.231s] Level 1:colcon.colcon_core.environment:checking '/home/edipo/ros2_tfm/install/turtlebot3_simulations' for CMake module files
[17.231s] Level 1:colcon.colcon_core.environment:checking '/home/edipo/ros2_tfm/install/turtlebot3_simulations' for CMake config files
[17.231s] Level 1:colcon.colcon_core.shell:create_environment_hook('turtlebot3_simulations', 'cmake_prefix_path')
[17.247s] INFO:colcon.colcon_core.shell:Creating environment hook '/home/edipo/ros2_tfm/install/turtlebot3_simulations/share/turtlebot3_simulations/hook/cmake_prefix_path.ps1'
[17.247s] INFO:colcon.colcon_core.shell:Creating environment descriptor '/home/edipo/ros2_tfm/install/turtlebot3_simulations/share/turtlebot3_simulations/hook/cmake_prefix_path.dsv'
[17.247s] INFO:colcon.colcon_core.shell:Creating environment hook '/home/edipo/ros2_tfm/install/turtlebot3_simulations/share/turtlebot3_simulations/hook/cmake_prefix_path.sh'
[17.248s] Level 1:colcon.colcon_core.environment:checking '/home/edipo/ros2_tfm/install/turtlebot3_simulations/bin'
[17.248s] Level 1:colcon.colcon_core.environment:checking '/home/edipo/ros2_tfm/install/turtlebot3_simulations/lib/pkgconfig/turtlebot3_simulations.pc'
[17.248s] Level 1:colcon.colcon_core.environment:checking '/home/edipo/ros2_tfm/install/turtlebot3_simulations/lib/python3.10/site-packages'
[17.249s] Level 1:colcon.colcon_core.environment:checking '/home/edipo/ros2_tfm/install/turtlebot3_simulations/bin'
[17.264s] INFO:colcon.colcon_core.shell:Creating package script '/home/edipo/ros2_tfm/install/turtlebot3_simulations/share/turtlebot3_simulations/package.ps1'
[17.265s] INFO:colcon.colcon_core.shell:Creating package descriptor '/home/edipo/ros2_tfm/install/turtlebot3_simulations/share/turtlebot3_simulations/package.dsv'
[17.265s] INFO:colcon.colcon_core.shell:Creating package script '/home/edipo/ros2_tfm/install/turtlebot3_simulations/share/turtlebot3_simulations/package.sh'
[17.265s] INFO:colcon.colcon_core.shell:Creating package script '/home/edipo/ros2_tfm/install/turtlebot3_simulations/share/turtlebot3_simulations/package.bash'
[17.266s] INFO:colcon.colcon_core.shell:Creating package script '/home/edipo/ros2_tfm/install/turtlebot3_simulations/share/turtlebot3_simulations/package.zsh'
[17.266s] Level 1:colcon.colcon_core.environment:create_file_with_runtime_dependencies(/home/edipo/ros2_tfm/install/turtlebot3_simulations/share/colcon-core/packages/turtlebot3_simulations)
[17.267s] DEBUG:colcon.colcon_parallel_executor.executor.parallel:closing loop
[17.267s] DEBUG:colcon.colcon_parallel_executor.executor.parallel:loop closed
[17.267s] DEBUG:colcon.colcon_parallel_executor.executor.parallel:run_until_complete finished with '0'
[17.268s] DEBUG:colcon.colcon_core.event_reactor:joining thread
[17.314s] INFO:colcon.colcon_core.plugin_system:Skipping extension 'colcon_notification.desktop_notification.terminal_notifier': Not used on non-Darwin systems
[17.314s] INFO:colcon.colcon_core.plugin_system:Skipping extension 'colcon_notification.desktop_notification.win32': Not used on non-Windows systems
[17.314s] INFO:colcon.colcon_notification.desktop_notification:Sending desktop notification using 'notify2'
[17.335s] DEBUG:colcon.colcon_core.event_reactor:joined thread
[17.350s] INFO:colcon.colcon_core.shell:Creating prefix script '/home/edipo/ros2_tfm/install/local_setup.ps1'
[17.352s] INFO:colcon.colcon_core.shell:Creating prefix util module '/home/edipo/ros2_tfm/install/_local_setup_util_ps1.py'
[17.353s] INFO:colcon.colcon_core.shell:Creating prefix chain script '/home/edipo/ros2_tfm/install/setup.ps1'
[17.368s] INFO:colcon.colcon_core.shell:Creating prefix script '/home/edipo/ros2_tfm/install/local_setup.sh'
[17.369s] INFO:colcon.colcon_core.shell:Creating prefix util module '/home/edipo/ros2_tfm/install/_local_setup_util_sh.py'
[17.369s] INFO:colcon.colcon_core.shell:Creating prefix chain script '/home/edipo/ros2_tfm/install/setup.sh'
[17.383s] INFO:colcon.colcon_core.shell:Creating prefix script '/home/edipo/ros2_tfm/install/local_setup.bash'
[17.384s] INFO:colcon.colcon_core.shell:Creating prefix chain script '/home/edipo/ros2_tfm/install/setup.bash'
[17.399s] INFO:colcon.colcon_core.shell:Creating prefix script '/home/edipo/ros2_tfm/install/local_setup.zsh'
[17.400s] INFO:colcon.colcon_core.shell:Creating prefix chain script '/home/edipo/ros2_tfm/install/setup.zsh'
