-- The C compiler identification is GNU 11.4.0
-- The CXX compiler identification is GNU 11.4.0
-- Detecting C compiler ABI info
-- Detecting C compiler ABI info - done
-- Check for working C compiler: /usr/bin/cc - skipped
-- Detecting C compile features
-- Detecting C compile features - done
-- Detecting CXX compiler ABI info
-- Detecting CXX compiler ABI info - done
-- Check for working CXX compiler: /usr/bin/c++ - skipped
-- Detecting CXX compile features
-- Detecting CXX compile features - done
-- Found ament_cmake: 1.3.7 (/opt/ros/humble/share/ament_cmake/cmake)
-- Found Python3: /usr/bin/python3.10 (found version "3.10.12") found components: Interpreter 
-- Found rosidl_default_generators: 1.2.0 (/opt/ros/humble/share/rosidl_default_generators/cmake)
-- Using all available rosidl_typesupport_c: rosidl_typesupport_fastrtps_c;rosidl_typesupport_introspection_c
-- Found rosidl_adapter: 3.1.5 (/opt/ros/humble/share/rosidl_adapter/cmake)
-- Using all available rosidl_typesupport_cpp: rosidl_typesupport_fastrtps_cpp;rosidl_typesupport_introspection_cpp
-- Found ament_cmake_ros: 0.10.0 (/opt/ros/humble/share/ament_cmake_ros/cmake)
-- Using all available rosidl_typesupport_c: rosidl_typesupport_fastrtps_c;rosidl_typesupport_introspection_c
-- Using all available rosidl_typesupport_cpp: rosidl_typesupport_fastrtps_cpp;rosidl_typesupport_introspection_cpp
-- Found PythonInterp: /usr/bin/python3 (found suitable version "3.10.12", minimum required is "3.6") 
-- Found python_cmake_module: 0.10.0 (/opt/ros/humble/share/python_cmake_module/cmake)
-- Found PythonLibs: /usr/lib/x86_64-linux-gnu/libpython3.10.so (found suitable version "3.10.12", minimum required is "3.5") 
-- Using PYTHON_EXECUTABLE: /usr/bin/python3
-- Using PYTHON_INCLUDE_DIRS: /usr/include/python3.10
-- Using PYTHON_LIBRARIES: /usr/lib/x86_64-linux-gnu/libpython3.10.so
-- Found PythonExtra: .so  
-- Configuring done
-- Generating done
-- Build files have been written to: /home/edipo/ros2_tfm/build/robot_interfaces
[  2%] [34m[1mGenerating C code for ROS interfaces[0m
[  5%] [34m[1mGenerating C++ code for ROS interfaces[0m
[  5%] Built target ament_cmake_python_copy_robot_interfaces
running egg_info
creating robot_interfaces.egg-info
writing robot_interfaces.egg-info/PKG-INFO
writing dependency_links to robot_interfaces.egg-info/dependency_links.txt
writing top-level names to robot_interfaces.egg-info/top_level.txt
writing manifest file 'robot_interfaces.egg-info/SOURCES.txt'
reading manifest file 'robot_interfaces.egg-info/SOURCES.txt'
writing manifest file 'robot_interfaces.egg-info/SOURCES.txt'
[  5%] Built target ament_cmake_python_build_robot_interfaces_egg
[  5%] Built target robot_interfaces__cpp
[  7%] [32mBuilding C object CMakeFiles/robot_interfaces__rosidl_generator_c.dir/rosidl_generator_c/robot_interfaces/msg/detail/mpu__functions.c.o[0m
[ 10%] [32mBuilding C object CMakeFiles/robot_interfaces__rosidl_generator_c.dir/rosidl_generator_c/robot_interfaces/msg/detail/anglemotor__functions.c.o[0m
[ 15%] [34m[1mGenerating C++ type support for eProsima Fast-RTPS[0m
[ 15%] [34m[1mGenerating C++ type support dispatch for ROS interfaces[0m
[ 17%] [34m[1mGenerating C++ introspection for ROS interfaces[0m
[ 20%] [32m[1mLinking C shared library librobot_interfaces__rosidl_generator_c.so[0m
[ 20%] Built target robot_interfaces__rosidl_generator_c
[ 23%] [34m[1mGenerating C type support for eProsima Fast-RTPS[0m
[ 25%] [34m[1mGenerating C introspection for ROS interfaces[0m
[ 28%] [34m[1mGenerating C type support dispatch for ROS interfaces[0m
[ 33%] [32mBuilding CXX object CMakeFiles/robot_interfaces__rosidl_typesupport_introspection_cpp.dir/rosidl_typesupport_introspection_cpp/robot_interfaces/msg/detail/mpu__type_support.cpp.o[0m
[ 33%] [32mBuilding CXX object CMakeFiles/robot_interfaces__rosidl_typesupport_introspection_cpp.dir/rosidl_typesupport_introspection_cpp/robot_interfaces/msg/detail/anglemotor__type_support.cpp.o[0m
[ 35%] [32mBuilding C object CMakeFiles/robot_interfaces__rosidl_typesupport_introspection_c.dir/rosidl_typesupport_introspection_c/robot_interfaces/msg/detail/mpu__type_support.c.o[0m
[ 38%] [32mBuilding C object CMakeFiles/robot_interfaces__rosidl_typesupport_introspection_c.dir/rosidl_typesupport_introspection_c/robot_interfaces/msg/detail/anglemotor__type_support.c.o[0m
[ 41%] [32mBuilding CXX object CMakeFiles/robot_interfaces__rosidl_typesupport_fastrtps_c.dir/rosidl_typesupport_fastrtps_c/robot_interfaces/msg/detail/anglemotor__type_support_c.cpp.o[0m
[ 43%] [32mBuilding CXX object CMakeFiles/robot_interfaces__rosidl_typesupport_fastrtps_c.dir/rosidl_typesupport_fastrtps_c/robot_interfaces/msg/detail/mpu__type_support_c.cpp.o[0m
[ 51%] [32mBuilding CXX object CMakeFiles/robot_interfaces__rosidl_typesupport_cpp.dir/rosidl_typesupport_cpp/robot_interfaces/msg/mpu__type_support.cpp.o[0m
[ 51%] [32m[1mLinking C shared library librobot_interfaces__rosidl_typesupport_introspection_c.so[0m
[ 51%] [32mBuilding CXX object CMakeFiles/robot_interfaces__rosidl_typesupport_cpp.dir/rosidl_typesupport_cpp/robot_interfaces/msg/anglemotor__type_support.cpp.o[0m
[ 51%] Built target robot_interfaces__rosidl_typesupport_introspection_c
[ 53%] [32mBuilding CXX object CMakeFiles/robot_interfaces__rosidl_typesupport_fastrtps_cpp.dir/rosidl_typesupport_fastrtps_cpp/robot_interfaces/msg/detail/dds_fastrtps/mpu__type_support.cpp.o[0m
[ 56%] [32mBuilding CXX object CMakeFiles/robot_interfaces__rosidl_typesupport_fastrtps_cpp.dir/rosidl_typesupport_fastrtps_cpp/robot_interfaces/msg/detail/dds_fastrtps/anglemotor__type_support.cpp.o[0m
[ 58%] [32mBuilding CXX object CMakeFiles/robot_interfaces__rosidl_typesupport_c.dir/rosidl_typesupport_c/robot_interfaces/msg/anglemotor__type_support.cpp.o[0m
[ 61%] [32mBuilding CXX object CMakeFiles/robot_interfaces__rosidl_typesupport_c.dir/rosidl_typesupport_c/robot_interfaces/msg/mpu__type_support.cpp.o[0m
[ 64%] [32m[1mLinking CXX shared library librobot_interfaces__rosidl_typesupport_c.so[0m
[ 64%] Built target robot_interfaces__rosidl_typesupport_c
[ 66%] [32m[1mLinking CXX shared library librobot_interfaces__rosidl_typesupport_introspection_cpp.so[0m
[ 69%] [32m[1mLinking CXX shared library librobot_interfaces__rosidl_typesupport_cpp.so[0m
[ 69%] Built target robot_interfaces__rosidl_typesupport_cpp
[ 69%] Built target robot_interfaces__rosidl_typesupport_introspection_cpp
[ 71%] [32m[1mLinking CXX shared library librobot_interfaces__rosidl_typesupport_fastrtps_c.so[0m
[ 71%] Built target robot_interfaces__rosidl_typesupport_fastrtps_c
[ 74%] [32m[1mLinking CXX shared library librobot_interfaces__rosidl_typesupport_fastrtps_cpp.so[0m
[ 74%] Built target robot_interfaces__rosidl_typesupport_fastrtps_cpp
[ 74%] Built target robot_interfaces
[ 76%] [34m[1mGenerating Python code for ROS interfaces[0m
[ 76%] Built target robot_interfaces__py
[ 82%] [32mBuilding C object CMakeFiles/robot_interfaces__rosidl_generator_py.dir/rosidl_generator_py/robot_interfaces/msg/_mpu_s.c.o[0m
[ 82%] [32mBuilding C object CMakeFiles/robot_interfaces__rosidl_generator_py.dir/rosidl_generator_py/robot_interfaces/msg/_anglemotor_s.c.o[0m
[ 84%] [32m[1mLinking C shared library rosidl_generator_py/robot_interfaces/librobot_interfaces__rosidl_generator_py.so[0m
[ 84%] Built target robot_interfaces__rosidl_generator_py
[ 87%] [32mBuilding C object CMakeFiles/robot_interfaces__rosidl_typesupport_introspection_c__pyext.dir/rosidl_generator_py/robot_interfaces/_robot_interfaces_s.ep.rosidl_typesupport_introspection_c.c.o[0m
[ 92%] [32mBuilding C object CMakeFiles/robot_interfaces__rosidl_typesupport_fastrtps_c__pyext.dir/rosidl_generator_py/robot_interfaces/_robot_interfaces_s.ep.rosidl_typesupport_fastrtps_c.c.o[0m
[ 92%] [32mBuilding C object CMakeFiles/robot_interfaces__rosidl_typesupport_c__pyext.dir/rosidl_generator_py/robot_interfaces/_robot_interfaces_s.ep.rosidl_typesupport_c.c.o[0m
[ 94%] [32m[1mLinking C shared library rosidl_generator_py/robot_interfaces/robot_interfaces_s__rosidl_typesupport_introspection_c.cpython-310-x86_64-linux-gnu.so[0m
[ 94%] Built target robot_interfaces__rosidl_typesupport_introspection_c__pyext
[ 97%] [32m[1mLinking C shared library rosidl_generator_py/robot_interfaces/robot_interfaces_s__rosidl_typesupport_c.cpython-310-x86_64-linux-gnu.so[0m
[100%] [32m[1mLinking C shared library rosidl_generator_py/robot_interfaces/robot_interfaces_s__rosidl_typesupport_fastrtps_c.cpython-310-x86_64-linux-gnu.so[0m
[100%] Built target robot_interfaces__rosidl_typesupport_c__pyext
[100%] Built target robot_interfaces__rosidl_typesupport_fastrtps_c__pyext
-- Install configuration: ""
-- Installing: /home/edipo/ros2_tfm/install/robot_interfaces/share/ament_index/resource_index/rosidl_interfaces/robot_interfaces
-- Installing: /home/edipo/ros2_tfm/install/robot_interfaces/include/robot_interfaces/robot_interfaces
-- Installing: /home/edipo/ros2_tfm/install/robot_interfaces/include/robot_interfaces/robot_interfaces/msg
-- Installing: /home/edipo/ros2_tfm/install/robot_interfaces/include/robot_interfaces/robot_interfaces/msg/anglemotor.h
-- Installing: /home/edipo/ros2_tfm/install/robot_interfaces/include/robot_interfaces/robot_interfaces/msg/mpu.h
-- Installing: /home/edipo/ros2_tfm/install/robot_interfaces/include/robot_interfaces/robot_interfaces/msg/rosidl_generator_c__visibility_control.h
-- Installing: /home/edipo/ros2_tfm/install/robot_interfaces/include/robot_interfaces/robot_interfaces/msg/detail
-- Installing: /home/edipo/ros2_tfm/install/robot_interfaces/include/robot_interfaces/robot_interfaces/msg/detail/mpu__struct.h
-- Installing: /home/edipo/ros2_tfm/install/robot_interfaces/include/robot_interfaces/robot_interfaces/msg/detail/anglemotor__functions.c
-- Installing: /home/edipo/ros2_tfm/install/robot_interfaces/include/robot_interfaces/robot_interfaces/msg/detail/mpu__functions.h
-- Installing: /home/edipo/ros2_tfm/install/robot_interfaces/include/robot_interfaces/robot_interfaces/msg/detail/anglemotor__struct.h
-- Installing: /home/edipo/ros2_tfm/install/robot_interfaces/include/robot_interfaces/robot_interfaces/msg/detail/mpu__functions.c
-- Installing: /home/edipo/ros2_tfm/install/robot_interfaces/include/robot_interfaces/robot_interfaces/msg/detail/anglemotor__functions.h
-- Installing: /home/edipo/ros2_tfm/install/robot_interfaces/include/robot_interfaces/robot_interfaces/msg/detail/mpu__type_support.h
-- Installing: /home/edipo/ros2_tfm/install/robot_interfaces/include/robot_interfaces/robot_interfaces/msg/detail/anglemotor__type_support.h
-- Installing: /home/edipo/ros2_tfm/install/robot_interfaces/share/robot_interfaces/environment/library_path.sh
-- Installing: /home/edipo/ros2_tfm/install/robot_interfaces/share/robot_interfaces/environment/library_path.dsv
-- Installing: /home/edipo/ros2_tfm/install/robot_interfaces/lib/librobot_interfaces__rosidl_generator_c.so
-- Set runtime path of "/home/edipo/ros2_tfm/install/robot_interfaces/lib/librobot_interfaces__rosidl_generator_c.so" to ""
-- Up-to-date: /home/edipo/ros2_tfm/install/robot_interfaces/include/robot_interfaces/robot_interfaces
-- Up-to-date: /home/edipo/ros2_tfm/install/robot_interfaces/include/robot_interfaces/robot_interfaces/msg
-- Installing: /home/edipo/ros2_tfm/install/robot_interfaces/include/robot_interfaces/robot_interfaces/msg/rosidl_typesupport_fastrtps_c__visibility_control.h
-- Up-to-date: /home/edipo/ros2_tfm/install/robot_interfaces/include/robot_interfaces/robot_interfaces/msg/detail
-- Installing: /home/edipo/ros2_tfm/install/robot_interfaces/include/robot_interfaces/robot_interfaces/msg/detail/mpu__rosidl_typesupport_fastrtps_c.h
-- Installing: /home/edipo/ros2_tfm/install/robot_interfaces/include/robot_interfaces/robot_interfaces/msg/detail/anglemotor__rosidl_typesupport_fastrtps_c.h
-- Installing: /home/edipo/ros2_tfm/install/robot_interfaces/lib/librobot_interfaces__rosidl_typesupport_fastrtps_c.so
-- Set runtime path of "/home/edipo/ros2_tfm/install/robot_interfaces/lib/librobot_interfaces__rosidl_typesupport_fastrtps_c.so" to ""
-- Up-to-date: /home/edipo/ros2_tfm/install/robot_interfaces/include/robot_interfaces/robot_interfaces
-- Up-to-date: /home/edipo/ros2_tfm/install/robot_interfaces/include/robot_interfaces/robot_interfaces/msg
-- Installing: /home/edipo/ros2_tfm/install/robot_interfaces/include/robot_interfaces/robot_interfaces/msg/rosidl_typesupport_introspection_c__visibility_control.h
-- Up-to-date: /home/edipo/ros2_tfm/install/robot_interfaces/include/robot_interfaces/robot_interfaces/msg/detail
-- Installing: /home/edipo/ros2_tfm/install/robot_interfaces/include/robot_interfaces/robot_interfaces/msg/detail/mpu__type_support.c
-- Installing: /home/edipo/ros2_tfm/install/robot_interfaces/include/robot_interfaces/robot_interfaces/msg/detail/anglemotor__rosidl_typesupport_introspection_c.h
-- Installing: /home/edipo/ros2_tfm/install/robot_interfaces/include/robot_interfaces/robot_interfaces/msg/detail/mpu__rosidl_typesupport_introspection_c.h
-- Installing: /home/edipo/ros2_tfm/install/robot_interfaces/include/robot_interfaces/robot_interfaces/msg/detail/anglemotor__type_support.c
-- Installing: /home/edipo/ros2_tfm/install/robot_interfaces/lib/librobot_interfaces__rosidl_typesupport_introspection_c.so
-- Set runtime path of "/home/edipo/ros2_tfm/install/robot_interfaces/lib/librobot_interfaces__rosidl_typesupport_introspection_c.so" to ""
-- Installing: /home/edipo/ros2_tfm/install/robot_interfaces/lib/librobot_interfaces__rosidl_typesupport_c.so
-- Set runtime path of "/home/edipo/ros2_tfm/install/robot_interfaces/lib/librobot_interfaces__rosidl_typesupport_c.so" to ""
-- Up-to-date: /home/edipo/ros2_tfm/install/robot_interfaces/include/robot_interfaces/robot_interfaces
-- Up-to-date: /home/edipo/ros2_tfm/install/robot_interfaces/include/robot_interfaces/robot_interfaces/msg
-- Installing: /home/edipo/ros2_tfm/install/robot_interfaces/include/robot_interfaces/robot_interfaces/msg/anglemotor.hpp
-- Installing: /home/edipo/ros2_tfm/install/robot_interfaces/include/robot_interfaces/robot_interfaces/msg/mpu.hpp
-- Up-to-date: /home/edipo/ros2_tfm/install/robot_interfaces/include/robot_interfaces/robot_interfaces/msg/detail
-- Installing: /home/edipo/ros2_tfm/install/robot_interfaces/include/robot_interfaces/robot_interfaces/msg/detail/anglemotor__struct.hpp
-- Installing: /home/edipo/ros2_tfm/install/robot_interfaces/include/robot_interfaces/robot_interfaces/msg/detail/anglemotor__traits.hpp
-- Installing: /home/edipo/ros2_tfm/install/robot_interfaces/include/robot_interfaces/robot_interfaces/msg/detail/mpu__struct.hpp
-- Installing: /home/edipo/ros2_tfm/install/robot_interfaces/include/robot_interfaces/robot_interfaces/msg/detail/mpu__builder.hpp
-- Installing: /home/edipo/ros2_tfm/install/robot_interfaces/include/robot_interfaces/robot_interfaces/msg/detail/anglemotor__builder.hpp
-- Installing: /home/edipo/ros2_tfm/install/robot_interfaces/include/robot_interfaces/robot_interfaces/msg/detail/mpu__traits.hpp
-- Up-to-date: /home/edipo/ros2_tfm/install/robot_interfaces/include/robot_interfaces/robot_interfaces
-- Up-to-date: /home/edipo/ros2_tfm/install/robot_interfaces/include/robot_interfaces/robot_interfaces/msg
-- Up-to-date: /home/edipo/ros2_tfm/install/robot_interfaces/include/robot_interfaces/robot_interfaces/msg/detail
-- Installing: /home/edipo/ros2_tfm/install/robot_interfaces/include/robot_interfaces/robot_interfaces/msg/detail/dds_fastrtps
-- Installing: /home/edipo/ros2_tfm/install/robot_interfaces/include/robot_interfaces/robot_interfaces/msg/detail/mpu__rosidl_typesupport_fastrtps_cpp.hpp
-- Installing: /home/edipo/ros2_tfm/install/robot_interfaces/include/robot_interfaces/robot_interfaces/msg/detail/anglemotor__rosidl_typesupport_fastrtps_cpp.hpp
-- Installing: /home/edipo/ros2_tfm/install/robot_interfaces/include/robot_interfaces/robot_interfaces/msg/rosidl_typesupport_fastrtps_cpp__visibility_control.h
-- Installing: /home/edipo/ros2_tfm/install/robot_interfaces/lib/librobot_interfaces__rosidl_typesupport_fastrtps_cpp.so
-- Set runtime path of "/home/edipo/ros2_tfm/install/robot_interfaces/lib/librobot_interfaces__rosidl_typesupport_fastrtps_cpp.so" to ""
-- Up-to-date: /home/edipo/ros2_tfm/install/robot_interfaces/include/robot_interfaces/robot_interfaces
-- Up-to-date: /home/edipo/ros2_tfm/install/robot_interfaces/include/robot_interfaces/robot_interfaces/msg
-- Up-to-date: /home/edipo/ros2_tfm/install/robot_interfaces/include/robot_interfaces/robot_interfaces/msg/detail
-- Installing: /home/edipo/ros2_tfm/install/robot_interfaces/include/robot_interfaces/robot_interfaces/msg/detail/mpu__type_support.cpp
-- Installing: /home/edipo/ros2_tfm/install/robot_interfaces/include/robot_interfaces/robot_interfaces/msg/detail/anglemotor__type_support.cpp
-- Installing: /home/edipo/ros2_tfm/install/robot_interfaces/include/robot_interfaces/robot_interfaces/msg/detail/mpu__rosidl_typesupport_introspection_cpp.hpp
-- Installing: /home/edipo/ros2_tfm/install/robot_interfaces/include/robot_interfaces/robot_interfaces/msg/detail/anglemotor__rosidl_typesupport_introspection_cpp.hpp
-- Installing: /home/edipo/ros2_tfm/install/robot_interfaces/lib/librobot_interfaces__rosidl_typesupport_introspection_cpp.so
-- Set runtime path of "/home/edipo/ros2_tfm/install/robot_interfaces/lib/librobot_interfaces__rosidl_typesupport_introspection_cpp.so" to ""
-- Installing: /home/edipo/ros2_tfm/install/robot_interfaces/lib/librobot_interfaces__rosidl_typesupport_cpp.so
-- Set runtime path of "/home/edipo/ros2_tfm/install/robot_interfaces/lib/librobot_interfaces__rosidl_typesupport_cpp.so" to ""
-- Installing: /home/edipo/ros2_tfm/install/robot_interfaces/share/robot_interfaces/environment/pythonpath.sh
-- Installing: /home/edipo/ros2_tfm/install/robot_interfaces/share/robot_interfaces/environment/pythonpath.dsv
-- Installing: /home/edipo/ros2_tfm/install/robot_interfaces/local/lib/python3.10/dist-packages/robot_interfaces-0.0.0-py3.10.egg-info
-- Installing: /home/edipo/ros2_tfm/install/robot_interfaces/local/lib/python3.10/dist-packages/robot_interfaces-0.0.0-py3.10.egg-info/top_level.txt
-- Installing: /home/edipo/ros2_tfm/install/robot_interfaces/local/lib/python3.10/dist-packages/robot_interfaces-0.0.0-py3.10.egg-info/SOURCES.txt
-- Installing: /home/edipo/ros2_tfm/install/robot_interfaces/local/lib/python3.10/dist-packages/robot_interfaces-0.0.0-py3.10.egg-info/PKG-INFO
-- Installing: /home/edipo/ros2_tfm/install/robot_interfaces/local/lib/python3.10/dist-packages/robot_interfaces-0.0.0-py3.10.egg-info/dependency_links.txt
-- Installing: /home/edipo/ros2_tfm/install/robot_interfaces/local/lib/python3.10/dist-packages/robot_interfaces
-- Installing: /home/edipo/ros2_tfm/install/robot_interfaces/local/lib/python3.10/dist-packages/robot_interfaces/_robot_interfaces_s.ep.rosidl_typesupport_fastrtps_c.c
-- Installing: /home/edipo/ros2_tfm/install/robot_interfaces/local/lib/python3.10/dist-packages/robot_interfaces/robot_interfaces_s__rosidl_typesupport_c.cpython-310-x86_64-linux-gnu.so
-- Installing: /home/edipo/ros2_tfm/install/robot_interfaces/local/lib/python3.10/dist-packages/robot_interfaces/_robot_interfaces_s.ep.rosidl_typesupport_introspection_c.c
-- Installing: /home/edipo/ros2_tfm/install/robot_interfaces/local/lib/python3.10/dist-packages/robot_interfaces/librobot_interfaces__rosidl_generator_py.so
-- Installing: /home/edipo/ros2_tfm/install/robot_interfaces/local/lib/python3.10/dist-packages/robot_interfaces/_robot_interfaces_s.ep.rosidl_typesupport_c.c
-- Installing: /home/edipo/ros2_tfm/install/robot_interfaces/local/lib/python3.10/dist-packages/robot_interfaces/robot_interfaces_s__rosidl_typesupport_fastrtps_c.cpython-310-x86_64-linux-gnu.so
-- Installing: /home/edipo/ros2_tfm/install/robot_interfaces/local/lib/python3.10/dist-packages/robot_interfaces/msg
-- Installing: /home/edipo/ros2_tfm/install/robot_interfaces/local/lib/python3.10/dist-packages/robot_interfaces/msg/_mpu.py
-- Installing: /home/edipo/ros2_tfm/install/robot_interfaces/local/lib/python3.10/dist-packages/robot_interfaces/msg/_anglemotor_s.c
-- Installing: /home/edipo/ros2_tfm/install/robot_interfaces/local/lib/python3.10/dist-packages/robot_interfaces/msg/_anglemotor.py
-- Installing: /home/edipo/ros2_tfm/install/robot_interfaces/local/lib/python3.10/dist-packages/robot_interfaces/msg/__init__.py
-- Installing: /home/edipo/ros2_tfm/install/robot_interfaces/local/lib/python3.10/dist-packages/robot_interfaces/msg/_mpu_s.c
-- Installing: /home/edipo/ros2_tfm/install/robot_interfaces/local/lib/python3.10/dist-packages/robot_interfaces/robot_interfaces_s__rosidl_typesupport_introspection_c.cpython-310-x86_64-linux-gnu.so
-- Installing: /home/edipo/ros2_tfm/install/robot_interfaces/local/lib/python3.10/dist-packages/robot_interfaces/__init__.py
Listing '/home/edipo/ros2_tfm/install/robot_interfaces/local/lib/python3.10/dist-packages/robot_interfaces'...
Compiling '/home/edipo/ros2_tfm/install/robot_interfaces/local/lib/python3.10/dist-packages/robot_interfaces/__init__.py'...
Listing '/home/edipo/ros2_tfm/install/robot_interfaces/local/lib/python3.10/dist-packages/robot_interfaces/msg'...
Compiling '/home/edipo/ros2_tfm/install/robot_interfaces/local/lib/python3.10/dist-packages/robot_interfaces/msg/__init__.py'...
Compiling '/home/edipo/ros2_tfm/install/robot_interfaces/local/lib/python3.10/dist-packages/robot_interfaces/msg/_anglemotor.py'...
Compiling '/home/edipo/ros2_tfm/install/robot_interfaces/local/lib/python3.10/dist-packages/robot_interfaces/msg/_mpu.py'...
-- Installing: /home/edipo/ros2_tfm/install/robot_interfaces/local/lib/python3.10/dist-packages/robot_interfaces/robot_interfaces_s__rosidl_typesupport_fastrtps_c.cpython-310-x86_64-linux-gnu.so
-- Set runtime path of "/home/edipo/ros2_tfm/install/robot_interfaces/local/lib/python3.10/dist-packages/robot_interfaces/robot_interfaces_s__rosidl_typesupport_fastrtps_c.cpython-310-x86_64-linux-gnu.so" to ""
-- Installing: /home/edipo/ros2_tfm/install/robot_interfaces/local/lib/python3.10/dist-packages/robot_interfaces/robot_interfaces_s__rosidl_typesupport_introspection_c.cpython-310-x86_64-linux-gnu.so
-- Set runtime path of "/home/edipo/ros2_tfm/install/robot_interfaces/local/lib/python3.10/dist-packages/robot_interfaces/robot_interfaces_s__rosidl_typesupport_introspection_c.cpython-310-x86_64-linux-gnu.so" to ""
-- Installing: /home/edipo/ros2_tfm/install/robot_interfaces/local/lib/python3.10/dist-packages/robot_interfaces/robot_interfaces_s__rosidl_typesupport_c.cpython-310-x86_64-linux-gnu.so
-- Set runtime path of "/home/edipo/ros2_tfm/install/robot_interfaces/local/lib/python3.10/dist-packages/robot_interfaces/robot_interfaces_s__rosidl_typesupport_c.cpython-310-x86_64-linux-gnu.so" to ""
-- Installing: /home/edipo/ros2_tfm/install/robot_interfaces/lib/librobot_interfaces__rosidl_generator_py.so
-- Set runtime path of "/home/edipo/ros2_tfm/install/robot_interfaces/lib/librobot_interfaces__rosidl_generator_py.so" to ""
-- Installing: /home/edipo/ros2_tfm/install/robot_interfaces/share/robot_interfaces/msg/Mpu.idl
-- Installing: /home/edipo/ros2_tfm/install/robot_interfaces/share/robot_interfaces/msg/Anglemotor.idl
-- Installing: /home/edipo/ros2_tfm/install/robot_interfaces/share/robot_interfaces/msg/Mpu.msg
-- Installing: /home/edipo/ros2_tfm/install/robot_interfaces/share/robot_interfaces/msg/Anglemotor.msg
-- Installing: /home/edipo/ros2_tfm/install/robot_interfaces/share/ament_index/resource_index/package_run_dependencies/robot_interfaces
-- Installing: /home/edipo/ros2_tfm/install/robot_interfaces/share/ament_index/resource_index/parent_prefix_path/robot_interfaces
-- Installing: /home/edipo/ros2_tfm/install/robot_interfaces/share/robot_interfaces/environment/ament_prefix_path.sh
-- Installing: /home/edipo/ros2_tfm/install/robot_interfaces/share/robot_interfaces/environment/ament_prefix_path.dsv
-- Installing: /home/edipo/ros2_tfm/install/robot_interfaces/share/robot_interfaces/environment/path.sh
-- Installing: /home/edipo/ros2_tfm/install/robot_interfaces/share/robot_interfaces/environment/path.dsv
-- Installing: /home/edipo/ros2_tfm/install/robot_interfaces/share/robot_interfaces/local_setup.bash
-- Installing: /home/edipo/ros2_tfm/install/robot_interfaces/share/robot_interfaces/local_setup.sh
-- Installing: /home/edipo/ros2_tfm/install/robot_interfaces/share/robot_interfaces/local_setup.zsh
-- Installing: /home/edipo/ros2_tfm/install/robot_interfaces/share/robot_interfaces/local_setup.dsv
-- Installing: /home/edipo/ros2_tfm/install/robot_interfaces/share/robot_interfaces/package.dsv
-- Installing: /home/edipo/ros2_tfm/install/robot_interfaces/share/ament_index/resource_index/packages/robot_interfaces
-- Installing: /home/edipo/ros2_tfm/install/robot_interfaces/share/robot_interfaces/cmake/export_robot_interfaces__rosidl_generator_cExport.cmake
-- Installing: /home/edipo/ros2_tfm/install/robot_interfaces/share/robot_interfaces/cmake/export_robot_interfaces__rosidl_generator_cExport-noconfig.cmake
-- Installing: /home/edipo/ros2_tfm/install/robot_interfaces/share/robot_interfaces/cmake/export_robot_interfaces__rosidl_typesupport_fastrtps_cExport.cmake
-- Installing: /home/edipo/ros2_tfm/install/robot_interfaces/share/robot_interfaces/cmake/export_robot_interfaces__rosidl_typesupport_fastrtps_cExport-noconfig.cmake
-- Installing: /home/edipo/ros2_tfm/install/robot_interfaces/share/robot_interfaces/cmake/robot_interfaces__rosidl_typesupport_introspection_cExport.cmake
-- Installing: /home/edipo/ros2_tfm/install/robot_interfaces/share/robot_interfaces/cmake/robot_interfaces__rosidl_typesupport_introspection_cExport-noconfig.cmake
-- Installing: /home/edipo/ros2_tfm/install/robot_interfaces/share/robot_interfaces/cmake/robot_interfaces__rosidl_typesupport_cExport.cmake
-- Installing: /home/edipo/ros2_tfm/install/robot_interfaces/share/robot_interfaces/cmake/robot_interfaces__rosidl_typesupport_cExport-noconfig.cmake
-- Installing: /home/edipo/ros2_tfm/install/robot_interfaces/share/robot_interfaces/cmake/export_robot_interfaces__rosidl_generator_cppExport.cmake
-- Installing: /home/edipo/ros2_tfm/install/robot_interfaces/share/robot_interfaces/cmake/export_robot_interfaces__rosidl_typesupport_fastrtps_cppExport.cmake
-- Installing: /home/edipo/ros2_tfm/install/robot_interfaces/share/robot_interfaces/cmake/export_robot_interfaces__rosidl_typesupport_fastrtps_cppExport-noconfig.cmake
-- Installing: /home/edipo/ros2_tfm/install/robot_interfaces/share/robot_interfaces/cmake/robot_interfaces__rosidl_typesupport_introspection_cppExport.cmake
-- Installing: /home/edipo/ros2_tfm/install/robot_interfaces/share/robot_interfaces/cmake/robot_interfaces__rosidl_typesupport_introspection_cppExport-noconfig.cmake
-- Installing: /home/edipo/ros2_tfm/install/robot_interfaces/share/robot_interfaces/cmake/robot_interfaces__rosidl_typesupport_cppExport.cmake
-- Installing: /home/edipo/ros2_tfm/install/robot_interfaces/share/robot_interfaces/cmake/robot_interfaces__rosidl_typesupport_cppExport-noconfig.cmake
-- Installing: /home/edipo/ros2_tfm/install/robot_interfaces/share/robot_interfaces/cmake/export_robot_interfaces__rosidl_generator_pyExport.cmake
-- Installing: /home/edipo/ros2_tfm/install/robot_interfaces/share/robot_interfaces/cmake/export_robot_interfaces__rosidl_generator_pyExport-noconfig.cmake
-- Installing: /home/edipo/ros2_tfm/install/robot_interfaces/share/robot_interfaces/cmake/rosidl_cmake-extras.cmake
-- Installing: /home/edipo/ros2_tfm/install/robot_interfaces/share/robot_interfaces/cmake/ament_cmake_export_include_directories-extras.cmake
-- Installing: /home/edipo/ros2_tfm/install/robot_interfaces/share/robot_interfaces/cmake/ament_cmake_export_libraries-extras.cmake
-- Installing: /home/edipo/ros2_tfm/install/robot_interfaces/share/robot_interfaces/cmake/ament_cmake_export_targets-extras.cmake
-- Installing: /home/edipo/ros2_tfm/install/robot_interfaces/share/robot_interfaces/cmake/rosidl_cmake_export_typesupport_targets-extras.cmake
-- Installing: /home/edipo/ros2_tfm/install/robot_interfaces/share/robot_interfaces/cmake/ament_cmake_export_dependencies-extras.cmake
-- Installing: /home/edipo/ros2_tfm/install/robot_interfaces/share/robot_interfaces/cmake/rosidl_cmake_export_typesupport_libraries-extras.cmake
-- Installing: /home/edipo/ros2_tfm/install/robot_interfaces/share/robot_interfaces/cmake/robot_interfacesConfig.cmake
-- Installing: /home/edipo/ros2_tfm/install/robot_interfaces/share/robot_interfaces/cmake/robot_interfacesConfig-version.cmake
-- Installing: /home/edipo/ros2_tfm/install/robot_interfaces/share/robot_interfaces/package.xml
