[0.165s] Invoking command in '/home/edipo/ros2_tfm/build/robot_interfaces': CMAKE_PREFIX_PATH=/opt/ros/humble /usr/bin/cmake /home/edipo/ros2_tfm/src/robot_interfaces -DCMAKE_INSTALL_PREFIX=/home/edipo/ros2_tfm/install/robot_interfaces
[0.608s] -- The C compiler identification is GNU 11.4.0
[0.609s] -- The CXX compiler identification is GNU 11.4.0
[0.609s] -- Detecting C compiler ABI info
[0.610s] -- Detecting C compiler ABI info - done
[0.610s] -- Check for working C compiler: /usr/bin/cc - skipped
[0.610s] -- Detecting C compile features
[0.610s] -- Detecting C compile features - done
[0.610s] -- Detecting CXX compiler ABI info
[0.610s] -- Detecting CXX compiler ABI info - done
[0.610s] -- Check for working CXX compiler: /usr/bin/c++ - skipped
[0.610s] -- Detecting CXX compile features
[0.610s] -- Detecting CXX compile features - done
[0.611s] -- Found ament_cmake: 1.3.7 (/opt/ros/humble/share/ament_cmake/cmake)
[0.611s] -- Found Python3: /usr/bin/python3.10 (found version "3.10.12") found components: Interpreter 
[0.611s] -- Found rosidl_default_generators: 1.2.0 (/opt/ros/humble/share/rosidl_default_generators/cmake)
[0.611s] -- Using all available rosidl_typesupport_c: rosidl_typesupport_fastrtps_c;rosidl_typesupport_introspection_c
[0.611s] -- Found rosidl_adapter: 3.1.5 (/opt/ros/humble/share/rosidl_adapter/cmake)
[0.628s] -- Using all available rosidl_typesupport_cpp: rosidl_typesupport_fastrtps_cpp;rosidl_typesupport_introspection_cpp
[0.856s] -- Found ament_cmake_ros: 0.10.0 (/opt/ros/humble/share/ament_cmake_ros/cmake)
[1.038s] -- Using all available rosidl_typesupport_c: rosidl_typesupport_fastrtps_c;rosidl_typesupport_introspection_c
[1.340s] -- Using all available rosidl_typesupport_cpp: rosidl_typesupport_fastrtps_cpp;rosidl_typesupport_introspection_cpp
[1.360s] -- Found PythonInterp: /usr/bin/python3 (found suitable version "3.10.12", minimum required is "3.6") 
[1.362s] -- Found python_cmake_module: 0.10.0 (/opt/ros/humble/share/python_cmake_module/cmake)
[1.388s] -- Found PythonLibs: /usr/lib/x86_64-linux-gnu/libpython3.10.so (found suitable version "3.10.12", minimum required is "3.5") 
[1.388s] -- Using PYTHON_EXECUTABLE: /usr/bin/python3
[1.388s] -- Using PYTHON_INCLUDE_DIRS: /usr/include/python3.10
[1.388s] -- Using PYTHON_LIBRARIES: /usr/lib/x86_64-linux-gnu/libpython3.10.so
[1.408s] -- Found PythonExtra: .so  
[1.450s] -- Configuring done
[1.476s] -- Generating done
[1.477s] -- Build files have been written to: /home/edipo/ros2_tfm/build/robot_interfaces
[1.565s] Invoked command in '/home/edipo/ros2_tfm/build/robot_interfaces' returned '0': CMAKE_PREFIX_PATH=/opt/ros/humble /usr/bin/cmake /home/edipo/ros2_tfm/src/robot_interfaces -DCMAKE_INSTALL_PREFIX=/home/edipo/ros2_tfm/install/robot_interfaces
[1.565s] Invoking command in '/home/edipo/ros2_tfm/build/robot_interfaces': CMAKE_PREFIX_PATH=/opt/ros/humble /usr/bin/cmake --build /home/edipo/ros2_tfm/build/robot_interfaces -- -j12 -l12
[1.593s] [  2%] [34m[1mGenerating C code for ROS interfaces[0m
[1.601s] [  5%] [34m[1mGenerating C++ code for ROS interfaces[0m
[1.606s] [  5%] Built target ament_cmake_python_copy_robot_interfaces
[1.806s] running egg_info
[1.807s] creating robot_interfaces.egg-info
[1.807s] writing robot_interfaces.egg-info/PKG-INFO
[1.807s] writing dependency_links to robot_interfaces.egg-info/dependency_links.txt
[1.807s] writing top-level names to robot_interfaces.egg-info/top_level.txt
[1.807s] writing manifest file 'robot_interfaces.egg-info/SOURCES.txt'
[1.809s] reading manifest file 'robot_interfaces.egg-info/SOURCES.txt'
[1.809s] writing manifest file 'robot_interfaces.egg-info/SOURCES.txt'
[1.834s] [  5%] Built target ament_cmake_python_build_robot_interfaces_egg
[1.851s] [  5%] Built target robot_interfaces__cpp
[1.859s] [  7%] [32mBuilding C object CMakeFiles/robot_interfaces__rosidl_generator_c.dir/rosidl_generator_c/robot_interfaces/msg/detail/mpu__functions.c.o[0m
[1.859s] [ 10%] [32mBuilding C object CMakeFiles/robot_interfaces__rosidl_generator_c.dir/rosidl_generator_c/robot_interfaces/msg/detail/anglemotor__functions.c.o[0m
[1.862s] [ 15%] [34m[1mGenerating C++ type support for eProsima Fast-RTPS[0m
[1.863s] [ 15%] [34m[1mGenerating C++ type support dispatch for ROS interfaces[0m
[1.863s] [ 17%] [34m[1mGenerating C++ introspection for ROS interfaces[0m
[1.901s] [ 20%] [32m[1mLinking C shared library librobot_interfaces__rosidl_generator_c.so[0m
[1.934s] [ 20%] Built target robot_interfaces__rosidl_generator_c
[1.942s] [ 23%] [34m[1mGenerating C type support for eProsima Fast-RTPS[0m
[1.942s] [ 25%] [34m[1mGenerating C introspection for ROS interfaces[0m
[1.945s] [ 28%] [34m[1mGenerating C type support dispatch for ROS interfaces[0m
[2.128s] [ 33%] [32mBuilding CXX object CMakeFiles/robot_interfaces__rosidl_typesupport_introspection_cpp.dir/rosidl_typesupport_introspection_cpp/robot_interfaces/msg/detail/mpu__type_support.cpp.o[0m
[2.128s] [ 33%] [32mBuilding CXX object CMakeFiles/robot_interfaces__rosidl_typesupport_introspection_cpp.dir/rosidl_typesupport_introspection_cpp/robot_interfaces/msg/detail/anglemotor__type_support.cpp.o[0m
[2.210s] [ 35%] [32mBuilding C object CMakeFiles/robot_interfaces__rosidl_typesupport_introspection_c.dir/rosidl_typesupport_introspection_c/robot_interfaces/msg/detail/mpu__type_support.c.o[0m
[2.211s] [ 38%] [32mBuilding C object CMakeFiles/robot_interfaces__rosidl_typesupport_introspection_c.dir/rosidl_typesupport_introspection_c/robot_interfaces/msg/detail/anglemotor__type_support.c.o[0m
[2.236s] [ 41%] [32mBuilding CXX object CMakeFiles/robot_interfaces__rosidl_typesupport_fastrtps_c.dir/rosidl_typesupport_fastrtps_c/robot_interfaces/msg/detail/anglemotor__type_support_c.cpp.o[0m
[2.237s] [ 43%] [32mBuilding CXX object CMakeFiles/robot_interfaces__rosidl_typesupport_fastrtps_c.dir/rosidl_typesupport_fastrtps_c/robot_interfaces/msg/detail/mpu__type_support_c.cpp.o[0m
[2.254s] [ 51%] [32mBuilding CXX object CMakeFiles/robot_interfaces__rosidl_typesupport_cpp.dir/rosidl_typesupport_cpp/robot_interfaces/msg/mpu__type_support.cpp.o[0m
[2.255s] [ 51%] [32m[1mLinking C shared library librobot_interfaces__rosidl_typesupport_introspection_c.so[0m
[2.255s] [ 51%] [32mBuilding CXX object CMakeFiles/robot_interfaces__rosidl_typesupport_cpp.dir/rosidl_typesupport_cpp/robot_interfaces/msg/anglemotor__type_support.cpp.o[0m
[2.297s] [ 51%] Built target robot_interfaces__rosidl_typesupport_introspection_c
[2.333s] [ 53%] [32mBuilding CXX object CMakeFiles/robot_interfaces__rosidl_typesupport_fastrtps_cpp.dir/rosidl_typesupport_fastrtps_cpp/robot_interfaces/msg/detail/dds_fastrtps/mpu__type_support.cpp.o[0m
[2.334s] [ 56%] [32mBuilding CXX object CMakeFiles/robot_interfaces__rosidl_typesupport_fastrtps_cpp.dir/rosidl_typesupport_fastrtps_cpp/robot_interfaces/msg/detail/dds_fastrtps/anglemotor__type_support.cpp.o[0m
[2.350s] [ 58%] [32mBuilding CXX object CMakeFiles/robot_interfaces__rosidl_typesupport_c.dir/rosidl_typesupport_c/robot_interfaces/msg/anglemotor__type_support.cpp.o[0m
[2.356s] [ 61%] [32mBuilding CXX object CMakeFiles/robot_interfaces__rosidl_typesupport_c.dir/rosidl_typesupport_c/robot_interfaces/msg/mpu__type_support.cpp.o[0m
[2.403s] [ 64%] [32m[1mLinking CXX shared library librobot_interfaces__rosidl_typesupport_c.so[0m
[2.476s] [ 64%] Built target robot_interfaces__rosidl_typesupport_c
[2.610s] [ 66%] [32m[1mLinking CXX shared library librobot_interfaces__rosidl_typesupport_introspection_cpp.so[0m
[2.611s] [ 69%] [32m[1mLinking CXX shared library librobot_interfaces__rosidl_typesupport_cpp.so[0m
[2.669s] [ 69%] Built target robot_interfaces__rosidl_typesupport_cpp
[2.691s] [ 69%] Built target robot_interfaces__rosidl_typesupport_introspection_cpp
[2.771s] [ 71%] [32m[1mLinking CXX shared library librobot_interfaces__rosidl_typesupport_fastrtps_c.so[0m
[2.872s] [ 71%] Built target robot_interfaces__rosidl_typesupport_fastrtps_c
[2.903s] [ 74%] [32m[1mLinking CXX shared library librobot_interfaces__rosidl_typesupport_fastrtps_cpp.so[0m
[2.972s] [ 74%] Built target robot_interfaces__rosidl_typesupport_fastrtps_cpp
[2.989s] [ 74%] Built target robot_interfaces
[3.006s] [ 76%] [34m[1mGenerating Python code for ROS interfaces[0m
[3.387s] [ 76%] Built target robot_interfaces__py
[3.406s] [ 82%] [32mBuilding C object CMakeFiles/robot_interfaces__rosidl_generator_py.dir/rosidl_generator_py/robot_interfaces/msg/_mpu_s.c.o[0m
[3.407s] [ 82%] [32mBuilding C object CMakeFiles/robot_interfaces__rosidl_generator_py.dir/rosidl_generator_py/robot_interfaces/msg/_anglemotor_s.c.o[0m
[3.517s] [ 84%] [32m[1mLinking C shared library rosidl_generator_py/robot_interfaces/librobot_interfaces__rosidl_generator_py.so[0m
[3.553s] [ 84%] Built target robot_interfaces__rosidl_generator_py
[3.573s] [ 87%] [32mBuilding C object CMakeFiles/robot_interfaces__rosidl_typesupport_introspection_c__pyext.dir/rosidl_generator_py/robot_interfaces/_robot_interfaces_s.ep.rosidl_typesupport_introspection_c.c.o[0m
[3.581s] [ 92%] [32mBuilding C object CMakeFiles/robot_interfaces__rosidl_typesupport_fastrtps_c__pyext.dir/rosidl_generator_py/robot_interfaces/_robot_interfaces_s.ep.rosidl_typesupport_fastrtps_c.c.o[0m
[3.581s] [ 92%] [32mBuilding C object CMakeFiles/robot_interfaces__rosidl_typesupport_c__pyext.dir/rosidl_generator_py/robot_interfaces/_robot_interfaces_s.ep.rosidl_typesupport_c.c.o[0m
[3.661s] [ 94%] [32m[1mLinking C shared library rosidl_generator_py/robot_interfaces/robot_interfaces_s__rosidl_typesupport_introspection_c.cpython-310-x86_64-linux-gnu.so[0m
[3.698s] [ 94%] Built target robot_interfaces__rosidl_typesupport_introspection_c__pyext
[3.715s] [ 97%] [32m[1mLinking C shared library rosidl_generator_py/robot_interfaces/robot_interfaces_s__rosidl_typesupport_c.cpython-310-x86_64-linux-gnu.so[0m
[3.726s] [100%] [32m[1mLinking C shared library rosidl_generator_py/robot_interfaces/robot_interfaces_s__rosidl_typesupport_fastrtps_c.cpython-310-x86_64-linux-gnu.so[0m
[3.756s] [100%] Built target robot_interfaces__rosidl_typesupport_c__pyext
[3.761s] [100%] Built target robot_interfaces__rosidl_typesupport_fastrtps_c__pyext
[3.773s] Invoked command in '/home/edipo/ros2_tfm/build/robot_interfaces' returned '0': CMAKE_PREFIX_PATH=/opt/ros/humble /usr/bin/cmake --build /home/edipo/ros2_tfm/build/robot_interfaces -- -j12 -l12
[3.857s] Invoking command in '/home/edipo/ros2_tfm/build/robot_interfaces': CMAKE_PREFIX_PATH=/opt/ros/humble /usr/bin/cmake --install /home/edipo/ros2_tfm/build/robot_interfaces
[3.869s] -- Install configuration: ""
[3.869s] -- Installing: /home/edipo/ros2_tfm/install/robot_interfaces/share/ament_index/resource_index/rosidl_interfaces/robot_interfaces
[3.869s] -- Installing: /home/edipo/ros2_tfm/install/robot_interfaces/include/robot_interfaces/robot_interfaces
[3.869s] -- Installing: /home/edipo/ros2_tfm/install/robot_interfaces/include/robot_interfaces/robot_interfaces/msg
[3.869s] -- Installing: /home/edipo/ros2_tfm/install/robot_interfaces/include/robot_interfaces/robot_interfaces/msg/anglemotor.h
[3.870s] -- Installing: /home/edipo/ros2_tfm/install/robot_interfaces/include/robot_interfaces/robot_interfaces/msg/mpu.h
[3.870s] -- Installing: /home/edipo/ros2_tfm/install/robot_interfaces/include/robot_interfaces/robot_interfaces/msg/rosidl_generator_c__visibility_control.h
[3.870s] -- Installing: /home/edipo/ros2_tfm/install/robot_interfaces/include/robot_interfaces/robot_interfaces/msg/detail
[3.870s] -- Installing: /home/edipo/ros2_tfm/install/robot_interfaces/include/robot_interfaces/robot_interfaces/msg/detail/mpu__struct.h
[3.870s] -- Installing: /home/edipo/ros2_tfm/install/robot_interfaces/include/robot_interfaces/robot_interfaces/msg/detail/anglemotor__functions.c
[3.870s] -- Installing: /home/edipo/ros2_tfm/install/robot_interfaces/include/robot_interfaces/robot_interfaces/msg/detail/mpu__functions.h
[3.870s] -- Installing: /home/edipo/ros2_tfm/install/robot_interfaces/include/robot_interfaces/robot_interfaces/msg/detail/anglemotor__struct.h
[3.870s] -- Installing: /home/edipo/ros2_tfm/install/robot_interfaces/include/robot_interfaces/robot_interfaces/msg/detail/mpu__functions.c
[3.871s] -- Installing: /home/edipo/ros2_tfm/install/robot_interfaces/include/robot_interfaces/robot_interfaces/msg/detail/anglemotor__functions.h
[3.871s] -- Installing: /home/edipo/ros2_tfm/install/robot_interfaces/include/robot_interfaces/robot_interfaces/msg/detail/mpu__type_support.h
[3.871s] -- Installing: /home/edipo/ros2_tfm/install/robot_interfaces/include/robot_interfaces/robot_interfaces/msg/detail/anglemotor__type_support.h
[3.871s] -- Installing: /home/edipo/ros2_tfm/install/robot_interfaces/share/robot_interfaces/environment/library_path.sh
[3.872s] -- Installing: /home/edipo/ros2_tfm/install/robot_interfaces/share/robot_interfaces/environment/library_path.dsv
[3.872s] -- Installing: /home/edipo/ros2_tfm/install/robot_interfaces/lib/librobot_interfaces__rosidl_generator_c.so
[3.872s] -- Set runtime path of "/home/edipo/ros2_tfm/install/robot_interfaces/lib/librobot_interfaces__rosidl_generator_c.so" to ""
[3.872s] -- Up-to-date: /home/edipo/ros2_tfm/install/robot_interfaces/include/robot_interfaces/robot_interfaces
[3.873s] -- Up-to-date: /home/edipo/ros2_tfm/install/robot_interfaces/include/robot_interfaces/robot_interfaces/msg
[3.873s] -- Installing: /home/edipo/ros2_tfm/install/robot_interfaces/include/robot_interfaces/robot_interfaces/msg/rosidl_typesupport_fastrtps_c__visibility_control.h
[3.873s] -- Up-to-date: /home/edipo/ros2_tfm/install/robot_interfaces/include/robot_interfaces/robot_interfaces/msg/detail
[3.873s] -- Installing: /home/edipo/ros2_tfm/install/robot_interfaces/include/robot_interfaces/robot_interfaces/msg/detail/mpu__rosidl_typesupport_fastrtps_c.h
[3.873s] -- Installing: /home/edipo/ros2_tfm/install/robot_interfaces/include/robot_interfaces/robot_interfaces/msg/detail/anglemotor__rosidl_typesupport_fastrtps_c.h
[3.873s] -- Installing: /home/edipo/ros2_tfm/install/robot_interfaces/lib/librobot_interfaces__rosidl_typesupport_fastrtps_c.so
[3.873s] -- Set runtime path of "/home/edipo/ros2_tfm/install/robot_interfaces/lib/librobot_interfaces__rosidl_typesupport_fastrtps_c.so" to ""
[3.874s] -- Up-to-date: /home/edipo/ros2_tfm/install/robot_interfaces/include/robot_interfaces/robot_interfaces
[3.874s] -- Up-to-date: /home/edipo/ros2_tfm/install/robot_interfaces/include/robot_interfaces/robot_interfaces/msg
[3.874s] -- Installing: /home/edipo/ros2_tfm/install/robot_interfaces/include/robot_interfaces/robot_interfaces/msg/rosidl_typesupport_introspection_c__visibility_control.h
[3.874s] -- Up-to-date: /home/edipo/ros2_tfm/install/robot_interfaces/include/robot_interfaces/robot_interfaces/msg/detail
[3.874s] -- Installing: /home/edipo/ros2_tfm/install/robot_interfaces/include/robot_interfaces/robot_interfaces/msg/detail/mpu__type_support.c
[3.874s] -- Installing: /home/edipo/ros2_tfm/install/robot_interfaces/include/robot_interfaces/robot_interfaces/msg/detail/anglemotor__rosidl_typesupport_introspection_c.h
[3.874s] -- Installing: /home/edipo/ros2_tfm/install/robot_interfaces/include/robot_interfaces/robot_interfaces/msg/detail/mpu__rosidl_typesupport_introspection_c.h
[3.874s] -- Installing: /home/edipo/ros2_tfm/install/robot_interfaces/include/robot_interfaces/robot_interfaces/msg/detail/anglemotor__type_support.c
[3.874s] -- Installing: /home/edipo/ros2_tfm/install/robot_interfaces/lib/librobot_interfaces__rosidl_typesupport_introspection_c.so
[3.875s] -- Set runtime path of "/home/edipo/ros2_tfm/install/robot_interfaces/lib/librobot_interfaces__rosidl_typesupport_introspection_c.so" to ""
[3.875s] -- Installing: /home/edipo/ros2_tfm/install/robot_interfaces/lib/librobot_interfaces__rosidl_typesupport_c.so
[3.875s] -- Set runtime path of "/home/edipo/ros2_tfm/install/robot_interfaces/lib/librobot_interfaces__rosidl_typesupport_c.so" to ""
[3.876s] -- Up-to-date: /home/edipo/ros2_tfm/install/robot_interfaces/include/robot_interfaces/robot_interfaces
[3.876s] -- Up-to-date: /home/edipo/ros2_tfm/install/robot_interfaces/include/robot_interfaces/robot_interfaces/msg
[3.876s] -- Installing: /home/edipo/ros2_tfm/install/robot_interfaces/include/robot_interfaces/robot_interfaces/msg/anglemotor.hpp
[3.876s] -- Installing: /home/edipo/ros2_tfm/install/robot_interfaces/include/robot_interfaces/robot_interfaces/msg/mpu.hpp
[3.876s] -- Up-to-date: /home/edipo/ros2_tfm/install/robot_interfaces/include/robot_interfaces/robot_interfaces/msg/detail
[3.876s] -- Installing: /home/edipo/ros2_tfm/install/robot_interfaces/include/robot_interfaces/robot_interfaces/msg/detail/anglemotor__struct.hpp
[3.877s] -- Installing: /home/edipo/ros2_tfm/install/robot_interfaces/include/robot_interfaces/robot_interfaces/msg/detail/anglemotor__traits.hpp
[3.877s] -- Installing: /home/edipo/ros2_tfm/install/robot_interfaces/include/robot_interfaces/robot_interfaces/msg/detail/mpu__struct.hpp
[3.877s] -- Installing: /home/edipo/ros2_tfm/install/robot_interfaces/include/robot_interfaces/robot_interfaces/msg/detail/mpu__builder.hpp
[3.877s] -- Installing: /home/edipo/ros2_tfm/install/robot_interfaces/include/robot_interfaces/robot_interfaces/msg/detail/anglemotor__builder.hpp
[3.877s] -- Installing: /home/edipo/ros2_tfm/install/robot_interfaces/include/robot_interfaces/robot_interfaces/msg/detail/mpu__traits.hpp
[3.877s] -- Up-to-date: /home/edipo/ros2_tfm/install/robot_interfaces/include/robot_interfaces/robot_interfaces
[3.877s] -- Up-to-date: /home/edipo/ros2_tfm/install/robot_interfaces/include/robot_interfaces/robot_interfaces/msg
[3.878s] -- Up-to-date: /home/edipo/ros2_tfm/install/robot_interfaces/include/robot_interfaces/robot_interfaces/msg/detail
[3.878s] -- Installing: /home/edipo/ros2_tfm/install/robot_interfaces/include/robot_interfaces/robot_interfaces/msg/detail/dds_fastrtps
[3.878s] -- Installing: /home/edipo/ros2_tfm/install/robot_interfaces/include/robot_interfaces/robot_interfaces/msg/detail/mpu__rosidl_typesupport_fastrtps_cpp.hpp
[3.878s] -- Installing: /home/edipo/ros2_tfm/install/robot_interfaces/include/robot_interfaces/robot_interfaces/msg/detail/anglemotor__rosidl_typesupport_fastrtps_cpp.hpp
[3.878s] -- Installing: /home/edipo/ros2_tfm/install/robot_interfaces/include/robot_interfaces/robot_interfaces/msg/rosidl_typesupport_fastrtps_cpp__visibility_control.h
[3.878s] -- Installing: /home/edipo/ros2_tfm/install/robot_interfaces/lib/librobot_interfaces__rosidl_typesupport_fastrtps_cpp.so
[3.878s] -- Set runtime path of "/home/edipo/ros2_tfm/install/robot_interfaces/lib/librobot_interfaces__rosidl_typesupport_fastrtps_cpp.so" to ""
[3.878s] -- Up-to-date: /home/edipo/ros2_tfm/install/robot_interfaces/include/robot_interfaces/robot_interfaces
[3.878s] -- Up-to-date: /home/edipo/ros2_tfm/install/robot_interfaces/include/robot_interfaces/robot_interfaces/msg
[3.878s] -- Up-to-date: /home/edipo/ros2_tfm/install/robot_interfaces/include/robot_interfaces/robot_interfaces/msg/detail
[3.878s] -- Installing: /home/edipo/ros2_tfm/install/robot_interfaces/include/robot_interfaces/robot_interfaces/msg/detail/mpu__type_support.cpp
[3.878s] -- Installing: /home/edipo/ros2_tfm/install/robot_interfaces/include/robot_interfaces/robot_interfaces/msg/detail/anglemotor__type_support.cpp
[3.878s] -- Installing: /home/edipo/ros2_tfm/install/robot_interfaces/include/robot_interfaces/robot_interfaces/msg/detail/mpu__rosidl_typesupport_introspection_cpp.hpp
[3.878s] -- Installing: /home/edipo/ros2_tfm/install/robot_interfaces/include/robot_interfaces/robot_interfaces/msg/detail/anglemotor__rosidl_typesupport_introspection_cpp.hpp
[3.879s] -- Installing: /home/edipo/ros2_tfm/install/robot_interfaces/lib/librobot_interfaces__rosidl_typesupport_introspection_cpp.so
[3.879s] -- Set runtime path of "/home/edipo/ros2_tfm/install/robot_interfaces/lib/librobot_interfaces__rosidl_typesupport_introspection_cpp.so" to ""
[3.879s] -- Installing: /home/edipo/ros2_tfm/install/robot_interfaces/lib/librobot_interfaces__rosidl_typesupport_cpp.so
[3.879s] -- Set runtime path of "/home/edipo/ros2_tfm/install/robot_interfaces/lib/librobot_interfaces__rosidl_typesupport_cpp.so" to ""
[3.879s] -- Installing: /home/edipo/ros2_tfm/install/robot_interfaces/share/robot_interfaces/environment/pythonpath.sh
[3.880s] -- Installing: /home/edipo/ros2_tfm/install/robot_interfaces/share/robot_interfaces/environment/pythonpath.dsv
[3.880s] -- Installing: /home/edipo/ros2_tfm/install/robot_interfaces/local/lib/python3.10/dist-packages/robot_interfaces-0.0.0-py3.10.egg-info
[3.880s] -- Installing: /home/edipo/ros2_tfm/install/robot_interfaces/local/lib/python3.10/dist-packages/robot_interfaces-0.0.0-py3.10.egg-info/top_level.txt
[3.880s] -- Installing: /home/edipo/ros2_tfm/install/robot_interfaces/local/lib/python3.10/dist-packages/robot_interfaces-0.0.0-py3.10.egg-info/SOURCES.txt
[3.880s] -- Installing: /home/edipo/ros2_tfm/install/robot_interfaces/local/lib/python3.10/dist-packages/robot_interfaces-0.0.0-py3.10.egg-info/PKG-INFO
[3.880s] -- Installing: /home/edipo/ros2_tfm/install/robot_interfaces/local/lib/python3.10/dist-packages/robot_interfaces-0.0.0-py3.10.egg-info/dependency_links.txt
[3.881s] -- Installing: /home/edipo/ros2_tfm/install/robot_interfaces/local/lib/python3.10/dist-packages/robot_interfaces
[3.881s] -- Installing: /home/edipo/ros2_tfm/install/robot_interfaces/local/lib/python3.10/dist-packages/robot_interfaces/_robot_interfaces_s.ep.rosidl_typesupport_fastrtps_c.c
[3.881s] -- Installing: /home/edipo/ros2_tfm/install/robot_interfaces/local/lib/python3.10/dist-packages/robot_interfaces/robot_interfaces_s__rosidl_typesupport_c.cpython-310-x86_64-linux-gnu.so
[3.881s] -- Installing: /home/edipo/ros2_tfm/install/robot_interfaces/local/lib/python3.10/dist-packages/robot_interfaces/_robot_interfaces_s.ep.rosidl_typesupport_introspection_c.c
[3.881s] -- Installing: /home/edipo/ros2_tfm/install/robot_interfaces/local/lib/python3.10/dist-packages/robot_interfaces/librobot_interfaces__rosidl_generator_py.so
[3.881s] -- Installing: /home/edipo/ros2_tfm/install/robot_interfaces/local/lib/python3.10/dist-packages/robot_interfaces/_robot_interfaces_s.ep.rosidl_typesupport_c.c
[3.881s] -- Installing: /home/edipo/ros2_tfm/install/robot_interfaces/local/lib/python3.10/dist-packages/robot_interfaces/robot_interfaces_s__rosidl_typesupport_fastrtps_c.cpython-310-x86_64-linux-gnu.so
[3.882s] -- Installing: /home/edipo/ros2_tfm/install/robot_interfaces/local/lib/python3.10/dist-packages/robot_interfaces/msg
[3.882s] -- Installing: /home/edipo/ros2_tfm/install/robot_interfaces/local/lib/python3.10/dist-packages/robot_interfaces/msg/_mpu.py
[3.882s] -- Installing: /home/edipo/ros2_tfm/install/robot_interfaces/local/lib/python3.10/dist-packages/robot_interfaces/msg/_anglemotor_s.c
[3.882s] -- Installing: /home/edipo/ros2_tfm/install/robot_interfaces/local/lib/python3.10/dist-packages/robot_interfaces/msg/_anglemotor.py
[3.882s] -- Installing: /home/edipo/ros2_tfm/install/robot_interfaces/local/lib/python3.10/dist-packages/robot_interfaces/msg/__init__.py
[3.882s] -- Installing: /home/edipo/ros2_tfm/install/robot_interfaces/local/lib/python3.10/dist-packages/robot_interfaces/msg/_mpu_s.c
[3.882s] -- Installing: /home/edipo/ros2_tfm/install/robot_interfaces/local/lib/python3.10/dist-packages/robot_interfaces/robot_interfaces_s__rosidl_typesupport_introspection_c.cpython-310-x86_64-linux-gnu.so
[3.883s] -- Installing: /home/edipo/ros2_tfm/install/robot_interfaces/local/lib/python3.10/dist-packages/robot_interfaces/__init__.py
[3.921s] Listing '/home/edipo/ros2_tfm/install/robot_interfaces/local/lib/python3.10/dist-packages/robot_interfaces'...
[3.921s] Compiling '/home/edipo/ros2_tfm/install/robot_interfaces/local/lib/python3.10/dist-packages/robot_interfaces/__init__.py'...
[3.921s] Listing '/home/edipo/ros2_tfm/install/robot_interfaces/local/lib/python3.10/dist-packages/robot_interfaces/msg'...
[3.921s] Compiling '/home/edipo/ros2_tfm/install/robot_interfaces/local/lib/python3.10/dist-packages/robot_interfaces/msg/__init__.py'...
[3.921s] Compiling '/home/edipo/ros2_tfm/install/robot_interfaces/local/lib/python3.10/dist-packages/robot_interfaces/msg/_anglemotor.py'...
[3.922s] Compiling '/home/edipo/ros2_tfm/install/robot_interfaces/local/lib/python3.10/dist-packages/robot_interfaces/msg/_mpu.py'...
[3.926s] -- Installing: /home/edipo/ros2_tfm/install/robot_interfaces/local/lib/python3.10/dist-packages/robot_interfaces/robot_interfaces_s__rosidl_typesupport_fastrtps_c.cpython-310-x86_64-linux-gnu.so
[3.927s] -- Set runtime path of "/home/edipo/ros2_tfm/install/robot_interfaces/local/lib/python3.10/dist-packages/robot_interfaces/robot_interfaces_s__rosidl_typesupport_fastrtps_c.cpython-310-x86_64-linux-gnu.so" to ""
[3.927s] -- Installing: /home/edipo/ros2_tfm/install/robot_interfaces/local/lib/python3.10/dist-packages/robot_interfaces/robot_interfaces_s__rosidl_typesupport_introspection_c.cpython-310-x86_64-linux-gnu.so
[3.927s] -- Set runtime path of "/home/edipo/ros2_tfm/install/robot_interfaces/local/lib/python3.10/dist-packages/robot_interfaces/robot_interfaces_s__rosidl_typesupport_introspection_c.cpython-310-x86_64-linux-gnu.so" to ""
[3.927s] -- Installing: /home/edipo/ros2_tfm/install/robot_interfaces/local/lib/python3.10/dist-packages/robot_interfaces/robot_interfaces_s__rosidl_typesupport_c.cpython-310-x86_64-linux-gnu.so
[3.928s] -- Set runtime path of "/home/edipo/ros2_tfm/install/robot_interfaces/local/lib/python3.10/dist-packages/robot_interfaces/robot_interfaces_s__rosidl_typesupport_c.cpython-310-x86_64-linux-gnu.so" to ""
[3.928s] -- Installing: /home/edipo/ros2_tfm/install/robot_interfaces/lib/librobot_interfaces__rosidl_generator_py.so
[3.928s] -- Set runtime path of "/home/edipo/ros2_tfm/install/robot_interfaces/lib/librobot_interfaces__rosidl_generator_py.so" to ""
[3.928s] -- Installing: /home/edipo/ros2_tfm/install/robot_interfaces/share/robot_interfaces/msg/Mpu.idl
[3.929s] -- Installing: /home/edipo/ros2_tfm/install/robot_interfaces/share/robot_interfaces/msg/Anglemotor.idl
[3.929s] -- Installing: /home/edipo/ros2_tfm/install/robot_interfaces/share/robot_interfaces/msg/Mpu.msg
[3.929s] -- Installing: /home/edipo/ros2_tfm/install/robot_interfaces/share/robot_interfaces/msg/Anglemotor.msg
[3.929s] -- Installing: /home/edipo/ros2_tfm/install/robot_interfaces/share/ament_index/resource_index/package_run_dependencies/robot_interfaces
[3.929s] -- Installing: /home/edipo/ros2_tfm/install/robot_interfaces/share/ament_index/resource_index/parent_prefix_path/robot_interfaces
[3.929s] -- Installing: /home/edipo/ros2_tfm/install/robot_interfaces/share/robot_interfaces/environment/ament_prefix_path.sh
[3.930s] -- Installing: /home/edipo/ros2_tfm/install/robot_interfaces/share/robot_interfaces/environment/ament_prefix_path.dsv
[3.930s] -- Installing: /home/edipo/ros2_tfm/install/robot_interfaces/share/robot_interfaces/environment/path.sh
[3.930s] -- Installing: /home/edipo/ros2_tfm/install/robot_interfaces/share/robot_interfaces/environment/path.dsv
[3.930s] -- Installing: /home/edipo/ros2_tfm/install/robot_interfaces/share/robot_interfaces/local_setup.bash
[3.930s] -- Installing: /home/edipo/ros2_tfm/install/robot_interfaces/share/robot_interfaces/local_setup.sh
[3.930s] -- Installing: /home/edipo/ros2_tfm/install/robot_interfaces/share/robot_interfaces/local_setup.zsh
[3.930s] -- Installing: /home/edipo/ros2_tfm/install/robot_interfaces/share/robot_interfaces/local_setup.dsv
[3.931s] -- Installing: /home/edipo/ros2_tfm/install/robot_interfaces/share/robot_interfaces/package.dsv
[3.931s] -- Installing: /home/edipo/ros2_tfm/install/robot_interfaces/share/ament_index/resource_index/packages/robot_interfaces
[3.931s] -- Installing: /home/edipo/ros2_tfm/install/robot_interfaces/share/robot_interfaces/cmake/export_robot_interfaces__rosidl_generator_cExport.cmake
[3.931s] -- Installing: /home/edipo/ros2_tfm/install/robot_interfaces/share/robot_interfaces/cmake/export_robot_interfaces__rosidl_generator_cExport-noconfig.cmake
[3.931s] -- Installing: /home/edipo/ros2_tfm/install/robot_interfaces/share/robot_interfaces/cmake/export_robot_interfaces__rosidl_typesupport_fastrtps_cExport.cmake
[3.932s] -- Installing: /home/edipo/ros2_tfm/install/robot_interfaces/share/robot_interfaces/cmake/export_robot_interfaces__rosidl_typesupport_fastrtps_cExport-noconfig.cmake
[3.932s] -- Installing: /home/edipo/ros2_tfm/install/robot_interfaces/share/robot_interfaces/cmake/robot_interfaces__rosidl_typesupport_introspection_cExport.cmake
[3.932s] -- Installing: /home/edipo/ros2_tfm/install/robot_interfaces/share/robot_interfaces/cmake/robot_interfaces__rosidl_typesupport_introspection_cExport-noconfig.cmake
[3.932s] -- Installing: /home/edipo/ros2_tfm/install/robot_interfaces/share/robot_interfaces/cmake/robot_interfaces__rosidl_typesupport_cExport.cmake
[3.932s] -- Installing: /home/edipo/ros2_tfm/install/robot_interfaces/share/robot_interfaces/cmake/robot_interfaces__rosidl_typesupport_cExport-noconfig.cmake
[3.932s] -- Installing: /home/edipo/ros2_tfm/install/robot_interfaces/share/robot_interfaces/cmake/export_robot_interfaces__rosidl_generator_cppExport.cmake
[3.933s] -- Installing: /home/edipo/ros2_tfm/install/robot_interfaces/share/robot_interfaces/cmake/export_robot_interfaces__rosidl_typesupport_fastrtps_cppExport.cmake
[3.933s] -- Installing: /home/edipo/ros2_tfm/install/robot_interfaces/share/robot_interfaces/cmake/export_robot_interfaces__rosidl_typesupport_fastrtps_cppExport-noconfig.cmake
[3.933s] -- Installing: /home/edipo/ros2_tfm/install/robot_interfaces/share/robot_interfaces/cmake/robot_interfaces__rosidl_typesupport_introspection_cppExport.cmake
[3.933s] -- Installing: /home/edipo/ros2_tfm/install/robot_interfaces/share/robot_interfaces/cmake/robot_interfaces__rosidl_typesupport_introspection_cppExport-noconfig.cmake
[3.933s] -- Installing: /home/edipo/ros2_tfm/install/robot_interfaces/share/robot_interfaces/cmake/robot_interfaces__rosidl_typesupport_cppExport.cmake
[3.933s] -- Installing: /home/edipo/ros2_tfm/install/robot_interfaces/share/robot_interfaces/cmake/robot_interfaces__rosidl_typesupport_cppExport-noconfig.cmake
[3.934s] -- Installing: /home/edipo/ros2_tfm/install/robot_interfaces/share/robot_interfaces/cmake/export_robot_interfaces__rosidl_generator_pyExport.cmake
[3.934s] -- Installing: /home/edipo/ros2_tfm/install/robot_interfaces/share/robot_interfaces/cmake/export_robot_interfaces__rosidl_generator_pyExport-noconfig.cmake
[3.934s] -- Installing: /home/edipo/ros2_tfm/install/robot_interfaces/share/robot_interfaces/cmake/rosidl_cmake-extras.cmake
[3.934s] -- Installing: /home/edipo/ros2_tfm/install/robot_interfaces/share/robot_interfaces/cmake/ament_cmake_export_include_directories-extras.cmake
[3.934s] -- Installing: /home/edipo/ros2_tfm/install/robot_interfaces/share/robot_interfaces/cmake/ament_cmake_export_libraries-extras.cmake
[3.934s] -- Installing: /home/edipo/ros2_tfm/install/robot_interfaces/share/robot_interfaces/cmake/ament_cmake_export_targets-extras.cmake
[3.935s] -- Installing: /home/edipo/ros2_tfm/install/robot_interfaces/share/robot_interfaces/cmake/rosidl_cmake_export_typesupport_targets-extras.cmake
[3.935s] -- Installing: /home/edipo/ros2_tfm/install/robot_interfaces/share/robot_interfaces/cmake/ament_cmake_export_dependencies-extras.cmake
[3.935s] -- Installing: /home/edipo/ros2_tfm/install/robot_interfaces/share/robot_interfaces/cmake/rosidl_cmake_export_typesupport_libraries-extras.cmake
[3.935s] -- Installing: /home/edipo/ros2_tfm/install/robot_interfaces/share/robot_interfaces/cmake/robot_interfacesConfig.cmake
[3.935s] -- Installing: /home/edipo/ros2_tfm/install/robot_interfaces/share/robot_interfaces/cmake/robot_interfacesConfig-version.cmake
[3.935s] -- Installing: /home/edipo/ros2_tfm/install/robot_interfaces/share/robot_interfaces/package.xml
[3.938s] Invoked command in '/home/edipo/ros2_tfm/build/robot_interfaces' returned '0': CMAKE_PREFIX_PATH=/opt/ros/humble /usr/bin/cmake --install /home/edipo/ros2_tfm/build/robot_interfaces
