/home/edipo/.local/lib/python3.10/site-packages/setuptools/dist.py:717: UserWarning: Usage of dash-separated 'script-dir' will not be supported in future versions. Please use the underscore name 'script_dir' instead
  warnings.warn(
running egg_info
creating ../../build/GO2_ARM_description/GO2_ARM_description.egg-info
writing ../../build/GO2_ARM_description/GO2_ARM_description.egg-info/PKG-INFO
writing dependency_links to ../../build/GO2_ARM_description/GO2_ARM_description.egg-info/dependency_links.txt
writing entry points to ../../build/GO2_ARM_description/GO2_ARM_description.egg-info/entry_points.txt
writing requirements to ../../build/GO2_ARM_description/GO2_ARM_description.egg-info/requires.txt
writing top-level names to ../../build/GO2_ARM_description/GO2_ARM_description.egg-info/top_level.txt
writing manifest file '../../build/GO2_ARM_description/GO2_ARM_description.egg-info/SOURCES.txt'
reading manifest file '../../build/GO2_ARM_description/GO2_ARM_description.egg-info/SOURCES.txt'
writing manifest file '../../build/GO2_ARM_description/GO2_ARM_description.egg-info/SOURCES.txt'
running build
running build_py
creating /home/edipo/ros2_tfm/build/GO2_ARM_description/build
creating /home/edipo/ros2_tfm/build/GO2_ARM_description/build/lib
creating /home/edipo/ros2_tfm/build/GO2_ARM_description/build/lib/GO2_ARM_description
copying GO2_ARM_description/__init__.py -> /home/edipo/ros2_tfm/build/GO2_ARM_description/build/lib/GO2_ARM_description
running install
running install_lib
creating /home/edipo/ros2_tfm/install/GO2_ARM_description/lib/python3.10/site-packages/GO2_ARM_description
copying /home/edipo/ros2_tfm/build/GO2_ARM_description/build/lib/GO2_ARM_description/__init__.py -> /home/edipo/ros2_tfm/install/GO2_ARM_description/lib/python3.10/site-packages/GO2_ARM_description
byte-compiling /home/edipo/ros2_tfm/install/GO2_ARM_description/lib/python3.10/site-packages/GO2_ARM_description/__init__.py to __init__.cpython-310.pyc
running install_data
creating /home/edipo/ros2_tfm/install/GO2_ARM_description/share/ament_index
creating /home/edipo/ros2_tfm/install/GO2_ARM_description/share/ament_index/resource_index
creating /home/edipo/ros2_tfm/install/GO2_ARM_description/share/ament_index/resource_index/packages
copying resource/GO2_ARM_description -> /home/edipo/ros2_tfm/install/GO2_ARM_description/share/ament_index/resource_index/packages
copying package.xml -> /home/edipo/ros2_tfm/install/GO2_ARM_description/share/GO2_ARM_description
creating /home/edipo/ros2_tfm/install/GO2_ARM_description/share/GO2_ARM_description/launch
copying launch/gazebo.launch.py -> /home/edipo/ros2_tfm/install/GO2_ARM_description/share/GO2_ARM_description/launch
copying launch/display.launch.py -> /home/edipo/ros2_tfm/install/GO2_ARM_description/share/GO2_ARM_description/launch
creating /home/edipo/ros2_tfm/install/GO2_ARM_description/share/GO2_ARM_description/urdf
copying urdf/GO2_ARM.gazebo -> /home/edipo/ros2_tfm/install/GO2_ARM_description/share/GO2_ARM_description/urdf
copying urdf/materials.xacro -> /home/edipo/ros2_tfm/install/GO2_ARM_description/share/GO2_ARM_description/urdf
copying urdf/GO2_ARM.trans -> /home/edipo/ros2_tfm/install/GO2_ARM_description/share/GO2_ARM_description/urdf
copying urdf/GO2_ARM.xacro -> /home/edipo/ros2_tfm/install/GO2_ARM_description/share/GO2_ARM_description/urdf
creating /home/edipo/ros2_tfm/install/GO2_ARM_description/share/GO2_ARM_description/meshes
copying meshes/Wheel_v5_v4_9.stl -> /home/edipo/ros2_tfm/install/GO2_ARM_description/share/GO2_ARM_description/meshes
copying meshes/pieza_perfil_v2_1.stl -> /home/edipo/ros2_tfm/install/GO2_ARM_description/share/GO2_ARM_description/meshes
copying meshes/Support_large_v2_1.stl -> /home/edipo/ros2_tfm/install/GO2_ARM_description/share/GO2_ARM_description/meshes
copying meshes/pieza_perfil_v2_4.stl -> /home/edipo/ros2_tfm/install/GO2_ARM_description/share/GO2_ARM_description/meshes
copying meshes/Support_large_v2_9.stl -> /home/edipo/ros2_tfm/install/GO2_ARM_description/share/GO2_ARM_description/meshes
copying meshes/pieza_perfil_v2_2.stl -> /home/edipo/ros2_tfm/install/GO2_ARM_description/share/GO2_ARM_description/meshes
copying meshes/Wheel_v5_v4_17.stl -> /home/edipo/ros2_tfm/install/GO2_ARM_description/share/GO2_ARM_description/meshes
copying meshes/Support_large_v2_8.stl -> /home/edipo/ros2_tfm/install/GO2_ARM_description/share/GO2_ARM_description/meshes
copying meshes/Support_large_v7_v3_5.stl -> /home/edipo/ros2_tfm/install/GO2_ARM_description/share/GO2_ARM_description/meshes
copying meshes/pieza_perfil_v2_5.stl -> /home/edipo/ros2_tfm/install/GO2_ARM_description/share/GO2_ARM_description/meshes
copying meshes/Wheel_v5_v4_18.stl -> /home/edipo/ros2_tfm/install/GO2_ARM_description/share/GO2_ARM_description/meshes
copying meshes/Wheel_v5_v4_10.stl -> /home/edipo/ros2_tfm/install/GO2_ARM_description/share/GO2_ARM_description/meshes
copying meshes/Wheel_v5_v4_15.stl -> /home/edipo/ros2_tfm/install/GO2_ARM_description/share/GO2_ARM_description/meshes
copying meshes/Support_large_v7_v3_6.stl -> /home/edipo/ros2_tfm/install/GO2_ARM_description/share/GO2_ARM_description/meshes
copying meshes/Soporte_motor_v2_1.stl -> /home/edipo/ros2_tfm/install/GO2_ARM_description/share/GO2_ARM_description/meshes
copying meshes/pieza_perfil_v2_3.stl -> /home/edipo/ros2_tfm/install/GO2_ARM_description/share/GO2_ARM_description/meshes
copying meshes/Wheel_v5_v4_2.stl -> /home/edipo/ros2_tfm/install/GO2_ARM_description/share/GO2_ARM_description/meshes
copying meshes/Claw_p2_v2_1.stl -> /home/edipo/ros2_tfm/install/GO2_ARM_description/share/GO2_ARM_description/meshes
copying meshes/Motor_rds_v4_5.stl -> /home/edipo/ros2_tfm/install/GO2_ARM_description/share/GO2_ARM_description/meshes
copying meshes/pieza_perfil_v2_6.stl -> /home/edipo/ros2_tfm/install/GO2_ARM_description/share/GO2_ARM_description/meshes
copying meshes/Claw_base2_v3_1.stl -> /home/edipo/ros2_tfm/install/GO2_ARM_description/share/GO2_ARM_description/meshes
copying meshes/Motor_rds_v4_1.stl -> /home/edipo/ros2_tfm/install/GO2_ARM_description/share/GO2_ARM_description/meshes
copying meshes/Wheel_v5_v4_16.stl -> /home/edipo/ros2_tfm/install/GO2_ARM_description/share/GO2_ARM_description/meshes
copying meshes/Support_large_v7_v3_1.stl -> /home/edipo/ros2_tfm/install/GO2_ARM_description/share/GO2_ARM_description/meshes
copying meshes/arm_250_v1_1.stl -> /home/edipo/ros2_tfm/install/GO2_ARM_description/share/GO2_ARM_description/meshes
copying meshes/base_link.stl -> /home/edipo/ros2_tfm/install/GO2_ARM_description/share/GO2_ARM_description/meshes
copying meshes/Pieza_rotational_v2_1.stl -> /home/edipo/ros2_tfm/install/GO2_ARM_description/share/GO2_ARM_description/meshes
copying meshes/Wheel_v5_v4_19.stl -> /home/edipo/ros2_tfm/install/GO2_ARM_description/share/GO2_ARM_description/meshes
copying meshes/Motor_rds_v4_6.stl -> /home/edipo/ros2_tfm/install/GO2_ARM_description/share/GO2_ARM_description/meshes
copying meshes/Clamp_base_v1_1.stl -> /home/edipo/ros2_tfm/install/GO2_ARM_description/share/GO2_ARM_description/meshes
copying meshes/Wheel_v5_v4_1.stl -> /home/edipo/ros2_tfm/install/GO2_ARM_description/share/GO2_ARM_description/meshes
copying meshes/Motor_rds_v4_7.stl -> /home/edipo/ros2_tfm/install/GO2_ARM_description/share/GO2_ARM_description/meshes
copying meshes/arm_300_v1_1.stl -> /home/edipo/ros2_tfm/install/GO2_ARM_description/share/GO2_ARM_description/meshes
copying meshes/Support_large_v7_v3_7.stl -> /home/edipo/ros2_tfm/install/GO2_ARM_description/share/GO2_ARM_description/meshes
copying meshes/Claw_finger2_v2_1.stl -> /home/edipo/ros2_tfm/install/GO2_ARM_description/share/GO2_ARM_description/meshes
copying meshes/Support_large_v2_5.stl -> /home/edipo/ros2_tfm/install/GO2_ARM_description/share/GO2_ARM_description/meshes
creating /home/edipo/ros2_tfm/install/GO2_ARM_description/share/GO2_ARM_description/config
copying config/display.rviz -> /home/edipo/ros2_tfm/install/GO2_ARM_description/share/GO2_ARM_description/config
running install_egg_info
Copying ../../build/GO2_ARM_description/GO2_ARM_description.egg-info to /home/edipo/ros2_tfm/install/GO2_ARM_description/lib/python3.10/site-packages/GO2_ARM_description-0.0.0-py3.10.egg-info
running install_scripts
writing list of installed files to '/home/edipo/ros2_tfm/build/GO2_ARM_description/install.log'
