[0.119s] Invoking command in '/home/edipo/ros2_tfm/build/turtlebot3_gazebo': CMAKE_PREFIX_PATH=/opt/ros/humble /usr/bin/cmake /home/edipo/ros2_tfm/src/turtlebot3_simulations/turtlebot3_gazebo -DCMAKE_INSTALL_PREFIX=/home/edipo/ros2_tfm/install/turtlebot3_gazebo
[0.564s] [33mCMake Warning (dev) at /usr/share/cmake-3.22/Modules/FindPackageHandleStandardArgs.cmake:438 (message):
[0.564s]   The package name passed to `find_package_handle_standard_args` (PkgConfig)
[0.564s]   does not match the name of the calling package (gazebo).  This can lead to
[0.564s]   problems in calling code that expects `find_package` result variables
[0.565s]   (e.g., `_FOUND`) to follow a certain pattern.
[0.565s] Call Stack (most recent call first):
[0.565s]   /usr/share/cmake-3.22/Modules/FindPkgConfig.cmake:99 (find_package_handle_standard_args)
[0.565s]   /usr/lib/x86_64-linux-gnu/cmake/gazebo/gazebo-config.cmake:72 (include)
[0.565s]   CMakeLists.txt:23 (find_package)
[0.565s] This warning is for project developers.  Use -Wno-dev to suppress it.
[0.565s] [0m
[0.565s] -- The C compiler identification is GNU 11.4.0
[0.565s] -- The CXX compiler identification is GNU 11.4.0
[0.565s] -- Detecting C compiler ABI info
[0.565s] -- Detecting C compiler ABI info - done
[0.565s] -- Check for working C compiler: /usr/bin/cc - skipped
[0.565s] -- Detecting C compile features
[0.566s] -- Detecting C compile features - done
[0.566s] -- Detecting CXX compiler ABI info
[0.566s] -- Detecting CXX compiler ABI info - done
[0.566s] -- Check for working CXX compiler: /usr/bin/c++ - skipped
[0.566s] -- Detecting CXX compile features
[0.566s] -- Detecting CXX compile features - done
[0.566s] -- Found ament_cmake: 1.3.7 (/opt/ros/humble/share/ament_cmake/cmake)
[0.566s] -- Found Python3: /usr/bin/python3.10 (found version "3.10.12") found components: Interpreter 
[0.566s] -- Found PkgConfig: /usr/bin/pkg-config (found version "0.29.2") 
[0.566s] -- Checking for module 'bullet>=2.82'
[0.566s] --   Found bullet, version 3.05
[0.648s] -- Found fcl: /usr/include (found suitable version "0.7.0", minimum required is "0.5.0") 
[0.686s] -- Found assimp: /usr/include (found version "5.2.0") 
[0.709s] -- Found DART: /usr/include (Required is at least version "6.6") found components: dart 
[0.862s] -- Found Boost: /usr/lib/x86_64-linux-gnu/cmake/Boost-1.74.0/BoostConfig.cmake (found suitable version "1.74.0", minimum required is "1.40.0") found components: thread system filesystem program_options regex iostreams date_time 
[0.885s] -- Found Protobuf: /usr/lib/x86_64-linux-gnu/libprotobuf.so (found version "3.12.4") 
[0.891s] -- Looking for ignition-math6 -- found version 6.15.1
[0.901s] -- Searching for dependencies of ignition-math6
[0.904s] -- Looking for OGRE...
[0.904s] -- OGRE_PREFIX_WATCH changed.
[0.910s] -- Checking for module 'OGRE'
[0.924s] --   Found OGRE, version 1.9.0
[0.957s] -- Found Ogre Ghadamon (1.9.0)
[0.967s] -- Found OGRE: optimized;/usr/lib/x86_64-linux-gnu/libOgreMain.so;debug;/usr/lib/x86_64-linux-gnu/libOgreMain.so
[0.977s] -- Looking for OGRE_Paging...
[0.982s] -- Found OGRE_Paging: optimized;/usr/lib/x86_64-linux-gnu/libOgrePaging.so;debug;/usr/lib/x86_64-linux-gnu/libOgrePaging.so
[0.982s] -- Looking for OGRE_Terrain...
[0.986s] -- Found OGRE_Terrain: optimized;/usr/lib/x86_64-linux-gnu/libOgreTerrain.so;debug;/usr/lib/x86_64-linux-gnu/libOgreTerrain.so
[0.986s] -- Looking for OGRE_Property...
[0.991s] -- Found OGRE_Property: optimized;/usr/lib/x86_64-linux-gnu/libOgreProperty.so;debug;/usr/lib/x86_64-linux-gnu/libOgreProperty.so
[0.991s] -- Looking for OGRE_RTShaderSystem...
[0.996s] -- Found OGRE_RTShaderSystem: optimized;/usr/lib/x86_64-linux-gnu/libOgreRTShaderSystem.so;debug;/usr/lib/x86_64-linux-gnu/libOgreRTShaderSystem.so
[0.996s] -- Looking for OGRE_Volume...
[1.000s] -- Found OGRE_Volume: optimized;/usr/lib/x86_64-linux-gnu/libOgreVolume.so;debug;/usr/lib/x86_64-linux-gnu/libOgreVolume.so
[1.000s] -- Looking for OGRE_Overlay...
[1.005s] -- Found OGRE_Overlay: optimized;/usr/lib/x86_64-linux-gnu/libOgreOverlay.so;debug;/usr/lib/x86_64-linux-gnu/libOgreOverlay.so
[1.092s] -- Looking for ignition-math6 -- found version 6.15.1
[1.094s] -- Looking for ignition-transport8 -- found version 8.2.1
[1.094s] -- Searching for dependencies of ignition-transport8
[1.111s] -- Found Protobuf: /usr/lib/x86_64-linux-gnu/libprotobuf.so (found suitable version "3.12.4", minimum required is "3") 
[1.125s] -- Config-file not installed for ZeroMQ -- checking for pkg-config
[1.131s] -- Checking for module 'libzmq >= 4'
[1.147s] --   Found libzmq , version 4.3.4
[1.186s] -- Found ZeroMQ: TRUE (Required is at least version "4") 
[1.193s] -- Checking for module 'uuid'
[1.206s] --   Found uuid, version 2.37.2
[1.242s] -- Found UUID: TRUE  
[1.245s] -- Looking for ignition-msgs5 -- found version 5.8.1
[1.246s] -- Searching for dependencies of ignition-msgs5
[1.269s] -- Looking for ignition-math6 -- found version 6.15.1
[1.275s] -- Checking for module 'tinyxml2'
[1.287s] --   Found tinyxml2, version 9.0.0
[1.324s] -- Looking for ignition-msgs5 -- found version 5.8.1
[1.327s] -- Looking for ignition-common3 -- found version 3.14.0
[1.328s] -- Searching for dependencies of ignition-common3
[1.329s] -- Looking for dlfcn.h - found
[1.330s] -- Looking for libdl - found
[1.331s] -- Found DL: TRUE  
[1.343s] -- Found tinyobjloader: /usr/lib/x86_64-linux-gnu/cmake/tinyobjloader/tinyobjloader-config.cmake (found version "2.0.0") 
[1.345s] -- Searching for <ignition-common3> component [graphics]
[1.348s] -- Looking for ignition-common3-graphics -- found version 3.14.0
[1.349s] -- Searching for dependencies of ignition-common3-graphics
[1.350s] -- Looking for ignition-math6 -- found version 6.15.1
[1.354s] -- Looking for ignition-fuel_tools4 -- found version 4.4.0
[1.354s] -- Searching for dependencies of ignition-fuel_tools4
[1.428s] -- Found CURL: /usr/lib/x86_64-linux-gnu/libcurl.so (found version "7.81.0")  
[1.438s] -- Checking for module 'jsoncpp'
[1.447s] --   Found jsoncpp, version 1.9.5
[1.469s] -- Found JSONCPP: TRUE  
[1.474s] -- Checking for module 'libzip'
[1.483s] --   Found libzip, version 1.7.3
[1.505s] -- Found ZIP: TRUE  
[1.505s] -- Looking for ignition-common3 -- found version 3.14.0
[1.505s] -- Looking for ignition-math6 -- found version 6.15.1
[1.505s] -- Looking for ignition-msgs5 -- found version 5.8.1
[1.510s] -- Found gazebo_ros_pkgs: 3.7.0 (/opt/ros/humble/share/gazebo_ros_pkgs/cmake)
[1.511s] -- Found geometry_msgs: 4.2.3 (/opt/ros/humble/share/geometry_msgs/cmake)
[1.532s] -- Found rosidl_generator_c: 3.1.5 (/opt/ros/humble/share/rosidl_generator_c/cmake)
[1.536s] -- Found rosidl_adapter: 3.1.5 (/opt/ros/humble/share/rosidl_adapter/cmake)
[1.542s] -- Found rosidl_generator_cpp: 3.1.5 (/opt/ros/humble/share/rosidl_generator_cpp/cmake)
[1.552s] -- Using all available rosidl_typesupport_c: rosidl_typesupport_fastrtps_c;rosidl_typesupport_introspection_c
[1.567s] -- Using all available rosidl_typesupport_cpp: rosidl_typesupport_fastrtps_cpp;rosidl_typesupport_introspection_cpp
[1.671s] -- Found nav_msgs: 4.2.3 (/opt/ros/humble/share/nav_msgs/cmake)
[1.745s] -- Found rclcpp: 16.0.8 (/opt/ros/humble/share/rclcpp/cmake)
[1.802s] -- Found rmw_implementation_cmake: 6.1.1 (/opt/ros/humble/share/rmw_implementation_cmake/cmake)
[1.805s] -- Found rmw_fastrtps_cpp: 6.2.6 (/opt/ros/humble/share/rmw_fastrtps_cpp/cmake)
[1.905s] -- Found OpenSSL: /usr/lib/x86_64-linux-gnu/libcrypto.so (found version "3.0.2")  
[1.935s] -- Found FastRTPS: /opt/ros/humble/include  
[1.984s] -- Using RMW implementation 'rmw_fastrtps_cpp' as default
[1.994s] -- Found Threads: TRUE  
[2.121s] -- Found sensor_msgs: 4.2.3 (/opt/ros/humble/share/sensor_msgs/cmake)
[2.237s] -- Found tf2: 0.25.5 (/opt/ros/humble/share/tf2/cmake)
[2.370s] -- Configuring done
[2.417s] -- Generating done
[2.421s] -- Build files have been written to: /home/edipo/ros2_tfm/build/turtlebot3_gazebo
[2.441s] Invoked command in '/home/edipo/ros2_tfm/build/turtlebot3_gazebo' returned '0': CMAKE_PREFIX_PATH=/opt/ros/humble /usr/bin/cmake /home/edipo/ros2_tfm/src/turtlebot3_simulations/turtlebot3_gazebo -DCMAKE_INSTALL_PREFIX=/home/edipo/ros2_tfm/install/turtlebot3_gazebo
[2.442s] Invoking command in '/home/edipo/ros2_tfm/build/turtlebot3_gazebo': CMAKE_PREFIX_PATH=/opt/ros/humble /usr/bin/cmake --build /home/edipo/ros2_tfm/build/turtlebot3_gazebo -- -j12 -l12
[2.516s] [ 25%] [32mBuilding CXX object CMakeFiles/obstacle1.dir/models/turtlebot3_dqn_world/obstacle_plugin/obstacle1.cc.o[0m
[2.516s] [ 25%] [32mBuilding CXX object CMakeFiles/turtlebot3_drive.dir/src/turtlebot3_drive.cpp.o[0m
[2.516s] [ 37%] [32mBuilding CXX object CMakeFiles/obstacle2.dir/models/turtlebot3_dqn_world/obstacle_plugin/obstacle2.cc.o[0m
[2.518s] [ 50%] [32mBuilding CXX object CMakeFiles/obstacles.dir/models/turtlebot3_dqn_world/obstacle_plugin/obstacles.cc.o[0m
[12.897s] [ 62%] [32m[1mLinking CXX executable turtlebot3_drive[0m
[13.587s] [ 62%] Built target turtlebot3_drive
[14.028s] [ 75%] [32m[1mLinking CXX shared library libobstacles.so[0m
[14.194s] [ 87%] [32m[1mLinking CXX shared library libobstacle2.so[0m
[14.352s] [ 87%] Built target obstacles
[14.473s] [ 87%] Built target obstacle2
[14.901s] [100%] [32m[1mLinking CXX shared library libobstacle1.so[0m
[15.169s] [100%] Built target obstacle1
[15.189s] Invoked command in '/home/edipo/ros2_tfm/build/turtlebot3_gazebo' returned '0': CMAKE_PREFIX_PATH=/opt/ros/humble /usr/bin/cmake --build /home/edipo/ros2_tfm/build/turtlebot3_gazebo -- -j12 -l12
[15.237s] Invoking command in '/home/edipo/ros2_tfm/build/turtlebot3_gazebo': CMAKE_PREFIX_PATH=/opt/ros/humble /usr/bin/cmake --install /home/edipo/ros2_tfm/build/turtlebot3_gazebo
[15.246s] -- Install configuration: ""
[15.246s] -- Installing: /home/edipo/ros2_tfm/install/turtlebot3_gazebo/lib/turtlebot3_gazebo/turtlebot3_drive
[15.252s] -- Set runtime path of "/home/edipo/ros2_tfm/install/turtlebot3_gazebo/lib/turtlebot3_gazebo/turtlebot3_drive" to ""
[15.252s] -- Installing: /home/edipo/ros2_tfm/install/turtlebot3_gazebo/share/turtlebot3_gazebo//launch
[15.252s] -- Installing: /home/edipo/ros2_tfm/install/turtlebot3_gazebo/share/turtlebot3_gazebo//launch/robot_state_publisher.launch.py
[15.252s] -- Installing: /home/edipo/ros2_tfm/install/turtlebot3_gazebo/share/turtlebot3_gazebo//launch/turtlebot3_dqn_stage4.launch.py
[15.252s] -- Installing: /home/edipo/ros2_tfm/install/turtlebot3_gazebo/share/turtlebot3_gazebo//launch/turtlebot3_dqn_stage1.launch.py
[15.252s] -- Installing: /home/edipo/ros2_tfm/install/turtlebot3_gazebo/share/turtlebot3_gazebo//launch/turtlebot3_world.launch.py
[15.252s] -- Installing: /home/edipo/ros2_tfm/install/turtlebot3_gazebo/share/turtlebot3_gazebo//launch/spawn_turtlebot3.launch.py
[15.253s] -- Installing: /home/edipo/ros2_tfm/install/turtlebot3_gazebo/share/turtlebot3_gazebo//launch/turtlebot3_house.launch.py
[15.253s] -- Installing: /home/edipo/ros2_tfm/install/turtlebot3_gazebo/share/turtlebot3_gazebo//launch/turtlebot3_dqn_stage2.launch.py
[15.253s] -- Installing: /home/edipo/ros2_tfm/install/turtlebot3_gazebo/share/turtlebot3_gazebo//launch/turtlebot3_dqn_stage3.launch.py
[15.253s] -- Installing: /home/edipo/ros2_tfm/install/turtlebot3_gazebo/share/turtlebot3_gazebo//launch/empty_world.launch.py
[15.253s] -- Installing: /home/edipo/ros2_tfm/install/turtlebot3_gazebo/share/turtlebot3_gazebo//models
[15.253s] -- Installing: /home/edipo/ros2_tfm/install/turtlebot3_gazebo/share/turtlebot3_gazebo//models/turtlebot3_waffle_pi
[15.253s] -- Installing: /home/edipo/ros2_tfm/install/turtlebot3_gazebo/share/turtlebot3_gazebo//models/turtlebot3_waffle_pi/model.config
[15.253s] -- Installing: /home/edipo/ros2_tfm/install/turtlebot3_gazebo/share/turtlebot3_gazebo//models/turtlebot3_waffle_pi/model-1_4_.sdf
[15.253s] -- Installing: /home/edipo/ros2_tfm/install/turtlebot3_gazebo/share/turtlebot3_gazebo//models/turtlebot3_waffle_pi/model.sdf
[15.253s] -- Installing: /home/edipo/ros2_tfm/install/turtlebot3_gazebo/share/turtlebot3_gazebo//models/turtlebot3_waffle
[15.253s] -- Installing: /home/edipo/ros2_tfm/install/turtlebot3_gazebo/share/turtlebot3_gazebo//models/turtlebot3_waffle/model.config
[15.253s] -- Installing: /home/edipo/ros2_tfm/install/turtlebot3_gazebo/share/turtlebot3_gazebo//models/turtlebot3_waffle/model.sdf
[15.254s] -- Installing: /home/edipo/ros2_tfm/install/turtlebot3_gazebo/share/turtlebot3_gazebo//models/turtlebot3_waffle/model-1_4.sdf
[15.254s] -- Installing: /home/edipo/ros2_tfm/install/turtlebot3_gazebo/share/turtlebot3_gazebo//models/turtlebot3_common
[15.254s] -- Installing: /home/edipo/ros2_tfm/install/turtlebot3_gazebo/share/turtlebot3_gazebo//models/turtlebot3_common/model.config
[15.254s] -- Installing: /home/edipo/ros2_tfm/install/turtlebot3_gazebo/share/turtlebot3_gazebo//models/turtlebot3_common/meshes
[15.254s] -- Installing: /home/edipo/ros2_tfm/install/turtlebot3_gazebo/share/turtlebot3_gazebo//models/turtlebot3_common/meshes/r200.dae
[15.254s] -- Installing: /home/edipo/ros2_tfm/install/turtlebot3_gazebo/share/turtlebot3_gazebo//models/turtlebot3_common/meshes/lds.dae
[15.255s] -- Installing: /home/edipo/ros2_tfm/install/turtlebot3_gazebo/share/turtlebot3_gazebo//models/turtlebot3_common/meshes/tire.dae
[15.255s] -- Installing: /home/edipo/ros2_tfm/install/turtlebot3_gazebo/share/turtlebot3_gazebo//models/turtlebot3_common/meshes/waffle_pi_base.dae
[15.255s] -- Installing: /home/edipo/ros2_tfm/install/turtlebot3_gazebo/share/turtlebot3_gazebo//models/turtlebot3_common/meshes/burger_base.dae
[15.255s] -- Installing: /home/edipo/ros2_tfm/install/turtlebot3_gazebo/share/turtlebot3_gazebo//models/turtlebot3_common/meshes/waffle_base.dae
[15.255s] -- Installing: /home/edipo/ros2_tfm/install/turtlebot3_gazebo/share/turtlebot3_gazebo//models/turtlebot3_world
[15.255s] -- Installing: /home/edipo/ros2_tfm/install/turtlebot3_gazebo/share/turtlebot3_gazebo//models/turtlebot3_world/model.config
[15.255s] -- Installing: /home/edipo/ros2_tfm/install/turtlebot3_gazebo/share/turtlebot3_gazebo//models/turtlebot3_world/meshes
[15.255s] -- Installing: /home/edipo/ros2_tfm/install/turtlebot3_gazebo/share/turtlebot3_gazebo//models/turtlebot3_world/meshes/wall.dae
[15.255s] -- Installing: /home/edipo/ros2_tfm/install/turtlebot3_gazebo/share/turtlebot3_gazebo//models/turtlebot3_world/meshes/hexagon.dae
[15.256s] -- Installing: /home/edipo/ros2_tfm/install/turtlebot3_gazebo/share/turtlebot3_gazebo//models/turtlebot3_world/model.sdf
[15.256s] -- Installing: /home/edipo/ros2_tfm/install/turtlebot3_gazebo/share/turtlebot3_gazebo//models/turtlebot3_world/model-1_4.sdf
[15.256s] -- Installing: /home/edipo/ros2_tfm/install/turtlebot3_gazebo/share/turtlebot3_gazebo//models/turtlebot3_dqn_world
[15.256s] -- Installing: /home/edipo/ros2_tfm/install/turtlebot3_gazebo/share/turtlebot3_gazebo//models/turtlebot3_dqn_world/obstacle1
[15.256s] -- Installing: /home/edipo/ros2_tfm/install/turtlebot3_gazebo/share/turtlebot3_gazebo//models/turtlebot3_dqn_world/obstacle1/model.config
[15.256s] -- Installing: /home/edipo/ros2_tfm/install/turtlebot3_gazebo/share/turtlebot3_gazebo//models/turtlebot3_dqn_world/obstacle1/model.sdf
[15.256s] -- Installing: /home/edipo/ros2_tfm/install/turtlebot3_gazebo/share/turtlebot3_gazebo//models/turtlebot3_dqn_world/obstacle_plugin
[15.256s] -- Installing: /home/edipo/ros2_tfm/install/turtlebot3_gazebo/share/turtlebot3_gazebo//models/turtlebot3_dqn_world/obstacle_plugin/obstacle1.cc
[15.256s] -- Installing: /home/edipo/ros2_tfm/install/turtlebot3_gazebo/share/turtlebot3_gazebo//models/turtlebot3_dqn_world/obstacle_plugin/obstacle2.cc
[15.256s] -- Installing: /home/edipo/ros2_tfm/install/turtlebot3_gazebo/share/turtlebot3_gazebo//models/turtlebot3_dqn_world/obstacle_plugin/CMakeLists.txt
[15.257s] -- Installing: /home/edipo/ros2_tfm/install/turtlebot3_gazebo/share/turtlebot3_gazebo//models/turtlebot3_dqn_world/obstacle_plugin/obstacles.cc
[15.257s] -- Installing: /home/edipo/ros2_tfm/install/turtlebot3_gazebo/share/turtlebot3_gazebo//models/turtlebot3_dqn_world/model.config
[15.257s] -- Installing: /home/edipo/ros2_tfm/install/turtlebot3_gazebo/share/turtlebot3_gazebo//models/turtlebot3_dqn_world/obstacle2
[15.257s] -- Installing: /home/edipo/ros2_tfm/install/turtlebot3_gazebo/share/turtlebot3_gazebo//models/turtlebot3_dqn_world/obstacle2/model.config
[15.257s] -- Installing: /home/edipo/ros2_tfm/install/turtlebot3_gazebo/share/turtlebot3_gazebo//models/turtlebot3_dqn_world/obstacle2/model.sdf
[15.257s] -- Installing: /home/edipo/ros2_tfm/install/turtlebot3_gazebo/share/turtlebot3_gazebo//models/turtlebot3_dqn_world/inner_walls
[15.257s] -- Installing: /home/edipo/ros2_tfm/install/turtlebot3_gazebo/share/turtlebot3_gazebo//models/turtlebot3_dqn_world/inner_walls/model.config
[15.257s] -- Installing: /home/edipo/ros2_tfm/install/turtlebot3_gazebo/share/turtlebot3_gazebo//models/turtlebot3_dqn_world/inner_walls/model.sdf
[15.257s] -- Installing: /home/edipo/ros2_tfm/install/turtlebot3_gazebo/share/turtlebot3_gazebo//models/turtlebot3_dqn_world/obstacles
[15.257s] -- Installing: /home/edipo/ros2_tfm/install/turtlebot3_gazebo/share/turtlebot3_gazebo//models/turtlebot3_dqn_world/obstacles/model.config
[15.257s] -- Installing: /home/edipo/ros2_tfm/install/turtlebot3_gazebo/share/turtlebot3_gazebo//models/turtlebot3_dqn_world/obstacles/model.sdf
[15.257s] -- Installing: /home/edipo/ros2_tfm/install/turtlebot3_gazebo/share/turtlebot3_gazebo//models/turtlebot3_dqn_world/model.sdf
[15.258s] -- Installing: /home/edipo/ros2_tfm/install/turtlebot3_gazebo/share/turtlebot3_gazebo//models/turtlebot3_dqn_world/goal_box
[15.258s] -- Installing: /home/edipo/ros2_tfm/install/turtlebot3_gazebo/share/turtlebot3_gazebo//models/turtlebot3_dqn_world/goal_box/model.config
[15.258s] -- Installing: /home/edipo/ros2_tfm/install/turtlebot3_gazebo/share/turtlebot3_gazebo//models/turtlebot3_dqn_world/goal_box/model.sdf
[15.258s] -- Installing: /home/edipo/ros2_tfm/install/turtlebot3_gazebo/share/turtlebot3_gazebo//models/turtlebot3_house
[15.258s] -- Installing: /home/edipo/ros2_tfm/install/turtlebot3_gazebo/share/turtlebot3_gazebo//models/turtlebot3_house/model.config
[15.258s] -- Installing: /home/edipo/ros2_tfm/install/turtlebot3_gazebo/share/turtlebot3_gazebo//models/turtlebot3_house/model.sdf
[15.258s] -- Installing: /home/edipo/ros2_tfm/install/turtlebot3_gazebo/share/turtlebot3_gazebo//models/turtlebot3_burger
[15.259s] -- Installing: /home/edipo/ros2_tfm/install/turtlebot3_gazebo/share/turtlebot3_gazebo//models/turtlebot3_burger/model.config
[15.259s] -- Installing: /home/edipo/ros2_tfm/install/turtlebot3_gazebo/share/turtlebot3_gazebo//models/turtlebot3_burger/model.sdf
[15.259s] -- Installing: /home/edipo/ros2_tfm/install/turtlebot3_gazebo/share/turtlebot3_gazebo//models/turtlebot3_burger/model-1_4.sdf
[15.259s] -- Installing: /home/edipo/ros2_tfm/install/turtlebot3_gazebo/share/turtlebot3_gazebo//rviz
[15.259s] -- Installing: /home/edipo/ros2_tfm/install/turtlebot3_gazebo/share/turtlebot3_gazebo//rviz/tb3_gazebo.rviz
[15.259s] -- Installing: /home/edipo/ros2_tfm/install/turtlebot3_gazebo/share/turtlebot3_gazebo//urdf
[15.259s] -- Installing: /home/edipo/ros2_tfm/install/turtlebot3_gazebo/share/turtlebot3_gazebo//urdf/turtlebot3_waffle_pi.urdf
[15.259s] -- Installing: /home/edipo/ros2_tfm/install/turtlebot3_gazebo/share/turtlebot3_gazebo//urdf/common_properties.urdf
[15.259s] -- Installing: /home/edipo/ros2_tfm/install/turtlebot3_gazebo/share/turtlebot3_gazebo//urdf/turtlebot3_waffle.urdf
[15.259s] -- Installing: /home/edipo/ros2_tfm/install/turtlebot3_gazebo/share/turtlebot3_gazebo//urdf/turtlebot3_burger.urdf
[15.259s] -- Installing: /home/edipo/ros2_tfm/install/turtlebot3_gazebo/share/turtlebot3_gazebo//worlds
[15.260s] -- Installing: /home/edipo/ros2_tfm/install/turtlebot3_gazebo/share/turtlebot3_gazebo//worlds/empty_world.world
[15.260s] -- Installing: /home/edipo/ros2_tfm/install/turtlebot3_gazebo/share/turtlebot3_gazebo//worlds/turtlebot3_world.world
[15.260s] -- Installing: /home/edipo/ros2_tfm/install/turtlebot3_gazebo/share/turtlebot3_gazebo//worlds/turtlebot3_dqn_stage2.world
[15.260s] -- Installing: /home/edipo/ros2_tfm/install/turtlebot3_gazebo/share/turtlebot3_gazebo//worlds/turtlebot3_dqn_stage3.world
[15.260s] -- Installing: /home/edipo/ros2_tfm/install/turtlebot3_gazebo/share/turtlebot3_gazebo//worlds/turtlebot3_dqn_stage4.world
[15.260s] -- Installing: /home/edipo/ros2_tfm/install/turtlebot3_gazebo/share/turtlebot3_gazebo//worlds/turtlebot3_dqn_stage1.world
[15.260s] -- Installing: /home/edipo/ros2_tfm/install/turtlebot3_gazebo/share/turtlebot3_gazebo//worlds/turtlebot3_house.world
[15.260s] -- Installing: /home/edipo/ros2_tfm/install/turtlebot3_gazebo/include/
[15.260s] -- Installing: /home/edipo/ros2_tfm/install/turtlebot3_gazebo/include//turtlebot3_gazebo
[15.260s] -- Installing: /home/edipo/ros2_tfm/install/turtlebot3_gazebo/include//turtlebot3_gazebo/turtlebot3_drive.hpp
[15.261s] -- Installing: /home/edipo/ros2_tfm/install/turtlebot3_gazebo/share/ament_index/resource_index/package_run_dependencies/turtlebot3_gazebo
[15.261s] -- Installing: /home/edipo/ros2_tfm/install/turtlebot3_gazebo/share/ament_index/resource_index/parent_prefix_path/turtlebot3_gazebo
[15.261s] -- Installing: /home/edipo/ros2_tfm/install/turtlebot3_gazebo/share/turtlebot3_gazebo/environment/ament_prefix_path.sh
[15.261s] -- Installing: /home/edipo/ros2_tfm/install/turtlebot3_gazebo/share/turtlebot3_gazebo/environment/ament_prefix_path.dsv
[15.261s] -- Installing: /home/edipo/ros2_tfm/install/turtlebot3_gazebo/share/turtlebot3_gazebo/environment/path.sh
[15.261s] -- Installing: /home/edipo/ros2_tfm/install/turtlebot3_gazebo/share/turtlebot3_gazebo/environment/path.dsv
[15.261s] -- Installing: /home/edipo/ros2_tfm/install/turtlebot3_gazebo/share/turtlebot3_gazebo/local_setup.bash
[15.261s] -- Installing: /home/edipo/ros2_tfm/install/turtlebot3_gazebo/share/turtlebot3_gazebo/local_setup.sh
[15.262s] -- Installing: /home/edipo/ros2_tfm/install/turtlebot3_gazebo/share/turtlebot3_gazebo/local_setup.zsh
[15.262s] -- Installing: /home/edipo/ros2_tfm/install/turtlebot3_gazebo/share/turtlebot3_gazebo/local_setup.dsv
[15.262s] -- Installing: /home/edipo/ros2_tfm/install/turtlebot3_gazebo/share/turtlebot3_gazebo/package.dsv
[15.262s] -- Installing: /home/edipo/ros2_tfm/install/turtlebot3_gazebo/share/ament_index/resource_index/packages/turtlebot3_gazebo
[15.262s] -- Installing: /home/edipo/ros2_tfm/install/turtlebot3_gazebo/share/turtlebot3_gazebo/cmake/ament_cmake_export_include_directories-extras.cmake
[15.262s] -- Installing: /home/edipo/ros2_tfm/install/turtlebot3_gazebo/share/turtlebot3_gazebo/cmake/ament_cmake_export_dependencies-extras.cmake
[15.262s] -- Installing: /home/edipo/ros2_tfm/install/turtlebot3_gazebo/share/turtlebot3_gazebo/cmake/turtlebot3_gazeboConfig.cmake
[15.262s] -- Installing: /home/edipo/ros2_tfm/install/turtlebot3_gazebo/share/turtlebot3_gazebo/cmake/turtlebot3_gazeboConfig-version.cmake
[15.262s] -- Installing: /home/edipo/ros2_tfm/install/turtlebot3_gazebo/share/turtlebot3_gazebo/package.xml
[15.265s] Invoked command in '/home/edipo/ros2_tfm/build/turtlebot3_gazebo' returned '0': CMAKE_PREFIX_PATH=/opt/ros/humble /usr/bin/cmake --install /home/edipo/ros2_tfm/build/turtlebot3_gazebo
