[1.156s] Invoking command in '/home/edipo/ros2_tfm/src/quadruped_arm_motion': AMENT_PREFIX_PATH=/home/edipo/ros2_tfm/install/robot_interfaces:${AMENT_PREFIX_PATH} CMAKE_PREFIX_PATH=/home/edipo/ros2_tfm/install/robot_interfaces LD_LIBRARY_PATH=/home/edipo/ros2_tfm/install/robot_interfaces/lib:${LD_LIBRARY_PATH} PYTHONPATH=/home/edipo/ros2_tfm/build/quadruped_arm_motion/prefix_override:/home/edipo/ros2_tfm/install/quadruped_arm_motion/lib/python3.10/site-packages:/home/edipo/ros2_tfm/install/robot_interfaces/local/lib/python3.10/dist-packages:${PYTHONPATH} /usr/bin/python3 setup.py egg_info --egg-base ../../build/quadruped_arm_motion build --build-base /home/edipo/ros2_tfm/build/quadruped_arm_motion/build install --record /home/edipo/ros2_tfm/build/quadruped_arm_motion/install.log --single-version-externally-managed
[1.432s] running egg_info
[1.432s] creating ../../build/quadruped_arm_motion/quadruped_arm_motion.egg-info
[1.432s] writing ../../build/quadruped_arm_motion/quadruped_arm_motion.egg-info/PKG-INFO
[1.432s] writing dependency_links to ../../build/quadruped_arm_motion/quadruped_arm_motion.egg-info/dependency_links.txt
[1.433s] writing entry points to ../../build/quadruped_arm_motion/quadruped_arm_motion.egg-info/entry_points.txt
[1.433s] writing requirements to ../../build/quadruped_arm_motion/quadruped_arm_motion.egg-info/requires.txt
[1.433s] writing top-level names to ../../build/quadruped_arm_motion/quadruped_arm_motion.egg-info/top_level.txt
[1.433s] writing manifest file '../../build/quadruped_arm_motion/quadruped_arm_motion.egg-info/SOURCES.txt'
[1.435s] reading manifest file '../../build/quadruped_arm_motion/quadruped_arm_motion.egg-info/SOURCES.txt'
[1.435s] writing manifest file '../../build/quadruped_arm_motion/quadruped_arm_motion.egg-info/SOURCES.txt'
[1.435s] running build
[1.435s] running build_py
[1.435s] creating /home/edipo/ros2_tfm/build/quadruped_arm_motion/build
[1.436s] creating /home/edipo/ros2_tfm/build/quadruped_arm_motion/build/lib
[1.436s] creating /home/edipo/ros2_tfm/build/quadruped_arm_motion/build/lib/quadruped_arm_motion
[1.436s] copying quadruped_arm_motion/motor_subscriber.py -> /home/edipo/ros2_tfm/build/quadruped_arm_motion/build/lib/quadruped_arm_motion
[1.436s] copying quadruped_arm_motion/motor_control.py -> /home/edipo/ros2_tfm/build/quadruped_arm_motion/build/lib/quadruped_arm_motion
[1.436s] copying quadruped_arm_motion/__init__.py -> /home/edipo/ros2_tfm/build/quadruped_arm_motion/build/lib/quadruped_arm_motion
[1.436s] running install
[1.436s] running install_lib
[1.437s] creating /home/edipo/ros2_tfm/install/quadruped_arm_motion/lib/python3.10/site-packages/quadruped_arm_motion
[1.437s] copying /home/edipo/ros2_tfm/build/quadruped_arm_motion/build/lib/quadruped_arm_motion/motor_subscriber.py -> /home/edipo/ros2_tfm/install/quadruped_arm_motion/lib/python3.10/site-packages/quadruped_arm_motion
[1.437s] copying /home/edipo/ros2_tfm/build/quadruped_arm_motion/build/lib/quadruped_arm_motion/motor_control.py -> /home/edipo/ros2_tfm/install/quadruped_arm_motion/lib/python3.10/site-packages/quadruped_arm_motion
[1.437s] copying /home/edipo/ros2_tfm/build/quadruped_arm_motion/build/lib/quadruped_arm_motion/__init__.py -> /home/edipo/ros2_tfm/install/quadruped_arm_motion/lib/python3.10/site-packages/quadruped_arm_motion
[1.437s] byte-compiling /home/edipo/ros2_tfm/install/quadruped_arm_motion/lib/python3.10/site-packages/quadruped_arm_motion/motor_subscriber.py to motor_subscriber.cpython-310.pyc
[1.438s] byte-compiling /home/edipo/ros2_tfm/install/quadruped_arm_motion/lib/python3.10/site-packages/quadruped_arm_motion/motor_control.py to motor_control.cpython-310.pyc
[1.438s] byte-compiling /home/edipo/ros2_tfm/install/quadruped_arm_motion/lib/python3.10/site-packages/quadruped_arm_motion/__init__.py to __init__.cpython-310.pyc
[1.438s] running install_data
[1.439s] creating /home/edipo/ros2_tfm/install/quadruped_arm_motion/share/ament_index
[1.439s] creating /home/edipo/ros2_tfm/install/quadruped_arm_motion/share/ament_index/resource_index
[1.439s] creating /home/edipo/ros2_tfm/install/quadruped_arm_motion/share/ament_index/resource_index/packages
[1.439s] copying resource/quadruped_arm_motion -> /home/edipo/ros2_tfm/install/quadruped_arm_motion/share/ament_index/resource_index/packages
[1.439s] copying package.xml -> /home/edipo/ros2_tfm/install/quadruped_arm_motion/share/quadruped_arm_motion
[1.439s] running install_egg_info
[1.441s] Copying ../../build/quadruped_arm_motion/quadruped_arm_motion.egg-info to /home/edipo/ros2_tfm/install/quadruped_arm_motion/lib/python3.10/site-packages/quadruped_arm_motion-0.0.0-py3.10.egg-info
[1.441s] running install_scripts
[1.461s] Installing motor_control script to /home/edipo/ros2_tfm/install/quadruped_arm_motion/lib/quadruped_arm_motion
[1.462s] Installing motor_subscriber script to /home/edipo/ros2_tfm/install/quadruped_arm_motion/lib/quadruped_arm_motion
[1.462s] writing list of installed files to '/home/edipo/ros2_tfm/build/quadruped_arm_motion/install.log'
[1.490s] Invoked command in '/home/edipo/ros2_tfm/src/quadruped_arm_motion' returned '0': AMENT_PREFIX_PATH=/home/edipo/ros2_tfm/install/robot_interfaces:${AMENT_PREFIX_PATH} CMAKE_PREFIX_PATH=/home/edipo/ros2_tfm/install/robot_interfaces LD_LIBRARY_PATH=/home/edipo/ros2_tfm/install/robot_interfaces/lib:${LD_LIBRARY_PATH} PYTHONPATH=/home/edipo/ros2_tfm/build/quadruped_arm_motion/prefix_override:/home/edipo/ros2_tfm/install/quadruped_arm_motion/lib/python3.10/site-packages:/home/edipo/ros2_tfm/install/robot_interfaces/local/lib/python3.10/dist-packages:${PYTHONPATH} /usr/bin/python3 setup.py egg_info --egg-base ../../build/quadruped_arm_motion build --build-base /home/edipo/ros2_tfm/build/quadruped_arm_motion/build install --record /home/edipo/ros2_tfm/build/quadruped_arm_motion/install.log --single-version-externally-managed
