[0.053s] Invoking command in '/home/edipo/ros2_tfm/build/turtlebot3_simulations': AMENT_PREFIX_PATH=/home/edipo/ros2_tfm/install/turtlebot3_gazebo:/home/edipo/ros2_tfm/install/turtlebot3_fake_node:${AMENT_PREFIX_PATH} CMAKE_PREFIX_PATH=/home/edipo/ros2_tfm/install/turtlebot3_gazebo:/home/edipo/ros2_tfm/install/turtlebot3_fake_node:/opt/ros/humble /usr/bin/cmake /home/edipo/ros2_tfm/src/turtlebot3_simulations/turtlebot3_simulations -DCMAKE_INSTALL_PREFIX=/home/edipo/ros2_tfm/install/turtlebot3_simulations
[0.139s] -- The C compiler identification is GNU 11.4.0
[0.218s] -- The CXX compiler identification is GNU 11.4.0
[0.229s] -- Detecting C compiler ABI info
[0.310s] -- Detecting C compiler ABI info - done
[0.319s] -- Check for working C compiler: /usr/bin/cc - skipped
[0.320s] -- Detecting C compile features
[0.320s] -- Detecting C compile features - done
[0.324s] -- Detecting CXX compiler ABI info
[0.420s] -- Detecting CXX compiler ABI info - done
[0.429s] -- Check for working CXX compiler: /usr/bin/c++ - skipped
[0.429s] -- Detecting CXX compile features
[0.430s] -- Detecting CXX compile features - done
[0.438s] -- Found ament_cmake: 1.3.7 (/opt/ros/humble/share/ament_cmake/cmake)
[0.657s] -- Found Python3: /usr/bin/python3.10 (found version "3.10.12") found components: Interpreter 
[0.853s] -- Configuring done
[0.855s] -- Generating done
[0.856s] -- Build files have been written to: /home/edipo/ros2_tfm/build/turtlebot3_simulations
[0.862s] Invoked command in '/home/edipo/ros2_tfm/build/turtlebot3_simulations' returned '0': AMENT_PREFIX_PATH=/home/edipo/ros2_tfm/install/turtlebot3_gazebo:/home/edipo/ros2_tfm/install/turtlebot3_fake_node:${AMENT_PREFIX_PATH} CMAKE_PREFIX_PATH=/home/edipo/ros2_tfm/install/turtlebot3_gazebo:/home/edipo/ros2_tfm/install/turtlebot3_fake_node:/opt/ros/humble /usr/bin/cmake /home/edipo/ros2_tfm/src/turtlebot3_simulations/turtlebot3_simulations -DCMAKE_INSTALL_PREFIX=/home/edipo/ros2_tfm/install/turtlebot3_simulations
[0.862s] Invoking command in '/home/edipo/ros2_tfm/build/turtlebot3_simulations': AMENT_PREFIX_PATH=/home/edipo/ros2_tfm/install/turtlebot3_gazebo:/home/edipo/ros2_tfm/install/turtlebot3_fake_node:${AMENT_PREFIX_PATH} CMAKE_PREFIX_PATH=/home/edipo/ros2_tfm/install/turtlebot3_gazebo:/home/edipo/ros2_tfm/install/turtlebot3_fake_node:/opt/ros/humble /usr/bin/cmake --build /home/edipo/ros2_tfm/build/turtlebot3_simulations -- -j12 -l12
[0.904s] Invoked command in '/home/edipo/ros2_tfm/build/turtlebot3_simulations' returned '0': AMENT_PREFIX_PATH=/home/edipo/ros2_tfm/install/turtlebot3_gazebo:/home/edipo/ros2_tfm/install/turtlebot3_fake_node:${AMENT_PREFIX_PATH} CMAKE_PREFIX_PATH=/home/edipo/ros2_tfm/install/turtlebot3_gazebo:/home/edipo/ros2_tfm/install/turtlebot3_fake_node:/opt/ros/humble /usr/bin/cmake --build /home/edipo/ros2_tfm/build/turtlebot3_simulations -- -j12 -l12
[0.929s] Invoking command in '/home/edipo/ros2_tfm/build/turtlebot3_simulations': AMENT_PREFIX_PATH=/home/edipo/ros2_tfm/install/turtlebot3_gazebo:/home/edipo/ros2_tfm/install/turtlebot3_fake_node:${AMENT_PREFIX_PATH} CMAKE_PREFIX_PATH=/home/edipo/ros2_tfm/install/turtlebot3_gazebo:/home/edipo/ros2_tfm/install/turtlebot3_fake_node:/opt/ros/humble /usr/bin/cmake --install /home/edipo/ros2_tfm/build/turtlebot3_simulations
[0.938s] -- Install configuration: ""
[0.938s] -- Installing: /home/edipo/ros2_tfm/install/turtlebot3_simulations/share/ament_index/resource_index/package_run_dependencies/turtlebot3_simulations
[0.938s] -- Installing: /home/edipo/ros2_tfm/install/turtlebot3_simulations/share/ament_index/resource_index/parent_prefix_path/turtlebot3_simulations
[0.938s] -- Installing: /home/edipo/ros2_tfm/install/turtlebot3_simulations/share/turtlebot3_simulations/environment/ament_prefix_path.sh
[0.939s] -- Installing: /home/edipo/ros2_tfm/install/turtlebot3_simulations/share/turtlebot3_simulations/environment/ament_prefix_path.dsv
[0.939s] -- Installing: /home/edipo/ros2_tfm/install/turtlebot3_simulations/share/turtlebot3_simulations/environment/path.sh
[0.939s] -- Installing: /home/edipo/ros2_tfm/install/turtlebot3_simulations/share/turtlebot3_simulations/environment/path.dsv
[0.939s] -- Installing: /home/edipo/ros2_tfm/install/turtlebot3_simulations/share/turtlebot3_simulations/local_setup.bash
[0.939s] -- Installing: /home/edipo/ros2_tfm/install/turtlebot3_simulations/share/turtlebot3_simulations/local_setup.sh
[0.939s] -- Installing: /home/edipo/ros2_tfm/install/turtlebot3_simulations/share/turtlebot3_simulations/local_setup.zsh
[0.939s] -- Installing: /home/edipo/ros2_tfm/install/turtlebot3_simulations/share/turtlebot3_simulations/local_setup.dsv
[0.939s] -- Installing: /home/edipo/ros2_tfm/install/turtlebot3_simulations/share/turtlebot3_simulations/package.dsv
[0.939s] -- Installing: /home/edipo/ros2_tfm/install/turtlebot3_simulations/share/ament_index/resource_index/packages/turtlebot3_simulations
[0.939s] -- Installing: /home/edipo/ros2_tfm/install/turtlebot3_simulations/share/turtlebot3_simulations/cmake/turtlebot3_simulationsConfig.cmake
[0.939s] -- Installing: /home/edipo/ros2_tfm/install/turtlebot3_simulations/share/turtlebot3_simulations/cmake/turtlebot3_simulationsConfig-version.cmake
[0.939s] -- Installing: /home/edipo/ros2_tfm/install/turtlebot3_simulations/share/turtlebot3_simulations/package.xml
[0.941s] Invoked command in '/home/edipo/ros2_tfm/build/turtlebot3_simulations' returned '0': AMENT_PREFIX_PATH=/home/edipo/ros2_tfm/install/turtlebot3_gazebo:/home/edipo/ros2_tfm/install/turtlebot3_fake_node:${AMENT_PREFIX_PATH} CMAKE_PREFIX_PATH=/home/edipo/ros2_tfm/install/turtlebot3_gazebo:/home/edipo/ros2_tfm/install/turtlebot3_fake_node:/opt/ros/humble /usr/bin/cmake --install /home/edipo/ros2_tfm/build/turtlebot3_simulations
