/home/edipo/.local/lib/python3.10/site-packages/setuptools/dist.py:717: UserWarning: Usage of dash-separated 'script-dir' will not be supported in future versions. Please use the underscore name 'script_dir' instead
  warnings.warn(
running egg_info
creating ../../build/ARM_GO2_final_URDF_description/ARM_GO2_final_URDF_description.egg-info
writing ../../build/ARM_GO2_final_URDF_description/ARM_GO2_final_URDF_description.egg-info/PKG-INFO
writing dependency_links to ../../build/ARM_GO2_final_URDF_description/ARM_GO2_final_URDF_description.egg-info/dependency_links.txt
writing entry points to ../../build/ARM_GO2_final_URDF_description/ARM_GO2_final_URDF_description.egg-info/entry_points.txt
writing requirements to ../../build/ARM_GO2_final_URDF_description/ARM_GO2_final_URDF_description.egg-info/requires.txt
writing top-level names to ../../build/ARM_GO2_final_URDF_description/ARM_GO2_final_URDF_description.egg-info/top_level.txt
writing manifest file '../../build/ARM_GO2_final_URDF_description/ARM_GO2_final_URDF_description.egg-info/SOURCES.txt'
reading manifest file '../../build/ARM_GO2_final_URDF_description/ARM_GO2_final_URDF_description.egg-info/SOURCES.txt'
writing manifest file '../../build/ARM_GO2_final_URDF_description/ARM_GO2_final_URDF_description.egg-info/SOURCES.txt'
running build
running build_py
creating /home/edipo/ros2_tfm/build/ARM_GO2_final_URDF_description/build
creating /home/edipo/ros2_tfm/build/ARM_GO2_final_URDF_description/build/lib
creating /home/edipo/ros2_tfm/build/ARM_GO2_final_URDF_description/build/lib/ARM_GO2_final_URDF_description
copying ARM_GO2_final_URDF_description/__init__.py -> /home/edipo/ros2_tfm/build/ARM_GO2_final_URDF_description/build/lib/ARM_GO2_final_URDF_description
running install
running install_lib
creating /home/edipo/ros2_tfm/install/ARM_GO2_final_URDF_description/lib/python3.10/site-packages/ARM_GO2_final_URDF_description
copying /home/edipo/ros2_tfm/build/ARM_GO2_final_URDF_description/build/lib/ARM_GO2_final_URDF_description/__init__.py -> /home/edipo/ros2_tfm/install/ARM_GO2_final_URDF_description/lib/python3.10/site-packages/ARM_GO2_final_URDF_description
byte-compiling /home/edipo/ros2_tfm/install/ARM_GO2_final_URDF_description/lib/python3.10/site-packages/ARM_GO2_final_URDF_description/__init__.py to __init__.cpython-310.pyc
running install_data
creating /home/edipo/ros2_tfm/install/ARM_GO2_final_URDF_description/share/ament_index
creating /home/edipo/ros2_tfm/install/ARM_GO2_final_URDF_description/share/ament_index/resource_index
creating /home/edipo/ros2_tfm/install/ARM_GO2_final_URDF_description/share/ament_index/resource_index/packages
copying resource/ARM_GO2_final_URDF_description -> /home/edipo/ros2_tfm/install/ARM_GO2_final_URDF_description/share/ament_index/resource_index/packages
copying package.xml -> /home/edipo/ros2_tfm/install/ARM_GO2_final_URDF_description/share/ARM_GO2_final_URDF_description
creating /home/edipo/ros2_tfm/install/ARM_GO2_final_URDF_description/share/ARM_GO2_final_URDF_description/launch
copying launch/gazebo.launch.py -> /home/edipo/ros2_tfm/install/ARM_GO2_final_URDF_description/share/ARM_GO2_final_URDF_description/launch
copying launch/display.launch.py -> /home/edipo/ros2_tfm/install/ARM_GO2_final_URDF_description/share/ARM_GO2_final_URDF_description/launch
creating /home/edipo/ros2_tfm/install/ARM_GO2_final_URDF_description/share/ARM_GO2_final_URDF_description/urdf
copying urdf/ARM_GO2_final_URDF.trans -> /home/edipo/ros2_tfm/install/ARM_GO2_final_URDF_description/share/ARM_GO2_final_URDF_description/urdf
copying urdf/ARM_GO2_final_URDF.xacro -> /home/edipo/ros2_tfm/install/ARM_GO2_final_URDF_description/share/ARM_GO2_final_URDF_description/urdf
copying urdf/materials.xacro -> /home/edipo/ros2_tfm/install/ARM_GO2_final_URDF_description/share/ARM_GO2_final_URDF_description/urdf
copying urdf/ARM_GO2_final_URDF.gazebo -> /home/edipo/ros2_tfm/install/ARM_GO2_final_URDF_description/share/ARM_GO2_final_URDF_description/urdf
creating /home/edipo/ros2_tfm/install/ARM_GO2_final_URDF_description/share/ARM_GO2_final_URDF_description/meshes
copying meshes/Soporte_C_v4_3.stl -> /home/edipo/ros2_tfm/install/ARM_GO2_final_URDF_description/share/ARM_GO2_final_URDF_description/meshes
copying meshes/Support_large_v7_v3_4.stl -> /home/edipo/ros2_tfm/install/ARM_GO2_final_URDF_description/share/ARM_GO2_final_URDF_description/meshes
copying meshes/Wheel_v5_v4_8.stl -> /home/edipo/ros2_tfm/install/ARM_GO2_final_URDF_description/share/ARM_GO2_final_URDF_description/meshes
copying meshes/Support_large_v2_2.stl -> /home/edipo/ros2_tfm/install/ARM_GO2_final_URDF_description/share/ARM_GO2_final_URDF_description/meshes
copying meshes/Support_large_v2_1.stl -> /home/edipo/ros2_tfm/install/ARM_GO2_final_URDF_description/share/ARM_GO2_final_URDF_description/meshes
copying meshes/Pieza4_modification_support_straight_v8_1.stl -> /home/edipo/ros2_tfm/install/ARM_GO2_final_URDF_description/share/ARM_GO2_final_URDF_description/meshes
copying meshes/Soporte_C_v4_1.stl -> /home/edipo/ros2_tfm/install/ARM_GO2_final_URDF_description/share/ARM_GO2_final_URDF_description/meshes
copying meshes/Wheel_v5_v4_7.stl -> /home/edipo/ros2_tfm/install/ARM_GO2_final_URDF_description/share/ARM_GO2_final_URDF_description/meshes
copying meshes/arm_200_v3_3.stl -> /home/edipo/ros2_tfm/install/ARM_GO2_final_URDF_description/share/ARM_GO2_final_URDF_description/meshes
copying meshes/Wheel_v5_v4_4.stl -> /home/edipo/ros2_tfm/install/ARM_GO2_final_URDF_description/share/ARM_GO2_final_URDF_description/meshes
copying meshes/Motor_rds_v4_2.stl -> /home/edipo/ros2_tfm/install/ARM_GO2_final_URDF_description/share/ARM_GO2_final_URDF_description/meshes
copying meshes/Motor_rds_v4_3.stl -> /home/edipo/ros2_tfm/install/ARM_GO2_final_URDF_description/share/ARM_GO2_final_URDF_description/meshes
copying meshes/Soporte_C_v4_2.stl -> /home/edipo/ros2_tfm/install/ARM_GO2_final_URDF_description/share/ARM_GO2_final_URDF_description/meshes
copying meshes/Soporte_motor_v2_1.stl -> /home/edipo/ros2_tfm/install/ARM_GO2_final_URDF_description/share/ARM_GO2_final_URDF_description/meshes
copying meshes/Support_large_v7_v3_2.stl -> /home/edipo/ros2_tfm/install/ARM_GO2_final_URDF_description/share/ARM_GO2_final_URDF_description/meshes
copying meshes/Wheel_v5_v4_3.stl -> /home/edipo/ros2_tfm/install/ARM_GO2_final_URDF_description/share/ARM_GO2_final_URDF_description/meshes
copying meshes/Wheel_v5_v4_2.stl -> /home/edipo/ros2_tfm/install/ARM_GO2_final_URDF_description/share/ARM_GO2_final_URDF_description/meshes
copying meshes/Wheel_v5_v4_5.stl -> /home/edipo/ros2_tfm/install/ARM_GO2_final_URDF_description/share/ARM_GO2_final_URDF_description/meshes
copying meshes/Pieza3_v8_1.stl -> /home/edipo/ros2_tfm/install/ARM_GO2_final_URDF_description/share/ARM_GO2_final_URDF_description/meshes
copying meshes/Support_large_v2_4.stl -> /home/edipo/ros2_tfm/install/ARM_GO2_final_URDF_description/share/ARM_GO2_final_URDF_description/meshes
copying meshes/Motor_rds_v4_4.stl -> /home/edipo/ros2_tfm/install/ARM_GO2_final_URDF_description/share/ARM_GO2_final_URDF_description/meshes
copying meshes/Motor_rds_v4_1.stl -> /home/edipo/ros2_tfm/install/ARM_GO2_final_URDF_description/share/ARM_GO2_final_URDF_description/meshes
copying meshes/Support_large_v7_v3_1.stl -> /home/edipo/ros2_tfm/install/ARM_GO2_final_URDF_description/share/ARM_GO2_final_URDF_description/meshes
copying meshes/base_link.stl -> /home/edipo/ros2_tfm/install/ARM_GO2_final_URDF_description/share/ARM_GO2_final_URDF_description/meshes
copying meshes/Wheel_v5_v4_6.stl -> /home/edipo/ros2_tfm/install/ARM_GO2_final_URDF_description/share/ARM_GO2_final_URDF_description/meshes
copying meshes/Wheel_v5_v4_1.stl -> /home/edipo/ros2_tfm/install/ARM_GO2_final_URDF_description/share/ARM_GO2_final_URDF_description/meshes
copying meshes/Support_large_v7_v3_3.stl -> /home/edipo/ros2_tfm/install/ARM_GO2_final_URDF_description/share/ARM_GO2_final_URDF_description/meshes
copying meshes/arm_200_v3_1.stl -> /home/edipo/ros2_tfm/install/ARM_GO2_final_URDF_description/share/ARM_GO2_final_URDF_description/meshes
creating /home/edipo/ros2_tfm/install/ARM_GO2_final_URDF_description/share/ARM_GO2_final_URDF_description/config
copying config/display.rviz -> /home/edipo/ros2_tfm/install/ARM_GO2_final_URDF_description/share/ARM_GO2_final_URDF_description/config
running install_egg_info
Copying ../../build/ARM_GO2_final_URDF_description/ARM_GO2_final_URDF_description.egg-info to /home/edipo/ros2_tfm/install/ARM_GO2_final_URDF_description/lib/python3.10/site-packages/ARM_GO2_final_URDF_description-0.0.0-py3.10.egg-info
running install_scripts
writing list of installed files to '/home/edipo/ros2_tfm/build/ARM_GO2_final_URDF_description/install.log'
