[1.118s] Invoking command in '/home/edipo/ros2_tfm/src/ARM_GO2_final_URDF_description': PYTHONPATH=/home/edipo/ros2_tfm/build/ARM_GO2_final_URDF_description/prefix_override:/home/edipo/ros2_tfm/install/ARM_GO2_final_URDF_description/lib/python3.10/site-packages:${PYTHONPATH} /usr/bin/python3 setup.py egg_info --egg-base ../../build/ARM_GO2_final_URDF_description build --build-base /home/edipo/ros2_tfm/build/ARM_GO2_final_URDF_description/build install --record /home/edipo/ros2_tfm/build/ARM_GO2_final_URDF_description/install.log --install-scripts $base/lib/ARM_GO2_final_URDF_description --single-version-externally-managed
[1.296s] /home/edipo/.local/lib/python3.10/site-packages/setuptools/dist.py:717: UserWarning: Usage of dash-separated 'script-dir' will not be supported in future versions. Please use the underscore name 'script_dir' instead
[1.296s]   warnings.warn(
[1.319s] running egg_info
[1.320s] creating ../../build/ARM_GO2_final_URDF_description/ARM_GO2_final_URDF_description.egg-info
[1.320s] writing ../../build/ARM_GO2_final_URDF_description/ARM_GO2_final_URDF_description.egg-info/PKG-INFO
[1.321s] writing dependency_links to ../../build/ARM_GO2_final_URDF_description/ARM_GO2_final_URDF_description.egg-info/dependency_links.txt
[1.321s] writing entry points to ../../build/ARM_GO2_final_URDF_description/ARM_GO2_final_URDF_description.egg-info/entry_points.txt
[1.321s] writing requirements to ../../build/ARM_GO2_final_URDF_description/ARM_GO2_final_URDF_description.egg-info/requires.txt
[1.322s] writing top-level names to ../../build/ARM_GO2_final_URDF_description/ARM_GO2_final_URDF_description.egg-info/top_level.txt
[1.322s] writing manifest file '../../build/ARM_GO2_final_URDF_description/ARM_GO2_final_URDF_description.egg-info/SOURCES.txt'
[1.322s] reading manifest file '../../build/ARM_GO2_final_URDF_description/ARM_GO2_final_URDF_description.egg-info/SOURCES.txt'
[1.323s] writing manifest file '../../build/ARM_GO2_final_URDF_description/ARM_GO2_final_URDF_description.egg-info/SOURCES.txt'
[1.324s] running build
[1.324s] running build_py
[1.324s] creating /home/edipo/ros2_tfm/build/ARM_GO2_final_URDF_description/build
[1.324s] creating /home/edipo/ros2_tfm/build/ARM_GO2_final_URDF_description/build/lib
[1.324s] creating /home/edipo/ros2_tfm/build/ARM_GO2_final_URDF_description/build/lib/ARM_GO2_final_URDF_description
[1.325s] copying ARM_GO2_final_URDF_description/__init__.py -> /home/edipo/ros2_tfm/build/ARM_GO2_final_URDF_description/build/lib/ARM_GO2_final_URDF_description
[1.326s] running install
[1.326s] running install_lib
[1.326s] creating /home/edipo/ros2_tfm/install/ARM_GO2_final_URDF_description/lib/python3.10/site-packages/ARM_GO2_final_URDF_description
[1.326s] copying /home/edipo/ros2_tfm/build/ARM_GO2_final_URDF_description/build/lib/ARM_GO2_final_URDF_description/__init__.py -> /home/edipo/ros2_tfm/install/ARM_GO2_final_URDF_description/lib/python3.10/site-packages/ARM_GO2_final_URDF_description
[1.327s] byte-compiling /home/edipo/ros2_tfm/install/ARM_GO2_final_URDF_description/lib/python3.10/site-packages/ARM_GO2_final_URDF_description/__init__.py to __init__.cpython-310.pyc
[1.327s] running install_data
[1.327s] creating /home/edipo/ros2_tfm/install/ARM_GO2_final_URDF_description/share/ament_index
[1.327s] creating /home/edipo/ros2_tfm/install/ARM_GO2_final_URDF_description/share/ament_index/resource_index
[1.328s] creating /home/edipo/ros2_tfm/install/ARM_GO2_final_URDF_description/share/ament_index/resource_index/packages
[1.328s] copying resource/ARM_GO2_final_URDF_description -> /home/edipo/ros2_tfm/install/ARM_GO2_final_URDF_description/share/ament_index/resource_index/packages
[1.328s] copying package.xml -> /home/edipo/ros2_tfm/install/ARM_GO2_final_URDF_description/share/ARM_GO2_final_URDF_description
[1.328s] creating /home/edipo/ros2_tfm/install/ARM_GO2_final_URDF_description/share/ARM_GO2_final_URDF_description/launch
[1.328s] copying launch/gazebo.launch.py -> /home/edipo/ros2_tfm/install/ARM_GO2_final_URDF_description/share/ARM_GO2_final_URDF_description/launch
[1.328s] copying launch/display.launch.py -> /home/edipo/ros2_tfm/install/ARM_GO2_final_URDF_description/share/ARM_GO2_final_URDF_description/launch
[1.329s] creating /home/edipo/ros2_tfm/install/ARM_GO2_final_URDF_description/share/ARM_GO2_final_URDF_description/urdf
[1.329s] copying urdf/ARM_GO2_final_URDF.trans -> /home/edipo/ros2_tfm/install/ARM_GO2_final_URDF_description/share/ARM_GO2_final_URDF_description/urdf
[1.329s] copying urdf/ARM_GO2_final_URDF.xacro -> /home/edipo/ros2_tfm/install/ARM_GO2_final_URDF_description/share/ARM_GO2_final_URDF_description/urdf
[1.329s] copying urdf/materials.xacro -> /home/edipo/ros2_tfm/install/ARM_GO2_final_URDF_description/share/ARM_GO2_final_URDF_description/urdf
[1.329s] copying urdf/ARM_GO2_final_URDF.gazebo -> /home/edipo/ros2_tfm/install/ARM_GO2_final_URDF_description/share/ARM_GO2_final_URDF_description/urdf
[1.329s] creating /home/edipo/ros2_tfm/install/ARM_GO2_final_URDF_description/share/ARM_GO2_final_URDF_description/meshes
[1.329s] copying meshes/Soporte_C_v4_3.stl -> /home/edipo/ros2_tfm/install/ARM_GO2_final_URDF_description/share/ARM_GO2_final_URDF_description/meshes
[1.330s] copying meshes/Support_large_v7_v3_4.stl -> /home/edipo/ros2_tfm/install/ARM_GO2_final_URDF_description/share/ARM_GO2_final_URDF_description/meshes
[1.330s] copying meshes/Wheel_v5_v4_8.stl -> /home/edipo/ros2_tfm/install/ARM_GO2_final_URDF_description/share/ARM_GO2_final_URDF_description/meshes
[1.330s] copying meshes/Support_large_v2_2.stl -> /home/edipo/ros2_tfm/install/ARM_GO2_final_URDF_description/share/ARM_GO2_final_URDF_description/meshes
[1.330s] copying meshes/Support_large_v2_1.stl -> /home/edipo/ros2_tfm/install/ARM_GO2_final_URDF_description/share/ARM_GO2_final_URDF_description/meshes
[1.330s] copying meshes/Pieza4_modification_support_straight_v8_1.stl -> /home/edipo/ros2_tfm/install/ARM_GO2_final_URDF_description/share/ARM_GO2_final_URDF_description/meshes
[1.330s] copying meshes/Soporte_C_v4_1.stl -> /home/edipo/ros2_tfm/install/ARM_GO2_final_URDF_description/share/ARM_GO2_final_URDF_description/meshes
[1.331s] copying meshes/Wheel_v5_v4_7.stl -> /home/edipo/ros2_tfm/install/ARM_GO2_final_URDF_description/share/ARM_GO2_final_URDF_description/meshes
[1.332s] copying meshes/arm_200_v3_3.stl -> /home/edipo/ros2_tfm/install/ARM_GO2_final_URDF_description/share/ARM_GO2_final_URDF_description/meshes
[1.332s] copying meshes/Wheel_v5_v4_4.stl -> /home/edipo/ros2_tfm/install/ARM_GO2_final_URDF_description/share/ARM_GO2_final_URDF_description/meshes
[1.332s] copying meshes/Motor_rds_v4_2.stl -> /home/edipo/ros2_tfm/install/ARM_GO2_final_URDF_description/share/ARM_GO2_final_URDF_description/meshes
[1.332s] copying meshes/Motor_rds_v4_3.stl -> /home/edipo/ros2_tfm/install/ARM_GO2_final_URDF_description/share/ARM_GO2_final_URDF_description/meshes
[1.335s] copying meshes/Soporte_C_v4_2.stl -> /home/edipo/ros2_tfm/install/ARM_GO2_final_URDF_description/share/ARM_GO2_final_URDF_description/meshes
[1.335s] copying meshes/Soporte_motor_v2_1.stl -> /home/edipo/ros2_tfm/install/ARM_GO2_final_URDF_description/share/ARM_GO2_final_URDF_description/meshes
[1.335s] copying meshes/Support_large_v7_v3_2.stl -> /home/edipo/ros2_tfm/install/ARM_GO2_final_URDF_description/share/ARM_GO2_final_URDF_description/meshes
[1.336s] copying meshes/Wheel_v5_v4_3.stl -> /home/edipo/ros2_tfm/install/ARM_GO2_final_URDF_description/share/ARM_GO2_final_URDF_description/meshes
[1.336s] copying meshes/Wheel_v5_v4_2.stl -> /home/edipo/ros2_tfm/install/ARM_GO2_final_URDF_description/share/ARM_GO2_final_URDF_description/meshes
[1.336s] copying meshes/Wheel_v5_v4_5.stl -> /home/edipo/ros2_tfm/install/ARM_GO2_final_URDF_description/share/ARM_GO2_final_URDF_description/meshes
[1.336s] copying meshes/Pieza3_v8_1.stl -> /home/edipo/ros2_tfm/install/ARM_GO2_final_URDF_description/share/ARM_GO2_final_URDF_description/meshes
[1.337s] copying meshes/Support_large_v2_4.stl -> /home/edipo/ros2_tfm/install/ARM_GO2_final_URDF_description/share/ARM_GO2_final_URDF_description/meshes
[1.337s] copying meshes/Motor_rds_v4_4.stl -> /home/edipo/ros2_tfm/install/ARM_GO2_final_URDF_description/share/ARM_GO2_final_URDF_description/meshes
[1.338s] copying meshes/Motor_rds_v4_1.stl -> /home/edipo/ros2_tfm/install/ARM_GO2_final_URDF_description/share/ARM_GO2_final_URDF_description/meshes
[1.339s] copying meshes/Support_large_v7_v3_1.stl -> /home/edipo/ros2_tfm/install/ARM_GO2_final_URDF_description/share/ARM_GO2_final_URDF_description/meshes
[1.339s] copying meshes/base_link.stl -> /home/edipo/ros2_tfm/install/ARM_GO2_final_URDF_description/share/ARM_GO2_final_URDF_description/meshes
[1.339s] copying meshes/Wheel_v5_v4_6.stl -> /home/edipo/ros2_tfm/install/ARM_GO2_final_URDF_description/share/ARM_GO2_final_URDF_description/meshes
[1.340s] copying meshes/Wheel_v5_v4_1.stl -> /home/edipo/ros2_tfm/install/ARM_GO2_final_URDF_description/share/ARM_GO2_final_URDF_description/meshes
[1.340s] copying meshes/Support_large_v7_v3_3.stl -> /home/edipo/ros2_tfm/install/ARM_GO2_final_URDF_description/share/ARM_GO2_final_URDF_description/meshes
[1.341s] copying meshes/arm_200_v3_1.stl -> /home/edipo/ros2_tfm/install/ARM_GO2_final_URDF_description/share/ARM_GO2_final_URDF_description/meshes
[1.341s] creating /home/edipo/ros2_tfm/install/ARM_GO2_final_URDF_description/share/ARM_GO2_final_URDF_description/config
[1.341s] copying config/display.rviz -> /home/edipo/ros2_tfm/install/ARM_GO2_final_URDF_description/share/ARM_GO2_final_URDF_description/config
[1.341s] running install_egg_info
[1.344s] Copying ../../build/ARM_GO2_final_URDF_description/ARM_GO2_final_URDF_description.egg-info to /home/edipo/ros2_tfm/install/ARM_GO2_final_URDF_description/lib/python3.10/site-packages/ARM_GO2_final_URDF_description-0.0.0-py3.10.egg-info
[1.344s] running install_scripts
[1.364s] writing list of installed files to '/home/edipo/ros2_tfm/build/ARM_GO2_final_URDF_description/install.log'
[1.418s] Invoked command in '/home/edipo/ros2_tfm/src/ARM_GO2_final_URDF_description' returned '0': PYTHONPATH=/home/edipo/ros2_tfm/build/ARM_GO2_final_URDF_description/prefix_override:/home/edipo/ros2_tfm/install/ARM_GO2_final_URDF_description/lib/python3.10/site-packages:${PYTHONPATH} /usr/bin/python3 setup.py egg_info --egg-base ../../build/ARM_GO2_final_URDF_description build --build-base /home/edipo/ros2_tfm/build/ARM_GO2_final_URDF_description/build install --record /home/edipo/ros2_tfm/build/ARM_GO2_final_URDF_description/install.log --install-scripts $base/lib/ARM_GO2_final_URDF_description --single-version-externally-managed
