/home/edipo/ros2_tfm/install/GO2_ARM_description/lib/python3.10/site-packages/GO2_ARM_description/__init__.py
/home/edipo/ros2_tfm/install/GO2_ARM_description/lib/python3.10/site-packages/GO2_ARM_description/__pycache__/__init__.cpython-310.pyc
/home/edipo/ros2_tfm/install/GO2_ARM_description/share/ament_index/resource_index/packages/GO2_ARM_description
/home/edipo/ros2_tfm/install/GO2_ARM_description/share/GO2_ARM_description/package.xml
/home/edipo/ros2_tfm/install/GO2_ARM_description/share/GO2_ARM_description/launch/gazebo.launch.py
/home/edipo/ros2_tfm/install/GO2_ARM_description/share/GO2_ARM_description/launch/display.launch.py
/home/edipo/ros2_tfm/install/GO2_ARM_description/share/GO2_ARM_description/urdf/GO2_ARM.gazebo
/home/edipo/ros2_tfm/install/GO2_ARM_description/share/GO2_ARM_description/urdf/materials.xacro
/home/edipo/ros2_tfm/install/GO2_ARM_description/share/GO2_ARM_description/urdf/GO2_ARM.trans
/home/edipo/ros2_tfm/install/GO2_ARM_description/share/GO2_ARM_description/urdf/GO2_ARM.xacro
/home/edipo/ros2_tfm/install/GO2_ARM_description/share/GO2_ARM_description/meshes/Wheel_v5_v4_9.stl
/home/edipo/ros2_tfm/install/GO2_ARM_description/share/GO2_ARM_description/meshes/pieza_perfil_v2_1.stl
/home/edipo/ros2_tfm/install/GO2_ARM_description/share/GO2_ARM_description/meshes/Support_large_v2_1.stl
/home/edipo/ros2_tfm/install/GO2_ARM_description/share/GO2_ARM_description/meshes/pieza_perfil_v2_4.stl
/home/edipo/ros2_tfm/install/GO2_ARM_description/share/GO2_ARM_description/meshes/Support_large_v2_9.stl
/home/edipo/ros2_tfm/install/GO2_ARM_description/share/GO2_ARM_description/meshes/pieza_perfil_v2_2.stl
/home/edipo/ros2_tfm/install/GO2_ARM_description/share/GO2_ARM_description/meshes/Wheel_v5_v4_17.stl
/home/edipo/ros2_tfm/install/GO2_ARM_description/share/GO2_ARM_description/meshes/Support_large_v2_8.stl
/home/edipo/ros2_tfm/install/GO2_ARM_description/share/GO2_ARM_description/meshes/Support_large_v7_v3_5.stl
/home/edipo/ros2_tfm/install/GO2_ARM_description/share/GO2_ARM_description/meshes/pieza_perfil_v2_5.stl
/home/edipo/ros2_tfm/install/GO2_ARM_description/share/GO2_ARM_description/meshes/Wheel_v5_v4_18.stl
/home/edipo/ros2_tfm/install/GO2_ARM_description/share/GO2_ARM_description/meshes/Wheel_v5_v4_10.stl
/home/edipo/ros2_tfm/install/GO2_ARM_description/share/GO2_ARM_description/meshes/Wheel_v5_v4_15.stl
/home/edipo/ros2_tfm/install/GO2_ARM_description/share/GO2_ARM_description/meshes/Support_large_v7_v3_6.stl
/home/edipo/ros2_tfm/install/GO2_ARM_description/share/GO2_ARM_description/meshes/Soporte_motor_v2_1.stl
/home/edipo/ros2_tfm/install/GO2_ARM_description/share/GO2_ARM_description/meshes/pieza_perfil_v2_3.stl
/home/edipo/ros2_tfm/install/GO2_ARM_description/share/GO2_ARM_description/meshes/Wheel_v5_v4_2.stl
/home/edipo/ros2_tfm/install/GO2_ARM_description/share/GO2_ARM_description/meshes/Claw_p2_v2_1.stl
/home/edipo/ros2_tfm/install/GO2_ARM_description/share/GO2_ARM_description/meshes/Motor_rds_v4_5.stl
/home/edipo/ros2_tfm/install/GO2_ARM_description/share/GO2_ARM_description/meshes/pieza_perfil_v2_6.stl
/home/edipo/ros2_tfm/install/GO2_ARM_description/share/GO2_ARM_description/meshes/Claw_base2_v3_1.stl
/home/edipo/ros2_tfm/install/GO2_ARM_description/share/GO2_ARM_description/meshes/Motor_rds_v4_1.stl
/home/edipo/ros2_tfm/install/GO2_ARM_description/share/GO2_ARM_description/meshes/Wheel_v5_v4_16.stl
/home/edipo/ros2_tfm/install/GO2_ARM_description/share/GO2_ARM_description/meshes/Support_large_v7_v3_1.stl
/home/edipo/ros2_tfm/install/GO2_ARM_description/share/GO2_ARM_description/meshes/arm_250_v1_1.stl
/home/edipo/ros2_tfm/install/GO2_ARM_description/share/GO2_ARM_description/meshes/base_link.stl
/home/edipo/ros2_tfm/install/GO2_ARM_description/share/GO2_ARM_description/meshes/Pieza_rotational_v2_1.stl
/home/edipo/ros2_tfm/install/GO2_ARM_description/share/GO2_ARM_description/meshes/Wheel_v5_v4_19.stl
/home/edipo/ros2_tfm/install/GO2_ARM_description/share/GO2_ARM_description/meshes/Motor_rds_v4_6.stl
/home/edipo/ros2_tfm/install/GO2_ARM_description/share/GO2_ARM_description/meshes/Clamp_base_v1_1.stl
/home/edipo/ros2_tfm/install/GO2_ARM_description/share/GO2_ARM_description/meshes/Wheel_v5_v4_1.stl
/home/edipo/ros2_tfm/install/GO2_ARM_description/share/GO2_ARM_description/meshes/Motor_rds_v4_7.stl
/home/edipo/ros2_tfm/install/GO2_ARM_description/share/GO2_ARM_description/meshes/arm_300_v1_1.stl
/home/edipo/ros2_tfm/install/GO2_ARM_description/share/GO2_ARM_description/meshes/Support_large_v7_v3_7.stl
/home/edipo/ros2_tfm/install/GO2_ARM_description/share/GO2_ARM_description/meshes/Claw_finger2_v2_1.stl
/home/edipo/ros2_tfm/install/GO2_ARM_description/share/GO2_ARM_description/meshes/Support_large_v2_5.stl
/home/edipo/ros2_tfm/install/GO2_ARM_description/share/GO2_ARM_description/config/display.rviz
/home/edipo/ros2_tfm/install/GO2_ARM_description/lib/python3.10/site-packages/GO2_ARM_description-0.0.0-py3.10.egg-info/zip-safe
/home/edipo/ros2_tfm/install/GO2_ARM_description/lib/python3.10/site-packages/GO2_ARM_description-0.0.0-py3.10.egg-info/top_level.txt
/home/edipo/ros2_tfm/install/GO2_ARM_description/lib/python3.10/site-packages/GO2_ARM_description-0.0.0-py3.10.egg-info/SOURCES.txt
/home/edipo/ros2_tfm/install/GO2_ARM_description/lib/python3.10/site-packages/GO2_ARM_description-0.0.0-py3.10.egg-info/requires.txt
/home/edipo/ros2_tfm/install/GO2_ARM_description/lib/python3.10/site-packages/GO2_ARM_description-0.0.0-py3.10.egg-info/PKG-INFO
/home/edipo/ros2_tfm/install/GO2_ARM_description/lib/python3.10/site-packages/GO2_ARM_description-0.0.0-py3.10.egg-info/entry_points.txt
/home/edipo/ros2_tfm/install/GO2_ARM_description/lib/python3.10/site-packages/GO2_ARM_description-0.0.0-py3.10.egg-info/dependency_links.txt
