[0.141s] Invoking command in '/home/edipo/ros2_tfm/build/turtlebot3_fake_node': CMAKE_PREFIX_PATH=/opt/ros/humble /usr/bin/cmake /home/edipo/ros2_tfm/src/turtlebot3_simulations/turtlebot3_fake_node -DCMAKE_INSTALL_PREFIX=/home/edipo/ros2_tfm/install/turtlebot3_fake_node
[0.585s] -- The C compiler identification is GNU 11.4.0
[0.586s] -- The CXX compiler identification is GNU 11.4.0
[0.586s] -- Detecting C compiler ABI info
[0.586s] -- Detecting C compiler ABI info - done
[0.586s] -- Check for working C compiler: /usr/bin/cc - skipped
[0.586s] -- Detecting C compile features
[0.586s] -- Detecting C compile features - done
[0.586s] -- Detecting CXX compiler ABI info
[0.586s] -- Detecting CXX compiler ABI info - done
[0.586s] -- Check for working CXX compiler: /usr/bin/c++ - skipped
[0.586s] -- Detecting CXX compile features
[0.586s] -- Detecting CXX compile features - done
[0.586s] -- Found ament_cmake: 1.3.7 (/opt/ros/humble/share/ament_cmake/cmake)
[0.587s] -- Found Python3: /usr/bin/python3.10 (found version "3.10.12") found components: Interpreter 
[0.587s] -- Found geometry_msgs: 4.2.3 (/opt/ros/humble/share/geometry_msgs/cmake)
[0.596s] -- Found rosidl_generator_c: 3.1.5 (/opt/ros/humble/share/rosidl_generator_c/cmake)
[0.599s] -- Found rosidl_adapter: 3.1.5 (/opt/ros/humble/share/rosidl_adapter/cmake)
[0.606s] -- Found rosidl_generator_cpp: 3.1.5 (/opt/ros/humble/share/rosidl_generator_cpp/cmake)
[0.617s] -- Using all available rosidl_typesupport_c: rosidl_typesupport_fastrtps_c;rosidl_typesupport_introspection_c
[0.631s] -- Using all available rosidl_typesupport_cpp: rosidl_typesupport_fastrtps_cpp;rosidl_typesupport_introspection_cpp
[0.734s] -- Found nav_msgs: 4.2.3 (/opt/ros/humble/share/nav_msgs/cmake)
[0.806s] -- Found rclcpp: 16.0.8 (/opt/ros/humble/share/rclcpp/cmake)
[0.895s] -- Found rmw_implementation_cmake: 6.1.1 (/opt/ros/humble/share/rmw_implementation_cmake/cmake)
[0.898s] -- Found rmw_fastrtps_cpp: 6.2.6 (/opt/ros/humble/share/rmw_fastrtps_cpp/cmake)
[1.022s] -- Found OpenSSL: /usr/lib/x86_64-linux-gnu/libcrypto.so (found version "3.0.2")  
[1.060s] -- Found FastRTPS: /opt/ros/humble/include  
[1.125s] -- Using RMW implementation 'rmw_fastrtps_cpp' as default
[1.139s] -- Looking for pthread.h
[1.214s] -- Looking for pthread.h - found
[1.214s] -- Performing Test CMAKE_HAVE_LIBC_PTHREAD
[1.282s] -- Performing Test CMAKE_HAVE_LIBC_PTHREAD - Success
[1.283s] -- Found Threads: TRUE  
[1.471s] -- Found sensor_msgs: 4.2.3 (/opt/ros/humble/share/sensor_msgs/cmake)
[1.537s] -- Found tf2: 0.25.5 (/opt/ros/humble/share/tf2/cmake)
[1.547s] -- Found tf2_msgs: 0.25.5 (/opt/ros/humble/share/tf2_msgs/cmake)
[1.748s] -- Found turtlebot3_msgs: 2.2.3 (/opt/ros/humble/share/turtlebot3_msgs/cmake)
[1.922s] -- Configuring done
[1.933s] -- Generating done
[1.934s] -- Build files have been written to: /home/edipo/ros2_tfm/build/turtlebot3_fake_node
[1.944s] Invoked command in '/home/edipo/ros2_tfm/build/turtlebot3_fake_node' returned '0': CMAKE_PREFIX_PATH=/opt/ros/humble /usr/bin/cmake /home/edipo/ros2_tfm/src/turtlebot3_simulations/turtlebot3_fake_node -DCMAKE_INSTALL_PREFIX=/home/edipo/ros2_tfm/install/turtlebot3_fake_node
[1.945s] Invoking command in '/home/edipo/ros2_tfm/build/turtlebot3_fake_node': CMAKE_PREFIX_PATH=/opt/ros/humble /usr/bin/cmake --build /home/edipo/ros2_tfm/build/turtlebot3_fake_node -- -j12 -l12
[2.012s] [ 50%] [32mBuilding CXX object CMakeFiles/turtlebot3_fake_node.dir/src/turtlebot3_fake_node.cpp.o[0m
[10.753s] [100%] [32m[1mLinking CXX executable turtlebot3_fake_node[0m
[11.441s] [100%] Built target turtlebot3_fake_node
[11.465s] Invoked command in '/home/edipo/ros2_tfm/build/turtlebot3_fake_node' returned '0': CMAKE_PREFIX_PATH=/opt/ros/humble /usr/bin/cmake --build /home/edipo/ros2_tfm/build/turtlebot3_fake_node -- -j12 -l12
[11.498s] Invoking command in '/home/edipo/ros2_tfm/build/turtlebot3_fake_node': CMAKE_PREFIX_PATH=/opt/ros/humble /usr/bin/cmake --install /home/edipo/ros2_tfm/build/turtlebot3_fake_node
[11.508s] -- Install configuration: ""
[11.508s] -- Installing: /home/edipo/ros2_tfm/install/turtlebot3_fake_node/lib/turtlebot3_fake_node/turtlebot3_fake_node
[11.516s] -- Set runtime path of "/home/edipo/ros2_tfm/install/turtlebot3_fake_node/lib/turtlebot3_fake_node/turtlebot3_fake_node" to ""
[11.516s] -- Installing: /home/edipo/ros2_tfm/install/turtlebot3_fake_node/share/turtlebot3_fake_node/launch
[11.516s] -- Installing: /home/edipo/ros2_tfm/install/turtlebot3_fake_node/share/turtlebot3_fake_node/launch/turtlebot3_fake_node.launch.py
[11.517s] -- Installing: /home/edipo/ros2_tfm/install/turtlebot3_fake_node/share/turtlebot3_fake_node/launch/rviz2.launch.py
[11.517s] -- Installing: /home/edipo/ros2_tfm/install/turtlebot3_fake_node/share/turtlebot3_fake_node/param
[11.517s] -- Installing: /home/edipo/ros2_tfm/install/turtlebot3_fake_node/share/turtlebot3_fake_node/param/burger.yaml
[11.517s] -- Installing: /home/edipo/ros2_tfm/install/turtlebot3_fake_node/share/turtlebot3_fake_node/param/waffle.yaml
[11.517s] -- Installing: /home/edipo/ros2_tfm/install/turtlebot3_fake_node/share/turtlebot3_fake_node/param/waffle_pi.yaml
[11.518s] -- Installing: /home/edipo/ros2_tfm/install/turtlebot3_fake_node/include/
[11.518s] -- Installing: /home/edipo/ros2_tfm/install/turtlebot3_fake_node/include//turtlebot3_fake_node
[11.518s] -- Installing: /home/edipo/ros2_tfm/install/turtlebot3_fake_node/include//turtlebot3_fake_node/turtlebot3_fake_node.hpp
[11.518s] -- Installing: /home/edipo/ros2_tfm/install/turtlebot3_fake_node/share/ament_index/resource_index/package_run_dependencies/turtlebot3_fake_node
[11.519s] -- Installing: /home/edipo/ros2_tfm/install/turtlebot3_fake_node/share/ament_index/resource_index/parent_prefix_path/turtlebot3_fake_node
[11.519s] -- Installing: /home/edipo/ros2_tfm/install/turtlebot3_fake_node/share/turtlebot3_fake_node/environment/ament_prefix_path.sh
[11.519s] -- Installing: /home/edipo/ros2_tfm/install/turtlebot3_fake_node/share/turtlebot3_fake_node/environment/ament_prefix_path.dsv
[11.520s] -- Installing: /home/edipo/ros2_tfm/install/turtlebot3_fake_node/share/turtlebot3_fake_node/environment/path.sh
[11.520s] -- Installing: /home/edipo/ros2_tfm/install/turtlebot3_fake_node/share/turtlebot3_fake_node/environment/path.dsv
[11.520s] -- Installing: /home/edipo/ros2_tfm/install/turtlebot3_fake_node/share/turtlebot3_fake_node/local_setup.bash
[11.520s] -- Installing: /home/edipo/ros2_tfm/install/turtlebot3_fake_node/share/turtlebot3_fake_node/local_setup.sh
[11.521s] -- Installing: /home/edipo/ros2_tfm/install/turtlebot3_fake_node/share/turtlebot3_fake_node/local_setup.zsh
[11.521s] -- Installing: /home/edipo/ros2_tfm/install/turtlebot3_fake_node/share/turtlebot3_fake_node/local_setup.dsv
[11.521s] -- Installing: /home/edipo/ros2_tfm/install/turtlebot3_fake_node/share/turtlebot3_fake_node/package.dsv
[11.522s] -- Installing: /home/edipo/ros2_tfm/install/turtlebot3_fake_node/share/ament_index/resource_index/packages/turtlebot3_fake_node
[11.522s] -- Installing: /home/edipo/ros2_tfm/install/turtlebot3_fake_node/share/turtlebot3_fake_node/cmake/ament_cmake_export_include_directories-extras.cmake
[11.522s] -- Installing: /home/edipo/ros2_tfm/install/turtlebot3_fake_node/share/turtlebot3_fake_node/cmake/ament_cmake_export_dependencies-extras.cmake
[11.522s] -- Installing: /home/edipo/ros2_tfm/install/turtlebot3_fake_node/share/turtlebot3_fake_node/cmake/turtlebot3_fake_nodeConfig.cmake
[11.523s] -- Installing: /home/edipo/ros2_tfm/install/turtlebot3_fake_node/share/turtlebot3_fake_node/cmake/turtlebot3_fake_nodeConfig-version.cmake
[11.523s] -- Installing: /home/edipo/ros2_tfm/install/turtlebot3_fake_node/share/turtlebot3_fake_node/package.xml
[11.527s] Invoked command in '/home/edipo/ros2_tfm/build/turtlebot3_fake_node' returned '0': CMAKE_PREFIX_PATH=/opt/ros/humble /usr/bin/cmake --install /home/edipo/ros2_tfm/build/turtlebot3_fake_node
